<?xml version="1.0" encoding="UTF-8"?>
<testsuite xmlns:xsi="http://www.w3.org/2001/XMLSchema-instance" xsi:noNamespaceSchemaLocation="https://maven.apache.org/surefire/maven-surefire-plugin/xsd/surefire-test-report.xsd" name="com.uwetrottmann.tmdb2.services.TvServiceTest" time="4.394" tests="18" errors="0" skipped="0" failures="2">
  <properties>
[...]
</properties>
  <testcase name="test_popular" classname="com.uwetrottmann.tmdb2.services.TvServiceTest" time="0.108"/>
  <testcase name="test_airingToday" classname="com.uwetrottmann.tmdb2.services.TvServiceTest" time="0.119"/>
  <testcase name="test_externalIds" classname="com.uwetrottmann.tmdb2.services.TvServiceTest" time="0.031"/>
  <testcase name="test_keywords" classname="com.uwetrottmann.tmdb2.services.TvServiceTest" time="0.096"/>
  <testcase name="test_changes" classname="com.uwetrottmann.tmdb2.services.TvServiceTest" time="0.167"/>
  <testcase name="test_images" classname="com.uwetrottmann.tmdb2.services.TvServiceTest" time="0.248"/>
  <testcase name="test_latest" classname="com.uwetrottmann.tmdb2.services.TvServiceTest" time="0.206"/>
  <testcase name="test_credits" classname="com.uwetrottmann.tmdb2.services.TvServiceTest" time="0.202"/>
  <testcase name="test_tvShow" classname="com.uwetrottmann.tmdb2.services.TvServiceTest" time="0.39">
    <failure message="&#10;Expecting actual not to be null" type="java.lang.AssertionError">java.lang.AssertionError: 

Expecting actual not to be null
	at com.uwetrottmann.tmdb2.services.TvServiceTest.test_tvShow(TvServiceTest.java:50)
</failure>
    <system-out><![CDATA[--> GET https://api.themoviedb.org/3/tv/456?language=en&api_key=25da90e9f8f0b3892d8bdeb6c3d6267d h2
Host: api.themoviedb.org
Connection: Keep-Alive
Accept-Encoding: gzip
User-Agent: okhttp/3.12.0
--> END GET
<-- 200 https://api.themoviedb.org/3/tv/456?language=en&api_key=25da90e9f8f0b3892d8bdeb6c3d6267d (171ms)
content-type: application/json;charset=utf-8
date: Mon, 27 Jul 2020 01:35:38 GMT
server: openresty
access-control-allow-origin: *
access-control-allow-methods: GET, HEAD, POST, PUT, DELETE, OPTIONS
access-control-expose-headers: ETag, X-RateLimit-Limit, X-RateLimit-Remaining, X-RateLimit-Reset, Retry-After, Content-Length, Content-Range
cache-control: public, max-age=3600
x-memc: HIT
x-memc-key: d391e9bdd381f9f0679bbfc749059ac8
x-memc-age: 985
x-memc-expires: 2615
etag: W/"8a60dabb738082df92332cb4e6a348a6"
last-modified: Mon, 27 Jul 2020 01:35:38 GMT
content-encoding: gzip
vary: Accept-Encoding
x-cache: Miss from cloudfront
via: 1.1 c26b8e74df43cd99786e716221463d0c.cloudfront.net (CloudFront)
x-amz-cf-pop: FRA6-C1
x-amz-cf-id: 1thaP6j6scaoKgm_QvFaW0GKdQGyFp6xuIBNM1p_sKeaSDpI-94rng==

{"backdrop_path":"/adZ9ldSlkGfLfsHNbh37ZThCcgU.jpg","created_by":[{"id":5741,"credit_id":"5256bdc619c2956ff6001be4","name":"Matt Groening","gender":2,"profile_path":"/2HmAw3AN93DGESPi3ibLZgBa8cT.jpg"}],"episode_run_time":[22],"first_air_date":"1989-12-16","genres":[{"id":16,"name":"Animation"},{"id":35,"name":"Comedy"}],"homepage":"http://www.thesimpsons.com/","id":456,"in_production":true,"languages":["en"],"last_air_date":"2020-05-17","last_episode_to_air":{"air_date":"2020-05-17","episode_number":22,"id":2234008,"name":"The Way of the Dog","overview":"Santa's Little Helper nips at Marge, causing the family to reflect on the difficult life that the dog led prior to being adopted by the family. They end up reuniting him with his mother to avoid having to euthanize him.","production_code":"","season_number":31,"show_id":456,"still_path":"/bmknnWqNC4NqqK2jUvjV4w8x4dg.jpg","vote_average":0.0,"vote_count":0},"name":"The Simpsons","next_episode_to_air":{"air_date":"2020-09-27","episode_number":1,"id":2354524,"name":"Episode 1","overview":"","production_code":"","season_number":32,"show_id":456,"still_path":null,"vote_average":0.0,"vote_count":0},"networks":[{"name":"FOX","id":19,"logo_path":"/1DSpHrWyOORkL9N2QHX7Adt31mQ.png","origin_country":"US"}],"number_of_episodes":685,"number_of_seasons":32,"origin_country":["US"],"original_language":"en","original_name":"The Simpsons","overview":"Set in Springfield, the average American town, the show focuses on the antics and everyday adventures of the Simpson family; Homer, Marge, Bart, Lisa and Maggie, as well as a virtual cast of thousands. Since the beginning, the series has been a pop culture icon, attracting hundreds of celebrities to guest star. The show has also made name for itself in its fearless satirical take on politics, media and American life in general.","popularity":109.196,"poster_path":"/qcr9bBY6MVeLzriKCmJOv1562uY.jpg","production_companies":[{"id":29500,"logo_path":"/a3ltwX7b1opYeG7MxaxxswDmkeg.png","name":"The Curiosity Company","origin_country":"US"},{"id":18,"logo_path":"/uqhagSwM7NAkQWVCQhKTyoqF8XH.png","name":"Gracie Films","origin_country":"US"},{"id":1556,"logo_path":"/31h94rG9hzjprXoYNy3L1ErUya2.png","name":"20th Century Fox Television","origin_country":"US"}],"seasons":[{"air_date":"1987-04-19","episode_count":63,"id":3581,"name":"Specials","overview":"","poster_path":"/lzN0CllVFXtGtSl15r59Kb52DdT.jpg","season_number":0},{"air_date":"1989-12-17","episode_count":13,"id":3582,"name":"Season 1","overview":"The Simpsons' first season originally aired between December 17, 1989 and May 13, 1990, beginning with the Christmas special \"Simpsons Roasting on an Open Fire\". The executive producers for the first production season were Matt Groening, James L. Brooks, and Sam Simon.\n\nThe series was originally set to debut in late 1989 with the episode \"Some Enchanted Evening\", which was meant to introduce the main characters; during the first screening of the episode, the producers discovered that the animation was so appalling that 70% of the episode needed to be redone. The producers considered aborting the series if the next episode turned out as bad, but it only suffered from easily fixable problems. The producers convinced Fox to move the debut to December 17, and aired \"Simpsons Roasting on an Open Fire\" as the first episode of the series. The first season won one Emmy Award, and received four additional nominations.\n\nThe DVD boxset was released on September 25, 2001 in Region 1 and September 24, 2001 in both Region 2 and Region 4. Season one was also released for the iTunes Store on December 22, 2010, dubbed a \"digital edition.\"","poster_path":"/u3U4aGwSTpvbULPHTsm7XhadynO.jpg","season_number":1},{"air_date":"1990-10-11","episode_count":22,"id":3583,"name":"Season 2","overview":"The Simpsons' second season originally aired between October 11, 1990 and May 9, 1991, and contained 22 episodes, beginning with \"Bart Gets an F\". Another episode, \"Blood Feud\" aired during the summer after the official season finale. The executive producers for the second production season were Matt Groening, James L. Brooks, and Sam Simon, who had also been EPs for the previous season. The DVD box set was released on August 6, 2002 in Region 1, July 8, 2002 in Region 2 and in September, 2002 in Region 4. The episode \"Homer vs. Lisa and the 8th Commandment\" won the Primetime Emmy Award for Outstanding Animated Program, and was also nominated in the \"Outstanding Sound Mixing for a Comedy Series or a Special\" category.","poster_path":"/78320WYaATUuEESTvO4x0mBdndA.jpg","season_number":2},{"air_date":"1991-09-18","episode_count":24,"id":3584,"name":"Season 3","overview":"The Simpsons' third season originally aired on the Fox network between September 19, 1991 and May 7, 1992. The showrunners for the third production season were Al Jean and Mike Reiss who executive produced 22 episodes for the season, while two other episodes were produced by James L. Brooks, Matt Groening, and Sam Simon. An additional episode, \"Brother, Can You Spare Two Dimes?\", aired on August 27, 1992 after the official end of the third season and is included on the Season 3 DVD set. Season three won six Primetime Emmy Awards for \"Outstanding Voice-Over Performance\" and also received a nomination for \"Outstanding Animated Program\" for the episode \"Radio Bart\". The complete season was released on DVD in Region 1 on August 26, 2003, Region 2 on October 6, 2003, and in Region 4 on October 22, 2003.","poster_path":"/sEmfyUy9mts03y6KoI782gi2fVd.jpg","season_number":3},{"air_date":"1992-09-23","episode_count":22,"id":3585,"name":"Season 4","overview":"The Simpsons' fourth season originally aired on the Fox network between September 24, 1992 and May 13, 1993, beginning with \"Kamp Krusty.\" The showrunners for the fourth production season were Al Jean and Mike Reiss. The aired season contained two episodes which were hold-over episodes from season three, which Jean and Reiss also ran. Following the end of the production of the season, Jean, Reiss and most of the original writing staff left the show. The season was nominated for two Primetime Emmy Awards and Dan Castellaneta would win one for his performance as Homer in \"Mr. Plow\". The fourth season was released on DVD in Region 1 on June 15, 2004, Region 2 on August 2, 2004 and in Region 4 on August 25, 2004.","poster_path":"/eraNNGEdCn29cTyzjwfBgBdTetF.jpg","season_number":4},{"air_date":"1993-09-29","episode_count":22,"id":3586,"name":"Season 5","overview":"The Simpsons' fifth season originally aired on the Fox network between September 30, 1993 and May 19, 1994. The showrunner for the fifth production season was David Mirkin who executive produced 20 episodes. Al Jean and Mike Reiss executive produced the remaining two, which were both hold overs that were produced for the previous season. The season contains some of the series' most acclaimed episodes, including \"Cape Feare\" and \"Rosebud\". It also includes the 100th episode, \"Sweet Seymour Skinner's Baadasssss Song\". The season was nominated for two Primetime Emmy Awards and won an Annie Award for Best Animated Television Program as well as an Environmental Media Award and a Genesis Award. The DVD box set was released in Region 1 on December 21, 2004, Region 2 on March 21, 2005, and Region 4 on March 23, 2005.","poster_path":"/sTIcXTOctWM3YxEfj1MtViW2E11.jpg","season_number":5},{"air_date":"1994-09-04","episode_count":25,"id":3587,"name":"Season 6","overview":"The Simpsons' sixth season originally aired on the Fox network between September 4, 1994, and May 21, 1995, and consists of 25 episodes. The Simpsons is an animated series about a working class family, which consists of Homer, Marge, Bart, Lisa, and Maggie. The show is set in the fictional city of Springfield, and lampoons American culture, society, television and many aspects of the human condition.\n\nThe showrunner for the sixth production season was David Mirkin who executive-produced 23 episodes. Former showrunners Al Jean and Mike Reiss produced the remaining two; they produced the two episodes with the staff of The Critic, the show they left The Simpsons to create. This was done in order to relieve some of the stress The Simpsons' writing staff endured, as they felt that producing 25 in one season was too much. The episode \"A Star Is Burns\" caused some controversy among the staff with Matt Groening removing his name from the episode's credits as he saw it as blatant advertising for The Critic, which was airing at the time. Fox moved The Simpsons back to its original Sunday night time, having aired on Thursdays for the previous four seasons. It has remained in this slot ever since. The sixth season won one Primetime Emmy Award, and received three additional nominations. It also won the Annie Award for Best Animated Television Production.","poster_path":"/dJS8Xpp14LHHxuF22Vcm5XDm1wE.jpg","season_number":6},{"air_date":"1995-09-17","episode_count":25,"id":3588,"name":"Season 7","overview":"The Simpsons' seventh season originally aired on the Fox network between September 17, 1995 and May 19, 1996. The show runners for the seventh production season were Bill Oakley and Josh Weinstein who would executive produce 21 episodes this season. David Mirkin executive produced the remaining four, including two hold overs that were produced for the previous season. The season was nominated for two Primetime Emmy Awards, including Outstanding Animated Program and won an Annie Award for Best Animated Television Program. The DVD box set was released in Region 1 December 13, 2005, Region 2 January 30, 2006 and Region 4 on March 22, 2006. The set was released in two different forms: a Marge-shaped box and also a standard rectangular-shaped box in which the theme is a movie premiere.","poster_path":"/wzCXbdklRedEihsCVASmeDs49ml.jpg","season_number":7},{"air_date":"1996-10-27","episode_count":25,"id":3589,"name":"Season 8","overview":"The Simpsons' eighth season originally aired between October 27, 1996 and May 18, 1997, beginning with \"Treehouse of Horror VII\". The showrunners for the eighth production season were Bill Oakley and Josh Weinstein. The aired season contained two episodes which were hold-over episodes from season seven, which Oakley and Weinstein also ran. It also contained two episodes for which Al Jean and Mike Reiss were the show runners.\n\nSeason eight won multiple awards, including two Emmy Awards: \"Homer's Phobia\" won for Outstanding Animated Program in 1997, and Alf Clausen and Ken Keeler won for \"Outstanding Individual Achievement in Music and Lyrics\" with the song \"We Put The Spring In Springfield\" from the episode \"Bart After Dark\". Clausen also received an Emmy nomination for \"Outstanding Music Direction\" for \"Simpsoncalifragilisticexpialacious\". \"Brother from Another Series\" was nominated for the Emmy for \"Sound Mixing For a Comedy Series or a Special\". For \"Homer's Phobia\", Mike Anderson won the Annie Award for Best Individual Achievement: Directing in a TV Production, and the WAC Winner Best Director for Primetime Series at the 1998 World Animation Celebration. Gay \u0026 Lesbian Alliance Against Defamation awarded the episode the GLAAD Media Award for \"Outstanding TV – Individual Episode\".","poster_path":"/fOygI0yr07mjlqqVNvWLI1tYXoW.jpg","season_number":8},{"air_date":"1997-09-21","episode_count":25,"id":3590,"name":"Season 9","overview":"The Simpsons' ninth season originally aired between September 1997 and May 1998, beginning on Sunday, September 21, 1997 with \"The City of New York vs. Homer Simpson\". The showrunner for the ninth production season was Mike Scully. The aired season contained three episodes which were hold-over episodes from season eight, which Bill Oakley and Josh Weinstein ran. It also contained two episodes which were run by David Mirkin, and another two hold-over episodes from season seven which were run by Al Jean and Mike Reiss.\n\nSeason nine won three Emmy Awards: \"Trash of the Titans\" for Primetime Emmy Award for Outstanding Animated Program in 1998, Hank Azaria picked up \"Outstanding Voice-Over Performance\" for the voice of Apu Nahasapeemapetilon, and Alf Clausen and Ken Keeler picking up the \"Outstanding Music and Lyrics\" award. Clausen was also nominated for \"Outstanding Music Direction\" and \"Outstanding Music Composition for a Series\" for \"Treehouse of Horror VIII\". Season nine was also nominated for a \"Best Network Television Series\" award by the Saturn Awards and \"Best Sound Editing\" for a Golden Reel Award.","poster_path":"/cjZ0HnuMVi8SOTA0L2JnHbFZKms.jpg","season_number":9},{"air_date":"1998-08-23","episode_count":23,"id":3591,"name":"Season 10","overview":"The tenth season of the animated television series The Simpsons was originally broadcast on the Fox network in the United States between August 23, 1998 and May 16, 1999. It contains twenty-three episodes, starting with \"Lard of the Dance\". The Simpsons is a satire of a middle class American lifestyle epitomized by its family of the same name, which consists of Homer, Marge, Bart, Lisa and Maggie. Set in the fictional city of Springfield, the show lampoons American culture, society, television, and many aspects of the human condition.\n\nThe showrunner for the tenth season was Mike Scully. Before production began, a salary dispute between the main cast members of The Simpsons and Fox arose. However, it was soon settled and the actors' salaries were raised to $125,000 per episode. In addition to the large Simpsons cast, many guest stars appeared in season ten, including Phil Hartman in his last appearance before his death.\n\nThe season, which won the Annie Award for \"Outstanding Achievement in an Animated Television Program\", has been cited by several critics as the beginning of the series' decline in quality. It ranked twenty-fifth in the season ratings with an average of 13.5 million viewers per episode. The tenth season DVD boxset was released in the United States and Canada on August 7, 2007. It is available in two different packagings, both featuring Bart.","poster_path":"/t4wiOGBgoSRgofYxQvRL5WZe6Aj.jpg","season_number":10},{"air_date":"1999-09-26","episode_count":22,"id":3592,"name":"Season 11","overview":"The Simpsons' 11th season originally aired between September 1999 and May 2000, beginning on Sunday, September 26, 1999, with \"Beyond Blunderdome\". The showrunner for the 11th production season was Mike Scully. The season contained four hold-over episodes from the season 10 production line.","poster_path":"/4Rq5t85B4bt8TYvmhCVhDmk7qMN.jpg","season_number":11},{"air_date":"2000-11-01","episode_count":21,"id":3593,"name":"Season 12","overview":"The Simpsons' 12th season began on Wednesday, November 1, 2000 with \"Treehouse of Horror XI\". The season contains three hold over episodes from the season 11 production line. The show runner for the twelfth production was Mike Scully. The season features three episodes that were produced for the eleventh season which was also run by Scully. The season won and was nominated for numerous awards including two Primetime Emmy Awards wins and an Annie Award.","poster_path":"/oHBBoAlXX32ROwWCQ0SJrzORCAE.jpg","season_number":12},{"air_date":"2001-11-06","episode_count":22,"id":3594,"name":"Season 13","overview":"The Simpsons' thirteenth season originally aired on the Fox network between November 6, 2001 and May 22, 2002 and consists of 22 episodes. The show runner for the thirteenth production season was Al Jean who executive-produced 17 episodes. Mike Scully executive-produced the remaining five, which were all hold-overs that were produced for the previous season. The Simpsons is an animated series about a working-class family, which consists of Homer, Marge, Bart, Lisa, and Maggie. The show is set in the fictional city of Springfield, and lampoons American culture, society, television and many aspects of the human condition.\n\nThe season won an Annie Award for Best Animated Television Production, and was nominated for several other awards, including two Primetime Emmy Awards, three Writers Guild of America Awards, and an Environmental Media Award. The Simpsons ranked 30th in the season ratings with an average viewership of 12.4 million viewers. It was the second highest rated show on Fox after Malcolm in the Middle. The DVD boxset was released in the United States and Canada on August 24, 2010, eight years after it had completed broadcast on television.","poster_path":"/wQTdRc2sWgAKFHS1BTHdIzVRmwU.jpg","season_number":13},{"air_date":"2002-11-03","episode_count":22,"id":3595,"name":"Season 14","overview":"The fourteenth season of the animated television series The Simpsons was originally broadcast on the Fox network in the United States between November 3, 2002 and May 18, 2003. The show runner for the fourteenth production season was Al Jean, who executive produced 21 of 22 episodes. The other episode, \"How I Spent My Strummer Vacation\", was run by Mike Scully. The season contains five hold-overs from the previous season's production run. The fourteenth season won two Primetime Emmy Awards, including Outstanding Animated Program, four Annie Awards and a Writers Guild of America Award. On December 6, 2011, it was released on DVD and Blu-ray in North America.","poster_path":"/mgGrn5FiofW2bqpJC9PPcwEc84p.jpg","season_number":14},{"air_date":"2003-11-02","episode_count":22,"id":3596,"name":"Season 15","overview":"The Simpsons' 15th season began on Sunday, November 2, 2003, with \"Treehouse of Horror XIV\". The season contains five hold-over episodes from the season 14 production line. The most watched episode had 16.2 million viewers and the least watched had 6.2 million viewers.","poster_path":"/gSgRvuqI4cWOLONTBl6qW2y2Cih.jpg","season_number":15},{"air_date":"2004-11-07","episode_count":21,"id":3597,"name":"Season 16","overview":"The Simpsons' 16th season began on Sunday, November 7, 2004 and contained 21 episodes, beginning with Treehouse of Horror XV. The season contains six hold-over episodes from the season 15 production line.","poster_path":"/rdsBcs6VPJHnQgeLg8YinKyvnjO.jpg","season_number":16},{"air_date":"2005-09-11","episode_count":22,"id":3598,"name":"Season 17","overview":"The Simpsons' seventeenth season originally aired between September 2005 and May 2006, beginning on Sunday, September 11, 2005. It broke Fox's tradition of pushing its shows' season premieres back to November to accommodate the Major League Baseball games airing on the network during September and October of each year.","poster_path":"/vfcmgPqoFmb0hOe6V0DI5qf3y83.jpg","season_number":17},{"air_date":"2006-09-10","episode_count":22,"id":3599,"name":"Season 18","overview":"The Simpsons' 18th season aired from September 10, 2006 to May 20, 2007. The season contained seven hold-over episodes from the season 17 production line. Al Jean served as the Showrunner, a position he has held since the thirteenth season.\n\nThe season finale, \"You Kent Always Say What You Want\", was the series' 400th episode. Additionally, the Simpsons franchise celebrated its 20th anniversary, as it has been on the air since April 1987, beginning with shorts on The Tracey Ullman Show.\n\nSeason 18 included guest appearances by Metallica, Tom Wolfe, Gore Vidal, Michael Chabon, Jonathan Franzen, Fran Drescher, The White Stripes, Kiefer Sutherland, Mary Lynn Rajskub, Richard Lewis, Phil McGraw, Elvis Stojko, Natalie Portman, Jon Lovitz, Betty White, Eric Idle, Sir Mix-a-Lot, Stephen Sondheim, Cristiano Ronaldo, Meg Ryan, Andy Dick, Peter Bogdanovich, James Patterson and others.","poster_path":"/sFG5v9zFZL0RKb1lStwwvgIc76a.jpg","season_number":18},{"air_date":"2007-09-23","episode_count":20,"id":3600,"name":"Season 19","overview":"The Simpsons' nineteenth season originally aired on the Fox network between September 23, 2007 and May 18, 2008.","poster_path":"/8SkD4jvPIPkugszVeWoAa0gLxW.jpg","season_number":19},{"air_date":"2008-09-28","episode_count":21,"id":3601,"name":"Season 20","overview":"The Simpsons' twentieth season aired on Fox from September 28, 2008 to May 17, 2009. With this season, the show tied Gunsmoke as the longest running American primetime television series in terms of total number of seasons. The season was released on BD January 12, 2010, making this the first season released on BD. It was released on DVD in Region 1 on January 12, 2010, and in Region 4 on January 20, 2010. The season was only released on DVD in Region 2 in a few areas.","poster_path":"/eAdllHJ9ZSN7vMjwzIbcVqMSV6t.jpg","season_number":20},{"air_date":"2009-09-27","episode_count":23,"id":3602,"name":"Season 21","overview":"The Simpsons' twenty-first season aired on Fox from September 27, 2009 to May 23, 2010. It was the first of two seasons that the show was renewed for by Fox, and also the first season of the show to air entirely in high definition.\n\nWith this season, The Simpsons established itself as the longest-running American primetime television series surpassing Gunsmoke.\n\nThe season received mainly positive reviews from critics, with many praising \"The Squirt and the Whale\", \"To Surveil with Love\" and \"The Bob Next Door\". The show moved up 16 positions in the Nielsen ratings from the previous season and received numerous award nominations, winning two - an Emmy Award for Anne Hathaway for her voicing in \"Once Upon a Time in Springfield\", and an Annie Award for \"Treehouse of Horror XX\".","poster_path":"/vT5OgXM5rMKzzF4rrSjFxI3USCg.jpg","season_number":21},{"air_date":"2010-09-26","episode_count":22,"id":3603,"name":"Season 22","overview":"The Simpsons' twenty-second season began airing on Fox on September 26, 2010 and ended on May 22, 2011. The Simpsons was renewed for at least two additional seasons during the twentieth season leading up to this season. The cast is currently signed through the 25th season. On November 11, 2010, the series was renewed for a 23rd season by Fox with 22 episodes.","poster_path":"/dfYWKwINJ5DaJHxdkHtaVJQfBZI.jpg","season_number":22},{"air_date":"2011-09-25","episode_count":22,"id":3604,"name":"Season 23","overview":"The Simpsons' twenty-third season began airing on Fox on September 25, 2011 and ended on May 20, 2012. The show's 500th episode, \"At Long Last Leave\", aired on February 19, 2012.","poster_path":"/leehbIbn1loBlEndV7WibzyRtuV.jpg","season_number":23},{"air_date":"2012-09-30","episode_count":22,"id":3605,"name":"Season 24","overview":"The Simpsons' twenty-fourth season began airing on Fox on September 30, 2012 and concluded on May 19, 2013.","poster_path":"/axPkSiHeVa9NO3tZktvrFDIQAQC.jpg","season_number":24},{"air_date":"2013-09-29","episode_count":22,"id":3606,"name":"Season 25","overview":"The Simpsons' twenty-fifth season began airing on Fox on September 29, 2013.\n\nIn this season, Homer sells his Mapple stock to buy a bowling ball, Marge blames herself and KISS for Bart's rebellious streak, Lisa becomes a cheerleader for Springfield's football team, and Homer delivers a baby. Guest stars for this season will include Christiane Amanpour, Will Arnett, Stan Lee, Rachel Maddow, Elisabeth Moss, Joe Namath, Gordon Ramsay, Aaron Sorkin, Eva Longoria, Daniel Radcliffe, Kristen Wiig, Billy West, Katey Sagal, John DiMaggio, Phil LaMarr, Zach Galifianakis, Harlan Ellison, Anderson Cooper, Maurice LaMarche, and Judd Apatow. This is Al Jean's 13th consecutive season as showrunner and 15th overall. Matt Groening, James L. Brooks, Matt Selman, and John Frink serve as executive producers.","poster_path":"/fJ9uH8sRykLxC2a5RUPmcP2JFEo.jpg","season_number":25},{"air_date":"2014-09-28","episode_count":22,"id":62103,"name":"Season 26","overview":"In this season, Homer and Bart attempt to solve some father/son conflicts, Marge opens a sandwich franchise, the Simpsons meet their former selves, Bart schemes to bring down his new fourth grade teacher, Homer has a mid-life crisis, and the cast of Futurama make an appearance in Springfield.","poster_path":"/nvEHDDK3dkOKwawXiUp9YIJkVZb.jpg","season_number":26},{"air_date":"2015-09-27","episode_count":22,"id":68067,"name":"Season 27","overview":"","poster_path":"/nA66JicHMj2BecHggMSvGkeEbN5.jpg","season_number":27},{"air_date":"2016-09-25","episode_count":22,"id":80361,"name":"Season 28","overview":"","poster_path":"/h65SjhdaQ100fXb1JA4EbIsLwgL.jpg","season_number":28},{"air_date":"2017-10-01","episode_count":21,"id":91255,"name":"Season 29","overview":"","poster_path":"/s1iNPNxaqdv7a9LoRWJ4Xrrb501.jpg","season_number":29},{"air_date":"2018-09-30","episode_count":23,"id":110088,"name":"Season 30","overview":"","poster_path":"/sj24nG5NSTiz8kR7YstmTR3h1AQ.jpg","season_number":30},{"air_date":"2019-09-29","episode_count":22,"id":131143,"name":"Season 31","overview":"","poster_path":"/tAqaCYauV6TGaU4Q9ALipgFl20V.jpg","season_number":31},{"air_date":"2020-09-27","episode_count":1,"id":156684,"name":"Season 32","overview":"","poster_path":null,"season_number":32}],"status":"Returning Series","type":"Scripted","vote_average":7.6,"vote_count":4089}
<-- END HTTP (25134-byte, 8572-gzipped-byte body)
]]></system-out>
  </testcase>
  <testcase name="test_videos" classname="com.uwetrottmann.tmdb2.services.TvServiceTest" time="0.007"/>
  <testcase name="test_content_ratings" classname="com.uwetrottmann.tmdb2.services.TvServiceTest" time="0.131"/>
  <testcase name="test_onTheAir" classname="com.uwetrottmann.tmdb2.services.TvServiceTest" time="0.276"/>
  <testcase name="test_similar" classname="com.uwetrottmann.tmdb2.services.TvServiceTest" time="0.165"/>
  <testcase name="test_alternative_titles" classname="com.uwetrottmann.tmdb2.services.TvServiceTest" time="0.077"/>
  <testcase name="test_recommendations" classname="com.uwetrottmann.tmdb2.services.TvServiceTest" time="0.245"/>
  <testcase name="test_tvShow_with_append_to_response" classname="com.uwetrottmann.tmdb2.services.TvServiceTest" time="1.196">
    <failure message="&#10;Expecting actual not to be null" type="java.lang.AssertionError">java.lang.AssertionError: 

Expecting actual not to be null
	at com.uwetrottmann.tmdb2.services.TvServiceTest.test_tvShow_with_append_to_response(TvServiceTest.java:81)
</failure>
    <system-out><![CDATA[--> GET https://api.themoviedb.org/3/tv/456?language=en&append_to_response=credits%2Cvideos%2Csimilar%2Cexternal_ids%2Cimages%2Ccontent_ratings%2Crecommendations%2Cchanges%2Ctranslations%2Ckeywords&end_date=2017-02-04&start_date=2017-02-02&api_key=25da90e9f8f0b3892d8bdeb6c3d6267d h2
Host: api.themoviedb.org
Connection: Keep-Alive
Accept-Encoding: gzip
User-Agent: okhttp/3.12.0
--> END GET
<-- 200 https://api.themoviedb.org/3/tv/456?language=en&append_to_response=credits%2Cvideos%2Csimilar%2Cexternal_ids%2Cimages%2Ccontent_ratings%2Crecommendations%2Cchanges%2Ctranslations%2Ckeywords&end_date=2017-02-04&start_date=2017-02-02&api_key=25da90e9f8f0b3892d8bdeb6c3d6267d (367ms)
content-type: application/json;charset=utf-8
date: Mon, 27 Jul 2020 01:35:40 GMT
server: openresty
access-control-allow-origin: *
access-control-allow-methods: GET, HEAD, POST, PUT, DELETE, OPTIONS
access-control-expose-headers: ETag, X-RateLimit-Limit, X-RateLimit-Remaining, X-RateLimit-Reset, Retry-After, Content-Length, Content-Range
cache-control: public, max-age=3600
x-memc: MISS, STORE
x-memc-key: d678ea6201759d61e7f570ce9fd99bc8
x-memc-age: 0
x-memc-expires: 3600
last-modified: 2020-07-26 19:35:50 UTC
etag: W/"d492df6cad25e22c783743738cc442a6"
content-encoding: gzip
vary: Accept-Encoding
x-cache: Miss from cloudfront
via: 1.1 c26b8e74df43cd99786e716221463d0c.cloudfront.net (CloudFront)
x-amz-cf-pop: FRA6-C1
x-amz-cf-id: TfFGqc8adX5SsWxUYSjupAh4whwWUgfDQffarqWMJIx816krb8uhnA==

{"backdrop_path":"/adZ9ldSlkGfLfsHNbh37ZThCcgU.jpg","created_by":[{"id":5741,"credit_id":"5256bdc619c2956ff6001be4","name":"Matt Groening","gender":2,"profile_path":"/2HmAw3AN93DGESPi3ibLZgBa8cT.jpg"}],"episode_run_time":[22],"first_air_date":"1989-12-16","genres":[{"id":16,"name":"Animation"},{"id":35,"name":"Comedy"}],"homepage":"http://www.thesimpsons.com/","id":456,"in_production":true,"languages":["en"],"last_air_date":"2020-05-17","last_episode_to_air":{"air_date":"2020-05-17","episode_number":22,"id":2234008,"name":"The Way of the Dog","overview":"Santa's Little Helper nips at Marge, causing the family to reflect on the difficult life that the dog led prior to being adopted by the family. They end up reuniting him with his mother to avoid having to euthanize him.","production_code":"","season_number":31,"show_id":456,"still_path":"/bmknnWqNC4NqqK2jUvjV4w8x4dg.jpg","vote_average":0.0,"vote_count":0},"name":"The Simpsons","next_episode_to_air":{"air_date":"2020-09-27","episode_number":1,"id":2354524,"name":"Episode 1","overview":"","production_code":"","season_number":32,"show_id":456,"still_path":null,"vote_average":0.0,"vote_count":0},"networks":[{"name":"FOX","id":19,"logo_path":"/1DSpHrWyOORkL9N2QHX7Adt31mQ.png","origin_country":"US"}],"number_of_episodes":685,"number_of_seasons":32,"origin_country":["US"],"original_language":"en","original_name":"The Simpsons","overview":"Set in Springfield, the average American town, the show focuses on the antics and everyday adventures of the Simpson family; Homer, Marge, Bart, Lisa and Maggie, as well as a virtual cast of thousands. Since the beginning, the series has been a pop culture icon, attracting hundreds of celebrities to guest star. The show has also made name for itself in its fearless satirical take on politics, media and American life in general.","popularity":109.196,"poster_path":"/qcr9bBY6MVeLzriKCmJOv1562uY.jpg","production_companies":[{"id":29500,"logo_path":"/a3ltwX7b1opYeG7MxaxxswDmkeg.png","name":"The Curiosity Company","origin_country":"US"},{"id":18,"logo_path":"/uqhagSwM7NAkQWVCQhKTyoqF8XH.png","name":"Gracie Films","origin_country":"US"},{"id":1556,"logo_path":"/31h94rG9hzjprXoYNy3L1ErUya2.png","name":"20th Century Fox Television","origin_country":"US"}],"seasons":[{"air_date":"1987-04-19","episode_count":63,"id":3581,"name":"Specials","overview":"","poster_path":"/lzN0CllVFXtGtSl15r59Kb52DdT.jpg","season_number":0},{"air_date":"1989-12-17","episode_count":13,"id":3582,"name":"Season 1","overview":"The Simpsons' first season originally aired between December 17, 1989 and May 13, 1990, beginning with the Christmas special \"Simpsons Roasting on an Open Fire\". The executive producers for the first production season were Matt Groening, James L. Brooks, and Sam Simon.\n\nThe series was originally set to debut in late 1989 with the episode \"Some Enchanted Evening\", which was meant to introduce the main characters; during the first screening of the episode, the producers discovered that the animation was so appalling that 70% of the episode needed to be redone. The producers considered aborting the series if the next episode turned out as bad, but it only suffered from easily fixable problems. The producers convinced Fox to move the debut to December 17, and aired \"Simpsons Roasting on an Open Fire\" as the first episode of the series. The first season won one Emmy Award, and received four additional nominations.\n\nThe DVD boxset was released on September 25, 2001 in Region 1 and September 24, 2001 in both Region 2 and Region 4. Season one was also released for the iTunes Store on December 22, 2010, dubbed a \"digital edition.\"","poster_path":"/u3U4aGwSTpvbULPHTsm7XhadynO.jpg","season_number":1},{"air_date":"1990-10-11","episode_count":22,"id":3583,"name":"Season 2","overview":"The Simpsons' second season originally aired between October 11, 1990 and May 9, 1991, and contained 22 episodes, beginning with \"Bart Gets an F\". Another episode, \"Blood Feud\" aired during the summer after the official season finale. The executive producers for the second production season were Matt Groening, James L. Brooks, and Sam Simon, who had also been EPs for the previous season. The DVD box set was released on August 6, 2002 in Region 1, July 8, 2002 in Region 2 and in September, 2002 in Region 4. The episode \"Homer vs. Lisa and the 8th Commandment\" won the Primetime Emmy Award for Outstanding Animated Program, and was also nominated in the \"Outstanding Sound Mixing for a Comedy Series or a Special\" category.","poster_path":"/78320WYaATUuEESTvO4x0mBdndA.jpg","season_number":2},{"air_date":"1991-09-18","episode_count":24,"id":3584,"name":"Season 3","overview":"The Simpsons' third season originally aired on the Fox network between September 19, 1991 and May 7, 1992. The showrunners for the third production season were Al Jean and Mike Reiss who executive produced 22 episodes for the season, while two other episodes were produced by James L. Brooks, Matt Groening, and Sam Simon. An additional episode, \"Brother, Can You Spare Two Dimes?\", aired on August 27, 1992 after the official end of the third season and is included on the Season 3 DVD set. Season three won six Primetime Emmy Awards for \"Outstanding Voice-Over Performance\" and also received a nomination for \"Outstanding Animated Program\" for the episode \"Radio Bart\". The complete season was released on DVD in Region 1 on August 26, 2003, Region 2 on October 6, 2003, and in Region 4 on October 22, 2003.","poster_path":"/sEmfyUy9mts03y6KoI782gi2fVd.jpg","season_number":3},{"air_date":"1992-09-23","episode_count":22,"id":3585,"name":"Season 4","overview":"The Simpsons' fourth season originally aired on the Fox network between September 24, 1992 and May 13, 1993, beginning with \"Kamp Krusty.\" The showrunners for the fourth production season were Al Jean and Mike Reiss. The aired season contained two episodes which were hold-over episodes from season three, which Jean and Reiss also ran. Following the end of the production of the season, Jean, Reiss and most of the original writing staff left the show. The season was nominated for two Primetime Emmy Awards and Dan Castellaneta would win one for his performance as Homer in \"Mr. Plow\". The fourth season was released on DVD in Region 1 on June 15, 2004, Region 2 on August 2, 2004 and in Region 4 on August 25, 2004.","poster_path":"/eraNNGEdCn29cTyzjwfBgBdTetF.jpg","season_number":4},{"air_date":"1993-09-29","episode_count":22,"id":3586,"name":"Season 5","overview":"The Simpsons' fifth season originally aired on the Fox network between September 30, 1993 and May 19, 1994. The showrunner for the fifth production season was David Mirkin who executive produced 20 episodes. Al Jean and Mike Reiss executive produced the remaining two, which were both hold overs that were produced for the previous season. The season contains some of the series' most acclaimed episodes, including \"Cape Feare\" and \"Rosebud\". It also includes the 100th episode, \"Sweet Seymour Skinner's Baadasssss Song\". The season was nominated for two Primetime Emmy Awards and won an Annie Award for Best Animated Television Program as well as an Environmental Media Award and a Genesis Award. The DVD box set was released in Region 1 on December 21, 2004, Region 2 on March 21, 2005, and Region 4 on March 23, 2005.","poster_path":"/sTIcXTOctWM3YxEfj1MtViW2E11.jpg","season_number":5},{"air_date":"1994-09-04","episode_count":25,"id":3587,"name":"Season 6","overview":"The Simpsons' sixth season originally aired on the Fox network between September 4, 1994, and May 21, 1995, and consists of 25 episodes. The Simpsons is an animated series about a working class family, which consists of Homer, Marge, Bart, Lisa, and Maggie. The show is set in the fictional city of Springfield, and lampoons American culture, society, television and many aspects of the human condition.\n\nThe showrunner for the sixth production season was David Mirkin who executive-produced 23 episodes. Former showrunners Al Jean and Mike Reiss produced the remaining two; they produced the two episodes with the staff of The Critic, the show they left The Simpsons to create. This was done in order to relieve some of the stress The Simpsons' writing staff endured, as they felt that producing 25 in one season was too much. The episode \"A Star Is Burns\" caused some controversy among the staff with Matt Groening removing his name from the episode's credits as he saw it as blatant advertising for The Critic, which was airing at the time. Fox moved The Simpsons back to its original Sunday night time, having aired on Thursdays for the previous four seasons. It has remained in this slot ever since. The sixth season won one Primetime Emmy Award, and received three additional nominations. It also won the Annie Award for Best Animated Television Production.","poster_path":"/dJS8Xpp14LHHxuF22Vcm5XDm1wE.jpg","season_number":6},{"air_date":"1995-09-17","episode_count":25,"id":3588,"name":"Season 7","overview":"The Simpsons' seventh season originally aired on the Fox network between September 17, 1995 and May 19, 1996. The show runners for the seventh production season were Bill Oakley and Josh Weinstein who would executive produce 21 episodes this season. David Mirkin executive produced the remaining four, including two hold overs that were produced for the previous season. The season was nominated for two Primetime Emmy Awards, including Outstanding Animated Program and won an Annie Award for Best Animated Television Program. The DVD box set was released in Region 1 December 13, 2005, Region 2 January 30, 2006 and Region 4 on March 22, 2006. The set was released in two different forms: a Marge-shaped box and also a standard rectangular-shaped box in which the theme is a movie premiere.","poster_path":"/wzCXbdklRedEihsCVASmeDs49ml.jpg","season_number":7},{"air_date":"1996-10-27","episode_count":25,"id":3589,"name":"Season 8","overview":"The Simpsons' eighth season originally aired between October 27, 1996 and May 18, 1997, beginning with \"Treehouse of Horror VII\". The showrunners for the eighth production season were Bill Oakley and Josh Weinstein. The aired season contained two episodes which were hold-over episodes from season seven, which Oakley and Weinstein also ran. It also contained two episodes for which Al Jean and Mike Reiss were the show runners.\n\nSeason eight won multiple awards, including two Emmy Awards: \"Homer's Phobia\" won for Outstanding Animated Program in 1997, and Alf Clausen and Ken Keeler won for \"Outstanding Individual Achievement in Music and Lyrics\" with the song \"We Put The Spring In Springfield\" from the episode \"Bart After Dark\". Clausen also received an Emmy nomination for \"Outstanding Music Direction\" for \"Simpsoncalifragilisticexpialacious\". \"Brother from Another Series\" was nominated for the Emmy for \"Sound Mixing For a Comedy Series or a Special\". For \"Homer's Phobia\", Mike Anderson won the Annie Award for Best Individual Achievement: Directing in a TV Production, and the WAC Winner Best Director for Primetime Series at the 1998 World Animation Celebration. Gay & Lesbian Alliance Against Defamation awarded the episode the GLAAD Media Award for \"Outstanding TV – Individual Episode\".","poster_path":"/fOygI0yr07mjlqqVNvWLI1tYXoW.jpg","season_number":8},{"air_date":"1997-09-21","episode_count":25,"id":3590,"name":"Season 9","overview":"The Simpsons' ninth season originally aired between September 1997 and May 1998, beginning on Sunday, September 21, 1997 with \"The City of New York vs. Homer Simpson\". The showrunner for the ninth production season was Mike Scully. The aired season contained three episodes which were hold-over episodes from season eight, which Bill Oakley and Josh Weinstein ran. It also contained two episodes which were run by David Mirkin, and another two hold-over episodes from season seven which were run by Al Jean and Mike Reiss.\n\nSeason nine won three Emmy Awards: \"Trash of the Titans\" for Primetime Emmy Award for Outstanding Animated Program in 1998, Hank Azaria picked up \"Outstanding Voice-Over Performance\" for the voice of Apu Nahasapeemapetilon, and Alf Clausen and Ken Keeler picking up the \"Outstanding Music and Lyrics\" award. Clausen was also nominated for \"Outstanding Music Direction\" and \"Outstanding Music Composition for a Series\" for \"Treehouse of Horror VIII\". Season nine was also nominated for a \"Best Network Television Series\" award by the Saturn Awards and \"Best Sound Editing\" for a Golden Reel Award.","poster_path":"/cjZ0HnuMVi8SOTA0L2JnHbFZKms.jpg","season_number":9},{"air_date":"1998-08-23","episode_count":23,"id":3591,"name":"Season 10","overview":"The tenth season of the animated television series The Simpsons was originally broadcast on the Fox network in the United States between August 23, 1998 and May 16, 1999. It contains twenty-three episodes, starting with \"Lard of the Dance\". The Simpsons is a satire of a middle class American lifestyle epitomized by its family of the same name, which consists of Homer, Marge, Bart, Lisa and Maggie. Set in the fictional city of Springfield, the show lampoons American culture, society, television, and many aspects of the human condition.\n\nThe showrunner for the tenth season was Mike Scully. Before production began, a salary dispute between the main cast members of The Simpsons and Fox arose. However, it was soon settled and the actors' salaries were raised to $125,000 per episode. In addition to the large Simpsons cast, many guest stars appeared in season ten, including Phil Hartman in his last appearance before his death.\n\nThe season, which won the Annie Award for \"Outstanding Achievement in an Animated Television Program\", has been cited by several critics as the beginning of the series' decline in quality. It ranked twenty-fifth in the season ratings with an average of 13.5 million viewers per episode. The tenth season DVD boxset was released in the United States and Canada on August 7, 2007. It is available in two different packagings, both featuring Bart.","poster_path":"/t4wiOGBgoSRgofYxQvRL5WZe6Aj.jpg","season_number":10},{"air_date":"1999-09-26","episode_count":22,"id":3592,"name":"Season 11","overview":"The Simpsons' 11th season originally aired between September 1999 and May 2000, beginning on Sunday, September 26, 1999, with \"Beyond Blunderdome\". The showrunner for the 11th production season was Mike Scully. The season contained four hold-over episodes from the season 10 production line.","poster_path":"/4Rq5t85B4bt8TYvmhCVhDmk7qMN.jpg","season_number":11},{"air_date":"2000-11-01","episode_count":21,"id":3593,"name":"Season 12","overview":"The Simpsons' 12th season began on Wednesday, November 1, 2000 with \"Treehouse of Horror XI\". The season contains three hold over episodes from the season 11 production line. The show runner for the twelfth production was Mike Scully. The season features three episodes that were produced for the eleventh season which was also run by Scully. The season won and was nominated for numerous awards including two Primetime Emmy Awards wins and an Annie Award.","poster_path":"/oHBBoAlXX32ROwWCQ0SJrzORCAE.jpg","season_number":12},{"air_date":"2001-11-06","episode_count":22,"id":3594,"name":"Season 13","overview":"The Simpsons' thirteenth season originally aired on the Fox network between November 6, 2001 and May 22, 2002 and consists of 22 episodes. The show runner for the thirteenth production season was Al Jean who executive-produced 17 episodes. Mike Scully executive-produced the remaining five, which were all hold-overs that were produced for the previous season. The Simpsons is an animated series about a working-class family, which consists of Homer, Marge, Bart, Lisa, and Maggie. The show is set in the fictional city of Springfield, and lampoons American culture, society, television and many aspects of the human condition.\n\nThe season won an Annie Award for Best Animated Television Production, and was nominated for several other awards, including two Primetime Emmy Awards, three Writers Guild of America Awards, and an Environmental Media Award. The Simpsons ranked 30th in the season ratings with an average viewership of 12.4 million viewers. It was the second highest rated show on Fox after Malcolm in the Middle. The DVD boxset was released in the United States and Canada on August 24, 2010, eight years after it had completed broadcast on television.","poster_path":"/wQTdRc2sWgAKFHS1BTHdIzVRmwU.jpg","season_number":13},{"air_date":"2002-11-03","episode_count":22,"id":3595,"name":"Season 14","overview":"The fourteenth season of the animated television series The Simpsons was originally broadcast on the Fox network in the United States between November 3, 2002 and May 18, 2003. The show runner for the fourteenth production season was Al Jean, who executive produced 21 of 22 episodes. The other episode, \"How I Spent My Strummer Vacation\", was run by Mike Scully. The season contains five hold-overs from the previous season's production run. The fourteenth season won two Primetime Emmy Awards, including Outstanding Animated Program, four Annie Awards and a Writers Guild of America Award. On December 6, 2011, it was released on DVD and Blu-ray in North America.","poster_path":"/mgGrn5FiofW2bqpJC9PPcwEc84p.jpg","season_number":14},{"air_date":"2003-11-02","episode_count":22,"id":3596,"name":"Season 15","overview":"The Simpsons' 15th season began on Sunday, November 2, 2003, with \"Treehouse of Horror XIV\". The season contains five hold-over episodes from the season 14 production line. The most watched episode had 16.2 million viewers and the least watched had 6.2 million viewers.","poster_path":"/gSgRvuqI4cWOLONTBl6qW2y2Cih.jpg","season_number":15},{"air_date":"2004-11-07","episode_count":21,"id":3597,"name":"Season 16","overview":"The Simpsons' 16th season began on Sunday, November 7, 2004 and contained 21 episodes, beginning with Treehouse of Horror XV. The season contains six hold-over episodes from the season 15 production line.","poster_path":"/rdsBcs6VPJHnQgeLg8YinKyvnjO.jpg","season_number":16},{"air_date":"2005-09-11","episode_count":22,"id":3598,"name":"Season 17","overview":"The Simpsons' seventeenth season originally aired between September 2005 and May 2006, beginning on Sunday, September 11, 2005. It broke Fox's tradition of pushing its shows' season premieres back to November to accommodate the Major League Baseball games airing on the network during September and October of each year.","poster_path":"/vfcmgPqoFmb0hOe6V0DI5qf3y83.jpg","season_number":17},{"air_date":"2006-09-10","episode_count":22,"id":3599,"name":"Season 18","overview":"The Simpsons' 18th season aired from September 10, 2006 to May 20, 2007. The season contained seven hold-over episodes from the season 17 production line. Al Jean served as the Showrunner, a position he has held since the thirteenth season.\n\nThe season finale, \"You Kent Always Say What You Want\", was the series' 400th episode. Additionally, the Simpsons franchise celebrated its 20th anniversary, as it has been on the air since April 1987, beginning with shorts on The Tracey Ullman Show.\n\nSeason 18 included guest appearances by Metallica, Tom Wolfe, Gore Vidal, Michael Chabon, Jonathan Franzen, Fran Drescher, The White Stripes, Kiefer Sutherland, Mary Lynn Rajskub, Richard Lewis, Phil McGraw, Elvis Stojko, Natalie Portman, Jon Lovitz, Betty White, Eric Idle, Sir Mix-a-Lot, Stephen Sondheim, Cristiano Ronaldo, Meg Ryan, Andy Dick, Peter Bogdanovich, James Patterson and others.","poster_path":"/sFG5v9zFZL0RKb1lStwwvgIc76a.jpg","season_number":18},{"air_date":"2007-09-23","episode_count":20,"id":3600,"name":"Season 19","overview":"The Simpsons' nineteenth season originally aired on the Fox network between September 23, 2007 and May 18, 2008.","poster_path":"/8SkD4jvPIPkugszVeWoAa0gLxW.jpg","season_number":19},{"air_date":"2008-09-28","episode_count":21,"id":3601,"name":"Season 20","overview":"The Simpsons' twentieth season aired on Fox from September 28, 2008 to May 17, 2009. With this season, the show tied Gunsmoke as the longest running American primetime television series in terms of total number of seasons. The season was released on BD January 12, 2010, making this the first season released on BD. It was released on DVD in Region 1 on January 12, 2010, and in Region 4 on January 20, 2010. The season was only released on DVD in Region 2 in a few areas.","poster_path":"/eAdllHJ9ZSN7vMjwzIbcVqMSV6t.jpg","season_number":20},{"air_date":"2009-09-27","episode_count":23,"id":3602,"name":"Season 21","overview":"The Simpsons' twenty-first season aired on Fox from September 27, 2009 to May 23, 2010. It was the first of two seasons that the show was renewed for by Fox, and also the first season of the show to air entirely in high definition.\n\nWith this season, The Simpsons established itself as the longest-running American primetime television series surpassing Gunsmoke.\n\nThe season received mainly positive reviews from critics, with many praising \"The Squirt and the Whale\", \"To Surveil with Love\" and \"The Bob Next Door\". The show moved up 16 positions in the Nielsen ratings from the previous season and received numerous award nominations, winning two - an Emmy Award for Anne Hathaway for her voicing in \"Once Upon a Time in Springfield\", and an Annie Award for \"Treehouse of Horror XX\".","poster_path":"/vT5OgXM5rMKzzF4rrSjFxI3USCg.jpg","season_number":21},{"air_date":"2010-09-26","episode_count":22,"id":3603,"name":"Season 22","overview":"The Simpsons' twenty-second season began airing on Fox on September 26, 2010 and ended on May 22, 2011. The Simpsons was renewed for at least two additional seasons during the twentieth season leading up to this season. The cast is currently signed through the 25th season. On November 11, 2010, the series was renewed for a 23rd season by Fox with 22 episodes.","poster_path":"/dfYWKwINJ5DaJHxdkHtaVJQfBZI.jpg","season_number":22},{"air_date":"2011-09-25","episode_count":22,"id":3604,"name":"Season 23","overview":"The Simpsons' twenty-third season began airing on Fox on September 25, 2011 and ended on May 20, 2012. The show's 500th episode, \"At Long Last Leave\", aired on February 19, 2012.","poster_path":"/leehbIbn1loBlEndV7WibzyRtuV.jpg","season_number":23},{"air_date":"2012-09-30","episode_count":22,"id":3605,"name":"Season 24","overview":"The Simpsons' twenty-fourth season began airing on Fox on September 30, 2012 and concluded on May 19, 2013.","poster_path":"/axPkSiHeVa9NO3tZktvrFDIQAQC.jpg","season_number":24},{"air_date":"2013-09-29","episode_count":22,"id":3606,"name":"Season 25","overview":"The Simpsons' twenty-fifth season began airing on Fox on September 29, 2013.\n\nIn this season, Homer sells his Mapple stock to buy a bowling ball, Marge blames herself and KISS for Bart's rebellious streak, Lisa becomes a cheerleader for Springfield's football team, and Homer delivers a baby. Guest stars for this season will include Christiane Amanpour, Will Arnett, Stan Lee, Rachel Maddow, Elisabeth Moss, Joe Namath, Gordon Ramsay, Aaron Sorkin, Eva Longoria, Daniel Radcliffe, Kristen Wiig, Billy West, Katey Sagal, John DiMaggio, Phil LaMarr, Zach Galifianakis, Harlan Ellison, Anderson Cooper, Maurice LaMarche, and Judd Apatow. This is Al Jean's 13th consecutive season as showrunner and 15th overall. Matt Groening, James L. Brooks, Matt Selman, and John Frink serve as executive producers.","poster_path":"/fJ9uH8sRykLxC2a5RUPmcP2JFEo.jpg","season_number":25},{"air_date":"2014-09-28","episode_count":22,"id":62103,"name":"Season 26","overview":"In this season, Homer and Bart attempt to solve some father/son conflicts, Marge opens a sandwich franchise, the Simpsons meet their former selves, Bart schemes to bring down his new fourth grade teacher, Homer has a mid-life crisis, and the cast of Futurama make an appearance in Springfield.","poster_path":"/nvEHDDK3dkOKwawXiUp9YIJkVZb.jpg","season_number":26},{"air_date":"2015-09-27","episode_count":22,"id":68067,"name":"Season 27","overview":"","poster_path":"/nA66JicHMj2BecHggMSvGkeEbN5.jpg","season_number":27},{"air_date":"2016-09-25","episode_count":22,"id":80361,"name":"Season 28","overview":"","poster_path":"/h65SjhdaQ100fXb1JA4EbIsLwgL.jpg","season_number":28},{"air_date":"2017-10-01","episode_count":21,"id":91255,"name":"Season 29","overview":"","poster_path":"/s1iNPNxaqdv7a9LoRWJ4Xrrb501.jpg","season_number":29},{"air_date":"2018-09-30","episode_count":23,"id":110088,"name":"Season 30","overview":"","poster_path":"/sj24nG5NSTiz8kR7YstmTR3h1AQ.jpg","season_number":30},{"air_date":"2019-09-29","episode_count":22,"id":131143,"name":"Season 31","overview":"","poster_path":"/tAqaCYauV6TGaU4Q9ALipgFl20V.jpg","season_number":31},{"air_date":"2020-09-27","episode_count":1,"id":156684,"name":"Season 32","overview":"","poster_path":null,"season_number":32}],"status":"Returning Series","type":"Scripted","vote_average":7.6,"vote_count":4089,"credits":{"cast":[{"character":"Apu","credit_id":"5256bdc319c2956ff600167a","id":5587,"name":"Hank Azaria","gender":2,"profile_path":"/uON3TWSySIy8wbDhkSzmFTDM6XO.jpg","order":7},{"character":"Lisa Simpson","credit_id":"5256bdc319c2956ff60015ba","id":5586,"name":"Yeardley Smith","gender":1,"profile_path":"/9AjPwbb3uz4GfgOPBYsy2ILvwkB.jpg","order":3},{"character":"Marge Simpson","credit_id":"5256bdc319c2956ff60015a0","id":199,"name":"Julie Kavner","gender":1,"profile_path":"/x3oG3OXtBfTFgqXPqxI1GKVEiaQ.jpg","order":1},{"character":"Bart Simpson","credit_id":"5256bdc319c2956ff6001554","id":200,"name":"Nancy Cartwright","gender":1,"profile_path":"/40qNhyYJhSE2Yiy4pnXSZhdufO6.jpg","order":2},{"character":"Homer Simpson","credit_id":"5256bdc319c2956ff600157c","id":198,"name":"Dan Castellaneta","gender":2,"profile_path":"/AmeqWhP4A46AWkM4kVphg6jOTQX.jpg","order":0},{"character":"Ned Flanders","credit_id":"5cf20dbe9251411cdbba646e","id":6008,"name":"Harry Shearer","gender":2,"profile_path":"/au1mO0Mb9gni7h0rJCSokBTDnVf.jpg","order":500}],"crew":[]},"videos":{"results":[{"id":"5336dbb79251417db4000ed8","iso_639_1":"en","iso_3166_1":"US","key":"DX1iplQQJTo","name":"Simpsons","site":"YouTube","size":720,"type":"Opening Credits"}]},"similar":{"page":1,"results":[{"original_name":"Family Guy","id":1434,"name":"Family Guy","vote_count":2183,"vote_average":6.7,"first_air_date":"1999-01-31","poster_path":"/q3E71oY6qgAEiw6YZIHDlHSLwer.jpg","genre_ids":[16,35],"original_language":"en","backdrop_path":"/4oE4vT4q0AD2cX3wcMBVzCsME8G.jpg","overview":"Sick, twisted, politically incorrect and Freakin' Sweet animated series featuring the adventures of the dysfunctional Griffin family. Bumbling Peter and long-suffering Lois have three kids. Stewie (a brilliant but sadistic baby bent on killing his mother and taking over the world), Meg (the oldest, and is the most unpopular girl in town) and Chris (the middle kid, he's not very bright but has a passion for movies). The final member of the family is Brian - a talking dog and much more than a pet, he keeps Stewie in check whilst sipping Martinis and sorting through his own life issues.","origin_country":["US"],"popularity":99.649},{"original_name":"South Park","id":2190,"name":"South Park","vote_count":1660,"vote_average":8.0,"first_air_date":"1997-08-13","poster_path":"/9BvRze9keEyTzB6ewmDvjzFGYuG.jpg","genre_ids":[16,35],"original_language":"en","backdrop_path":"/gLf7hpvlDgqLDp6IUhTQTMivu6h.jpg","overview":"Follows the misadventures of four irreverent grade-schoolers in the quiet, dysfunctional town of South Park, Colorado.","origin_country":["US"],"popularity":59.359},{"original_name":"Malcolm in the Middle","id":2004,"name":"Malcolm in the Middle","vote_count":1112,"vote_average":8.2,"first_air_date":"2000-01-09","poster_path":"/uwslHj6nEyPX5IbNXhuEeI0PTth.jpg","genre_ids":[35],"original_language":"en","backdrop_path":"/5Nrh0PtHuU41f6F8m5WbGm2iEQa.jpg","overview":"A gifted young teen tries to survive life with his dimwitted, dysfunctional family.","origin_country":["US"],"popularity":31.729},{"original_name":"Reno 911!","id":2187,"name":"Reno 911!","vote_count":68,"vote_average":7.1,"first_air_date":"2003-07-23","poster_path":"/phkCW1Hdoijl5i15H7KnnnBhaNL.jpg","genre_ids":[35],"original_language":"en","backdrop_path":"/tZ2kKliPcBVEKQOTYbndFdIKIB8.jpg","overview":"This partially unscripted comedy brings viewers into the squad car as incompetent officers swing into action, answering 911 calls about everything from speeding violations and prostitution to staking out a drug den. Within each episode, viewers catch a \"fly on the wall\" glimpse of the cops' often politically incorrect opinions, ranging from their personal feelings to professional critiques of their colleagues.","origin_country":["US"],"popularity":14.546},{"original_name":"The Middle","id":1422,"name":"The Middle","vote_count":249,"vote_average":6.9,"first_air_date":"2009-09-30","poster_path":"/qUuBzrVHX70Rv7oLkqsZv284OdG.jpg","genre_ids":[35],"original_language":"en","backdrop_path":"/yqOPjp9qGbB3D4ZKNqKJawYXBQb.jpg","overview":"The daily mishaps of a married woman and her semi-dysfunctional family and their attempts to survive life in general in the city of Orson, Indiana.","origin_country":["US"],"popularity":33.764},{"original_name":"Futurama","id":615,"name":"Futurama","vote_count":1295,"vote_average":8.3,"first_air_date":"1999-03-28","poster_path":"/eyvvM4NCK7N6WAS9vxfHPpVwia1.jpg","genre_ids":[16,35],"original_language":"en","backdrop_path":"/fTCoAXkLRxg9mWXzCFK2RTC4PFr.jpg","overview":"The adventures of a late-20th-century New York City pizza delivery boy, Philip J. Fry, who, after being unwittingly cryogenically frozen for one thousand years, finds employment at Planet Express, an interplanetary delivery company in the retro-futuristic 31st century.","origin_country":["US"],"popularity":45.054},{"backdrop_path":"/ndr6b2mdhn6hUfZgu4JohbOE0z0.jpg","first_air_date":"2001-01-10","genre_ids":[35],"id":4731,"name":"Grounded for Life","origin_country":["US"],"original_language":"en","original_name":"Grounded for Life","overview":"Right out of high school, Sean Finnerty got his girlfriend Claudia pregnant. Now she’s his wife, and at just 32, he’s somehow found himself with 14-year-old daughter Lily, two little boys, and a constant struggle between his need to be responsible and his desperate desire to be irresponsible. His judgmental father Walt and devil-may-care brother Eddie are no help at all. When they all get together, stories always start to fly. Of course, Sean’s family will never let him finish a story; they interrupt, they debate, they derail, they defend themselves; just like any good family would.","poster_path":"/y4cRPeKXQd4vjhMUqBKwyGH36dc.jpg","vote_average":6.6,"vote_count":34,"popularity":15.351},{"original_name":"'Allo 'Allo!","id":2211,"name":"'Allo 'Allo!","vote_count":101,"vote_average":7.7,"first_air_date":"1984-09-07","poster_path":"/durOV8PG9TqTZ1lk67EOC8gJQNt.jpg","genre_ids":[35,10768],"original_language":"en","backdrop_path":"/2FVMXa9gTo8cGtLVIZzRy1sC6bo.jpg","overview":"The misadventures of hapless cafe owner René Artois and his escapades with the Resistance in occupied France.","origin_country":["GB"],"popularity":15.529},{"backdrop_path":"/n7dmlxjX4pukz1GFuFPLJjA6og8.jpg","first_air_date":"1965-09-18","genre_ids":[35],"id":4455,"name":"Get Smart","origin_country":["US"],"original_language":"en","original_name":"Get Smart","overview":"Get Smart is an American comedy television series that satirizes the secret agent genre. Created by Mel Brooks with Buck Henry, the show stars Don Adams, Barbara Feldon, and Edward Platt. Henry said they created the show by request of Daniel Melnick, who was a partner, along with Leonard Stern and David Susskind, of the show's production company, Talent Associates, to capitalize on \"the two biggest things in the entertainment world today\"—James Bond and Inspector Clouseau. Brooks said: \"It's an insane combination of James Bond and Mel Brooks comedy.\" This is the only Mel Brooks production to feature a laugh track.\n\nThe success of the show eventually spawned the follow-up films The Nude Bomb and Get Smart, Again!, as well as a 1995 revival series and a 2008 film remake. In 2010, TV Guide ranked Get Smart's opening title sequence at No. 2 on its list of TV's Top 10 Credits Sequences, as selected by readers.","poster_path":"/AqhPucVAvnocglq5WYXbh6t9wuE.jpg","vote_average":7.8,"vote_count":169,"popularity":29.654},{"backdrop_path":"/oDGWi7mrOSqA3T7DUSFDzSWSNUr.jpg","first_air_date":"1989-09-22","genre_ids":[35],"id":2685,"name":"Family Matters","origin_country":["US"],"original_language":"en","original_name":"Family Matters","overview":"A long-running dramedy centering on the Winslow family, a middle-class African American family living in Chicago, and their pesky next-door neighbor, ultra-nerd Steve Urkel. A spin-off of Perfect Strangers.","poster_path":"/lIIPV3te2mxBQBHw2rfhwkUYsHf.jpg","vote_average":6.8,"vote_count":128,"popularity":31.476},{"original_name":"Parks and Recreation","id":8592,"name":"Parks and Recreation","vote_count":589,"vote_average":8.0,"first_air_date":"2009-04-09","poster_path":"/zyJpE27k5rjjwhwvxSeHenxF6GB.jpg","genre_ids":[35],"original_language":"en","backdrop_path":"/dVISMO3TdX9HfcnA4gt3PSqcfjL.jpg","overview":"Hilarious ensemble comedy that follows Leslie Knope, a mid-level bureaucrat in the Parks and Recreation Department of Pawnee, Indiana, and her tireless efforts to make her quintessentially American town just a little bit more fun.","origin_country":["US"],"popularity":31.352},{"original_name":"Gilmore Girls","id":4586,"name":"Gilmore Girls","vote_count":298,"vote_average":7.6,"first_air_date":"2000-10-05","poster_path":"/dSS7XoqmNxMebyVbEGBY0HWrReA.jpg","genre_ids":[35,18],"original_language":"en","backdrop_path":"/9YLMZClDOs2cmVGiFXx1slAE4sP.jpg","overview":"Set in the charming town of Stars Hollow, Connecticut, the series follows the captivating lives of Lorelai and Rory Gilmore, a mother/daughter pair who have a relationship most people only dream of.","origin_country":["US"],"popularity":30.102},{"original_name":"It's Always Sunny in Philadelphia","id":2710,"name":"It's Always Sunny in Philadelphia","vote_count":495,"vote_average":8.2,"first_air_date":"2005-08-04","poster_path":"/xX3vAWdCb828T48HM9OvvD0p4PC.jpg","genre_ids":[35],"original_language":"en","backdrop_path":"/w6t8mFlyB6JKcEGm3cojvylIc5O.jpg","overview":"Four egocentric friends who run a neighborhood Irish pub in Philadelphia try to find their way through the adult world of work and relationships. Unfortunately, their warped views and precarious judgments often lead them to trouble, creating a myriad of uncomfortable situations that usually only get worse before they get better.","origin_country":["US"],"popularity":31.021},{"original_name":"Scream Queens","id":62046,"name":"Scream Queens","vote_count":535,"vote_average":7.7,"first_air_date":"2015-09-22","poster_path":"/yeayXZYSU8xdmC8i5g5jTdxeggp.jpg","genre_ids":[35,80,9648],"original_language":"en","backdrop_path":"/oj81AUVQQ6hVgKTaXUnmia2zdpa.jpg","overview":"The super-charged comedy-horror series is a modern take on the classic whodunit with a killer cast. ","origin_country":["US"],"popularity":24.959},{"original_name":"King of the Hill","id":2122,"name":"King of the Hill","vote_count":257,"vote_average":7.2,"first_air_date":"1997-01-12","poster_path":"/qEtk86ku1w4Jsc28sj8HyXQzABy.jpg","genre_ids":[16,35,18],"original_language":"en","backdrop_path":"/r2TbC6zlaJRPEcVO2WQAVgMFHXJ.jpg","overview":"Set in Texas, this animated series follows the life of propane salesman Hank Hill, who lives with his overly confident substitute Spanish teacher wife Peggy, wannabe comedian son Bobby, and naive niece Luanne. Hank has conservative views about God, family, and country, but his values and ethics are often challenged by the situations he, his family, and his beer-drinking neighbors/buddies find themselves in.","origin_country":["US"],"popularity":33.06},{"original_name":"Arrested Development","id":4589,"name":"Arrested Development","vote_count":649,"vote_average":8.1,"first_air_date":"2003-11-02","poster_path":"/qMzwO952hMWQSCfHkp7IL20s4K7.jpg","genre_ids":[35],"original_language":"en","backdrop_path":"/ArZwmJl1y6qlnLjuE9FXlEd8RU0.jpg","overview":"The story of a wealthy family that lost everything, and the one son who had no choice but to keep them all together.","origin_country":["US"],"popularity":29.894},{"original_name":"Weeds","id":186,"name":"Weeds","vote_count":397,"vote_average":7.2,"first_air_date":"2005-08-07","poster_path":"/gKUsBTa5b0GY7U4iWBseeBalfjO.jpg","genre_ids":[35,80,18],"original_language":"en","backdrop_path":"/8PtOfFfX3anE4T63NjnfULRalMq.jpg","overview":"After the unexpected death of her husband, a suburban mom resorts to selling weed to support her family.","origin_country":["US"],"popularity":33.642},{"backdrop_path":"/y6nEgbjMUpYLnVUwZDzX95wH5Vj.jpg","first_air_date":"1987-04-05","genre_ids":[35],"id":4239,"name":"Married... with Children","origin_country":["US"],"original_language":"en","original_name":"Married... with Children","overview":"Al Bundy is an unsuccessful middle aged shoe salesman with a miserable life and an equally dysfunctional family. He hates his job, his wife is lazy, his son is dysfunctional (especially with women), and his daughter is dim-witted and promiscuous.","poster_path":"/qxdOgESOkBMmfcWUizL01mbdqzl.jpg","vote_average":7.6,"vote_count":460,"popularity":23.432},{"original_name":"BoJack Horseman","id":61222,"name":"BoJack Horseman","vote_count":672,"vote_average":8.4,"first_air_date":"2014-08-22","poster_path":"/pB9L0jAnEQLMKgexqCEocEW8TA.jpg","genre_ids":[16,35,18],"original_language":"en","backdrop_path":"/AmIHaw6CQWOfBCQYom15Jzsu7OB.jpg","overview":"Meet the most beloved sitcom horse of the 90s - 20 years later. BoJack Horseman was the star of the hit TV show \"Horsin' Around,\" but today he's washed up, living in Hollywood, complaining about everything, and wearing colorful sweaters.","origin_country":["US"],"popularity":30.836},{"backdrop_path":"/bdntcURJ4dSr7zoLeyB6ZGrMynD.jpg","first_air_date":"2015-12-18","genre_ids":[35,16],"id":63522,"name":"F is for Family","origin_country":["US"],"original_language":"en","original_name":"F is for Family","overview":"Follow the Murphy family back to the 1970s, when kids roamed wild, beer flowed freely and nothing came between a man and his TV.","poster_path":"/86hMUI1sRMmDPOWRd6kLa3nO181.jpg","vote_average":7.2,"vote_count":122,"popularity":10.003}],"total_pages":25,"total_results":488},"external_ids":{"imdb_id":"tt0096697","freebase_mid":"/m/07c72","freebase_id":"/en/the_simpsons","tvdb_id":71663,"tvrage_id":6190,"facebook_id":"TheSimpsons","instagram_id":"thesimpsonsfox","twitter_id":"thesimpsons"},"images":{"backdrops":[{"aspect_ratio":1.777777777777778,"file_path":"/xSbCHliGcks410LZuy24BeWcLh6.jpg","height":2160,"iso_639_1":"en","vote_average":5.312,"vote_count":1,"width":3840},{"aspect_ratio":1.777777777777778,"file_path":"/7DE3BwlBgy1BN9XDdZiJXxJ4zKI.jpg","height":2160,"iso_639_1":"en","vote_average":5.312,"vote_count":1,"width":3840},{"aspect_ratio":1.777777777777778,"file_path":"/kvm8CtEqQ69QNXKDuKetMRlLD5s.jpg","height":2160,"iso_639_1":"en","vote_average":0.0,"vote_count":0,"width":3840}],"posters":[{"aspect_ratio":0.6666666666666666,"file_path":"/qcr9bBY6MVeLzriKCmJOv1562uY.jpg","height":3000,"iso_639_1":"en","vote_average":5.456,"vote_count":7,"width":2000},{"aspect_ratio":0.6666666666666666,"file_path":"/k5UALlcA0EnviaCUn2wMjOWYiOO.jpg","height":1500,"iso_639_1":"en","vote_average":5.384,"vote_count":2,"width":1000},{"aspect_ratio":0.6666666666666666,"file_path":"/sgK5KO2B6IJuPyDFYPLcUMRzueQ.jpg","height":1440,"iso_639_1":"en","vote_average":5.246,"vote_count":2,"width":960},{"aspect_ratio":0.6666666666666666,"file_path":"/6ZxgCquncFqws9UZdhtNEfkc8J1.jpg","height":1500,"iso_639_1":"en","vote_average":5.172,"vote_count":1,"width":1000}]},"content_ratings":{"results":[{"iso_3166_1":"DE","rating":"12"},{"iso_3166_1":"GB","rating":"12"},{"iso_3166_1":"AU","rating":"PG"},{"iso_3166_1":"US","rating":"TV-PG"},{"iso_3166_1":"CA","rating":"14+"},{"iso_3166_1":"FR","rating":"NR"},{"iso_3166_1":"RU","rating":"16+"},{"iso_3166_1":"BR","rating":"12"},{"iso_3166_1":"LT","rating":"N-7"},{"iso_3166_1":"ES","rating":"12"}]},"recommendations":{"page":1,"results":[{"backdrop_path":"/fTCoAXkLRxg9mWXzCFK2RTC4PFr.jpg","first_air_date":"1999-03-28","genre_ids":[16,35],"id":615,"name":"Futurama","origin_country":["US"],"original_language":"en","original_name":"Futurama","overview":"The adventures of a late-20th-century New York City pizza delivery boy, Philip J. Fry, who, after being unwittingly cryogenically frozen for one thousand years, finds employment at Planet Express, an interplanetary delivery company in the retro-futuristic 31st century.","poster_path":"/eyvvM4NCK7N6WAS9vxfHPpVwia1.jpg","vote_average":8.3,"vote_count":1295,"networks":[{"id":19,"logo":{"path":"/1DSpHrWyOORkL9N2QHX7Adt31mQ.png","aspect_ratio":2.325581395348837},"name":"FOX","origin_country":"US"},{"id":47,"logo":{"path":"/6ooPjtXufjsoskdJqj6pxuvHEno.png","aspect_ratio":2.905569007263923},"name":"Comedy Central","origin_country":"US"}],"popularity":45.054},{"backdrop_path":"/gLf7hpvlDgqLDp6IUhTQTMivu6h.jpg","first_air_date":"1997-08-13","genre_ids":[35,16],"id":2190,"name":"South Park","origin_country":["US"],"original_language":"en","original_name":"South Park","overview":"Follows the misadventures of four irreverent grade-schoolers in the quiet, dysfunctional town of South Park, Colorado.","poster_path":"/9BvRze9keEyTzB6ewmDvjzFGYuG.jpg","vote_average":8.0,"vote_count":1660,"networks":[{"id":47,"logo":{"path":"/6ooPjtXufjsoskdJqj6pxuvHEno.png","aspect_ratio":2.905569007263923},"name":"Comedy Central","origin_country":"US"}],"popularity":59.359},{"backdrop_path":"/4oE4vT4q0AD2cX3wcMBVzCsME8G.jpg","first_air_date":"1999-01-31","genre_ids":[16,35],"id":1434,"name":"Family Guy","origin_country":["US"],"original_language":"en","original_name":"Family Guy","overview":"Sick, twisted, politically incorrect and Freakin' Sweet animated series featuring the adventures of the dysfunctional Griffin family. Bumbling Peter and long-suffering Lois have three kids. Stewie (a brilliant but sadistic baby bent on killing his mother and taking over the world), Meg (the oldest, and is the most unpopular girl in town) and Chris (the middle kid, he's not very bright but has a passion for movies). The final member of the family is Brian - a talking dog and much more than a pet, he keeps Stewie in check whilst sipping Martinis and sorting through his own life issues.","poster_path":"/q3E71oY6qgAEiw6YZIHDlHSLwer.jpg","vote_average":6.7,"vote_count":2183,"networks":[{"id":19,"logo":{"path":"/1DSpHrWyOORkL9N2QHX7Adt31mQ.png","aspect_ratio":2.325581395348837},"name":"FOX","origin_country":"US"}],"popularity":99.649},{"backdrop_path":"/2OeS0YPFpqCmi7SA5W6aOPIChc3.jpg","first_air_date":"2005-02-06","genre_ids":[16,35],"id":1433,"name":"American Dad!","origin_country":["US"],"original_language":"en","original_name":"American Dad!","overview":"The series focuses on an eccentric motley crew that is the Smith family and their three housemates: Father, husband, and breadwinner Stan Smith; his better half housewife, Francine Smith; their college-aged daughter, Hayley Smith; and their high-school-aged son, Steve Smith. Outside of the Smith family, there are three additional main characters, including Hayley's boyfriend turned husband, Jeff Fischer; the family's man-in-a-goldfish-body pet, Klaus; and most notably the family's zany alien, Roger, who is \"full of masquerades, brazenness, and shocking antics.\"","poster_path":"/1aklTBd36LFiFNroOSiherLvLdu.jpg","vote_average":6.4,"vote_count":958,"networks":[{"id":19,"logo":{"path":"/1DSpHrWyOORkL9N2QHX7Adt31mQ.png","aspect_ratio":2.325581395348837},"name":"FOX","origin_country":"US"},{"id":68,"logo":{"path":"/65r0kR6MfOBYF0gEQsJGM6v5fEG.png","aspect_ratio":1.852941176470588},"name":"TBS","origin_country":"US"}],"popularity":91.664},{"backdrop_path":"/cqkGeSKrX7hKGYdsr3qiq8THyDo.jpg","first_air_date":"2001-10-02","genre_ids":[35],"id":4556,"name":"Scrubs","origin_country":["US"],"original_language":"en","original_name":"Scrubs","overview":"In the unreal world of Sacred Heart Hospital, John \"J.D\" Dorian learns the ways of medicine, friendship and life.","poster_path":"/u1z05trCA7AuSuDhi365grwdos1.jpg","vote_average":7.9,"vote_count":809,"networks":[{"id":2,"logo":{"path":"/ndAvF4JLsliGreX87jAc9GdjmJY.png","aspect_ratio":1.0},"name":"ABC","origin_country":"US"},{"id":6,"logo":{"path":"/o3OedEP0f9mfZr33jz2BfXOUK5.png","aspect_ratio":4.083582089552239},"name":"NBC","origin_country":"US"}],"popularity":36.575},{"backdrop_path":"/lyTCCuymqg8egIaQXZAY5vE4MB0.jpg","first_air_date":"1989-07-05","genre_ids":[35],"id":1400,"name":"Seinfeld","origin_country":["US"],"original_language":"en","original_name":"Seinfeld","overview":"A stand-up comedian and his three offbeat friends weather the pitfalls and payoffs of life in New York City in the '90s. It's a show about nothing.","poster_path":"/aCw8ONfyz3AhngVQa1E2Ss4KSUQ.jpg","vote_average":8.3,"vote_count":860,"networks":[{"id":6,"logo":{"path":"/o3OedEP0f9mfZr33jz2BfXOUK5.png","aspect_ratio":4.083582089552239},"name":"NBC","origin_country":"US"}],"popularity":43.84},{"backdrop_path":"/nMJO71S7r7bn1ABvARtfuUQJbcS.jpg","first_air_date":"2003-09-21","genre_ids":[35],"id":2691,"name":"Two and a Half Men","origin_country":["US"],"original_language":"en","original_name":"Two and a Half Men","overview":"A hedonistic jingle writer's free-wheeling life comes to an abrupt halt when his brother and 10-year-old nephew move into his beach-front house.","poster_path":"/A9QDK4OWpv41W27kCv0LXe30k9S.jpg","vote_average":6.9,"vote_count":1233,"networks":[{"id":16,"logo":{"path":"/nm8d7P7MJNiBLdgIzUK0gkuEA4r.png","aspect_ratio":3.282122905027933},"name":"CBS","origin_country":"US"}],"popularity":58.965},{"backdrop_path":"/y6nEgbjMUpYLnVUwZDzX95wH5Vj.jpg","first_air_date":"1987-04-05","genre_ids":[35],"id":4239,"name":"Married... with Children","origin_country":["US"],"original_language":"en","original_name":"Married... with Children","overview":"Al Bundy is an unsuccessful middle aged shoe salesman with a miserable life and an equally dysfunctional family. He hates his job, his wife is lazy, his son is dysfunctional (especially with women), and his daughter is dim-witted and promiscuous.","poster_path":"/qxdOgESOkBMmfcWUizL01mbdqzl.jpg","vote_average":7.6,"vote_count":460,"networks":[{"id":19,"logo":{"path":"/1DSpHrWyOORkL9N2QHX7Adt31mQ.png","aspect_ratio":2.325581395348837},"name":"FOX","origin_country":"US"}],"popularity":23.432},{"backdrop_path":"/l0qVZIpXtIo7km9u5Yqh0nKPOr5.jpg","first_air_date":"1994-09-22","genre_ids":[35,18],"id":1668,"name":"Friends","origin_country":["US"],"original_language":"en","original_name":"Friends","overview":"The misadventures of a group of friends as they navigate the pitfalls of work, life and love in Manhattan.","poster_path":"/f496cm9enuEsZkSPzCwnTESEK5s.jpg","vote_average":8.2,"vote_count":2786,"networks":[{"id":6,"logo":{"path":"/o3OedEP0f9mfZr33jz2BfXOUK5.png","aspect_ratio":4.083582089552239},"name":"NBC","origin_country":"US"}],"popularity":107.244},{"backdrop_path":"/bKcutDunatNOFkbt67GA7XjiPnK.jpg","first_air_date":"1998-08-23","genre_ids":[35,10751],"id":52,"name":"That '70s Show","origin_country":["US"],"original_language":"en","original_name":"That '70s Show","overview":"Crank up the 8-track and flash back to a time when platform shoes and puka shells were all the rage in this hilarious retro-sitcom. For Eric, Kelso, Jackie, Hyde, Donna and Fez, a group of high school teens who spend most of their time hanging out in Eric’s basement, life in the ‘70s isn’t always so groovy. But between trying to figure out the meaning of life, avoiding their parents, and dealing with out-of-control hormones, they’ve learned one thing for sure: they’ll always get by with a little help from their friends.","poster_path":"/tVTXH2wfHlKDM3D0jow6yHrgpQP.jpg","vote_average":7.7,"vote_count":554,"networks":[{"id":19,"logo":{"path":"/1DSpHrWyOORkL9N2QHX7Adt31mQ.png","aspect_ratio":2.325581395348837},"name":"FOX","origin_country":"US"}],"popularity":27.4},{"backdrop_path":"/cUm1oG25Kf1ePQZT8H2MhYRhzMv.jpg","first_air_date":"1990-01-01","genre_ids":[35,10751],"id":4327,"name":"Mr. Bean","origin_country":["GB"],"original_language":"en","original_name":"Mr. Bean","overview":"Mr Bean turns simple everyday tasks into chaotic situations and will leave you in stitches as he creates havoc wherever he goes.","poster_path":"/pUNQV35kDaKuejnXGNiUeEBurNE.jpg","vote_average":7.9,"vote_count":438,"networks":[{"id":9,"logo":{"path":"/5Rmw4ViYcjW14PCdOyjsue9eK99.png","aspect_ratio":2.004484304932735},"name":"ITV","origin_country":"GB"}],"popularity":18.809},{"backdrop_path":"/5BMwFwNzSidVYArn561acqtktxv.jpg","first_air_date":"2005-09-19","genre_ids":[35],"id":1100,"name":"How I Met Your Mother","origin_country":["US"],"original_language":"en","original_name":"How I Met Your Mother","overview":"Ted Mosby recounts to his son and daughter the events that led to his meeting their mother.","poster_path":"/b34jPzmB0wZy7EjUZoleXOl2RRI.jpg","vote_avera
[...]
о местата, готови, мърмори!"}},{"iso_3166_1":"CZ","iso_639_1":"cs","name":"Český","english_name":"Czech","data":{"name":"Simpsonovi","overview":"Natvrdlý lenoch Homer, pedantská puťka Marge, drzounský Bart, přechytralá Líza a roztomilá Maggie – to jsou členové rodiny nejslavnějšího a nejpopulárnějšího animovaného seriálu Simpsonovi.","homepage":"","tagline":""}},{"iso_3166_1":"DK","iso_639_1":"da","name":"Dansk","english_name":"Danish","data":{"name":"Simpsons","overview":"Amerikansk tegnefilmserie oprindeligt skabt af tegneren Matt Groening.\n\nSerien foregår i den amerikanske by Springfield, hvor vi møder familien Simpson, der består af Homer, Marge, Bart, Lisa og Maggie, samt et væld af andre personer, der bl.a. tæller bedstefar Simpson, klovnen Krusty, barejeren Moe Szyslak. drukbolden Barney Gumble, borgmesteren Quimby, politimesteren Clancy Wiggum, milliardæren Charles Montgomery Burns og hans højrehånd Waylon Smithers, naboen Nedward \"Ned\" Flanders samt skoleinspektøren Seymour Skinner.","homepage":"","tagline":""}},{"iso_3166_1":"DE","iso_639_1":"de","name":"Deutsch","english_name":"German","data":{"name":"Die Simpsons","overview":"Die Simpsons sind eine amerikanische Durchschnittsfamilie. Immer neue Geschichten gibt es über Homer, Marge, Bart, Lisa und Maggie und über die weiteren Bewohner von Springfield zu erzählen.","homepage":"","tagline":""}},{"iso_3166_1":"GR","iso_639_1":"el","name":"ελληνικά","english_name":"Greek","data":{"name":"Οι Σίμσονς","overview":"Οι Simpsons, η “αγαπημένη μας οικογένεια”, είναι δημιουργία του κoμικογράφου Matt Groening. Ξεκίνησαν ως διάλειμμα στο The Tracey Ullman Show τον Απρίλιο του 1987, και μετά από 3 σεζόν απέκτησαν το δικό τους ημίωρο show. Η οικογένεια Simpson ζει στο Springfield, μια μέση αμερικανική πόλη, και αποτελείται από τους γνωστούς πλέον Homer, τον ήσυχο πατέρα που δουλεύει σε ένα πυρηνικό εργοστάσιο που ενδιαφέρεται περισσότερο για τα κέρδη παρά για την ασφάλεια, την υπερ-μητέρα Marge, τον γιό Bart, αιώνιο βαρεμένο, την 8χρονη κόρη Lisa, σοβαρή και μετρημένη, και τη Maggie, το μωρό που όλοι ψιλοξεχνάνε. Οι καθημερινές τους περιπέτειες, η πλήρης απουσία πολιτικής ορθότητας και η συνεχής σάτιρα της επικαιρότητας και του αμερικανικού τρόπου ζωής κατέστησαν τους Simpsons εικονικές φιγούρες του σύγχρονου παγκόσμιου πολιτισμού.","homepage":"","tagline":""}},{"iso_3166_1":"US","iso_639_1":"en","name":"English","english_name":"English","data":{"name":"","overview":"Set in Springfield, the average American town, the show focuses on the antics and everyday adventures of the Simpson family; Homer, Marge, Bart, Lisa and Maggie, as well as a virtual cast of thousands. Since the beginning, the series has been a pop culture icon, attracting hundreds of celebrities to guest star. The show has also made name for itself in its fearless satirical take on politics, media and American life in general.","homepage":"","tagline":"On your marks, get set, d'oh!"}},{"iso_3166_1":"ES","iso_639_1":"es","name":"Español","english_name":"Spanish","data":{"name":"Los Simpson","overview":"Comedia americana de animación creada por Matt Groening para la compañía Fox. La serie es una parodia satírica del estilo de la clase media americana encarnada por una familia con ese mismo nombre, compuesta por Homer, Marge, Bart, Lisa, y Maggie Simpson. La trama se desarrolla en la ciudad ficticia de Springfield y parodia la cultura, la sociedad, la televisión estadounidense y muchos otros aspectos de la condición humana.","homepage":"","tagline":"En sus puestos, listos, ¡ouch!"}},{"iso_3166_1":"MX","iso_639_1":"es","name":"Español","english_name":"Spanish","data":{"name":"Los Simpson","overview":"Ubicado en Springfield, la ciudad estadounidense promedio, el espectáculo se centra en las travesuras y las aventuras cotidianas de la familia Simpson; Homero, Marge, Bart, Lisa y Maggie, así como un reparto virtual de miles. Desde el principio, la serie ha sido un icono de la cultura pop, que atrae a cientos de celebridades a la estrella invitada. El programa también se ha dado a conocer en su intrépida visión satírica de la política, los medios y la vida estadounidense en general.","homepage":"","tagline":""}},{"iso_3166_1":"EE","iso_639_1":"et","name":"Eesti","english_name":"Estonian","data":{"name":"Simpsonid","overview":"","homepage":"","tagline":""}},{"iso_3166_1":"IR","iso_639_1":"fa","name":"فارسی","english_name":"Persian","data":{"name":"سیمپسون‌ها","overview":"سیمپسون ها به صورت قسمت های مجزّا و معمولاً بدون دنباله ارائه می شود. اما به طور کلی، موضوع آن درباره خانواده ای آمریکائی از طبقه کارگر است که سعی می شود نماینده طیف وسیعی از جامعه آمریکا باشد...","homepage":"","tagline":""}},{"iso_3166_1":"FI","iso_639_1":"fi","name":"suomi","english_name":"Finnish","data":{"name":"Simpsonit","overview":"Simpsonit - englanniksi The Simpsons - on yhdysvaltalainen animaatiosarja ja yksi kaikkien aikojen tunnetuimmista kulttuuri-ilmiöistä maailmassa. Simpsonit on miljoonayleisönsä turvin pyörinyt kotimaassaan kauemmin kuin mikään muu primetime-viihdeohjelma, minkä lisäksi se on voittanut huimat määrät viihdealan palkintoja. Sarjan pohjalta on myös julkaistu yksi kokoillan elokuva, lukuisia sarjakuvateoksia ja kirjoja sekä valtava määrä muita oheistuotteita.","homepage":"","tagline":""}},{"iso_3166_1":"CA","iso_639_1":"fr","name":"Français","english_name":"French","data":{"name":"Les Simpson","overview":"","homepage":"","tagline":""}},{"iso_3166_1":"FR","iso_639_1":"fr","name":"Français","english_name":"French","data":{"name":"Les Simpson","overview":"Les Simpson, famille américaine moyenne, vivent à Springfield. Homer, le père, a deux passions : regarder la télé et boire des bières. Mais son quotidien est rarement reposant, entre son fils Bart qui fait toutes les bêtises possibles, sa fille Lisa qui est une surdouée, ou encore sa femme Marge qui ne supporte pas de le voir se soûler à longueur de journée.","homepage":"","tagline":"A vos marques, prêt, d'Oh !"}},{"iso_3166_1":"IL","iso_639_1":"he","name":"עִבְרִית","english_name":"Hebrew","data":{"name":"משפחת סימפסון","overview":"המשפחה, שהיא משפחה חצי נורמלית, חייה בעיר הבידיונית ספרינגפילד. הומר, האב השתיין השמן שאוהב דונאטס, הוא לא בדיוק אב השנה. לעומתו, מארג', האם, היא כן אם טובה שהדבר שהכי מעניין אותה זה לקנות ולדאוג לילדים. והילדים: בארט, הילד הבעייתי של המשפחה, תמיד מסתבך בצרות, ליסה הבת החכמה של המשפחה שהיא תמיד רוצה ללכת למוזאונים ולקרוא ספרים וגם לנגן בסקסופון שלה, ויש את מגי. מגי היא תינוקת רגילה וממוצאת. כך הסדרה מתקיימת, עם עוד שלל דמויות נחמדות וחביבות שהן עוזרות להם בכל פרק בהרפתקה חדשה.","homepage":"","tagline":""}},{"iso_3166_1":"HR","iso_639_1":"hr","name":"Hrvatski","english_name":"Croatian","data":{"name":"Simpsoni","overview":"Animirana serija koja na satiričan način parodira američki način života.","homepage":"","tagline":""}},{"iso_3166_1":"HU","iso_639_1":"hu","name":"Magyar","english_name":"Hungarian","data":{"name":"A Simpson család","overview":"Aki még nem ismeri a Simpson családot, annak fogalma sincs arról, hogy egy rajzfilm ilyen humoros is lehet!\n\nImmár több mint 10 éve fut az amerikai televízióban töretlen, sőt, egyre növekvő népszerűséggel a különös Simpson család hajmeresztően vicces hétköznapjait bemutató rajzfilmsorozat. Az atomerőműben dolgozó, kissé bugyuta Homer, felesége, a kontymagassági világrekordot tartó Marge, egyetlen szertelen fiúk, a mindig minden kópéságra kapható Bart, a család esze, a kis Lisa és a mindig láb alatt totyogó aprócska cumis Maggie népszerűsége mostanra olyan figurákéval vetekszik, mint Mickey Egér, Superman és Tapsi Hapsi! A siker nem véletlen, hiszen a nem csak rikító sárga külsejük miatt abnormális Simpsonék kalandjaik során a mindenki által jól ismert hétköznapi helyzeteket, a legismertebb sztárokat, politikusokat és a legnagyobb filmsikereket figurázzák ki rendkívül eredeti és harsány humorral.","homepage":"","tagline":""}},{"iso_3166_1":"ID","iso_639_1":"id","name":"Bahasa indonesia","english_name":"Indonesian","data":{"name":"","overview":"Bertempat di Springfield, kota rata-rata di Amerika, pertunjukan ini berfokus pada kejenakaan dan petualangan sehari-hari keluarga Simpson; Homer, Marge, Bart, Lisa dan Maggie, serta ribuan pemain virtual. Sejak awal, serial ini telah menjadi ikon budaya pop, menarik ratusan selebriti menjadi bintang tamu. Acara ini juga menjadi terkenal karena satirnya yang tak kenal takut terhadap kehidupan politik, media, dan Amerika secara umum.","homepage":"","tagline":""}},{"iso_3166_1":"IT","iso_639_1":"it","name":"Italiano","english_name":"Italian","data":{"name":"I Simpson","overview":"I Simpson (The Simpsons) è una popolare sitcom animata creata dal fumettista statunitense Matt Groening alla fine degli anni ottanta per la Fox Broadcasting Company. È una parodia satirica della società e dello stile di vita statunitensi, personificati dalla famiglia protagonista, di cui fanno parte Homer, Marge e i loro tre figli Bart, Lisa e Maggie.\n\nAmbientato in una cittadina statunitense chiamata Springfield, lo show tratta in chiave umoristica molti aspetti della condizione umana, così come la cultura, la società in generale e la stessa televisione.","homepage":"","tagline":""}},{"iso_3166_1":"JP","iso_639_1":"ja","name":"日本語","english_name":"Japanese","data":{"name":"ザ・シンプソンズ","overview":"","homepage":"","tagline":""}},{"iso_3166_1":"KR","iso_639_1":"ko","name":"한국어/조선말","english_name":"Korean","data":{"name":"심슨 가족","overview":"1989년 12월 FOX에서 방영을 시작한 애니메이션. 미국의 스프링필드를 배경으로 먹는 걸 유난히 밝히고 게으르며 독특한 성격의 가장 호머, 항상 사고만 치고 다니는 남편과 아이들의 뒤치다꺼리를 도맡아 하는 엄마 마지, 하루라도 장난을 치지 않고 넘어가는 날이 없는 장난꾸러기 아들 바트, 나이에 비해 꽤나 어른스럽고 똑똑한 리사, 그리고 말은 한마디도 못하지만 의외의 대활약을 보여주는 막내 메기 등 각각의 개성 만점 가족 구성원들이 펼치는 극적인 하루하루를 그리고 있다.","homepage":"","tagline":""}},{"iso_3166_1":"LB","iso_639_1":"lb","name":"","english_name":"Letzeburgesch","data":{"name":"","overview":"","homepage":"","tagline":""}},{"iso_3166_1":"LT","iso_639_1":"lt","name":"Lietuvių","english_name":"Lithuanian","data":{"name":"Simpsonai","overview":"Nepaprastos šeimynos – Houmerio, Mardžės, Barto, Lizos ir Megės nepaprastas gyvenimas Springfilde ir nuotykiai tęsiasi.","homepage":"","tagline":""}},{"iso_3166_1":"LV","iso_639_1":"lv","name":"Latviešu","english_name":"Latvian","data":{"name":"Simpsoni","overview":"Simpsoni ir amerikāņu animācijas seriāls, ko radījis Mets Grenings. Seriālā tiek satīriski apspēlēta vidusmēra amerikāņu ģimenes dzīve. Ģimenes galva ir Homērs, viņš ir precējies ar sievu Mārdžu un viņiem abiem ir trīs bērni: Bārts, Liza un Megija. Seriāla darbība norisinās izdomātā pilsētā - Springfīldā un tajā tiek 'izsmieta' amerikāņu kultūra, sabiedrība, televīzija.","homepage":"","tagline":""}},{"iso_3166_1":"NL","iso_639_1":"nl","name":"Nederlands","english_name":"Dutch","data":{"name":"","overview":"The Simpsons zijn een gezin van misfits wonende in Springfield. Vader Homer werkt op een kernreactor en heeft altijd pech. Marge is de supermama. Bart is een straatschoffie, Lisa het wonderkind en dan is er nog de speenzuigende baby Maggie.","homepage":"","tagline":""}},{"iso_3166_1":"NO","iso_639_1":"no","name":"Norsk","english_name":"Norwegian","data":{"name":"The Simpsons","overview":"Familien Simpson er en satirisk fremstilling av den amerikanske familien. Vi følger dem i deres ikke særlig normale liv. Pappa Homer har dårlige manerer, arbeider i et kjernekraftverk og er ganske dum, men han elsker sin familie over alt på jord. Sønnen Bart er konstant på jakt etter nye apestreker, mens datteren Lisa er den intelligente. Baby Maggie kommuniserer.","homepage":"","tagline":""}},{"iso_3166_1":"PL","iso_639_1":"pl","name":"Polski","english_name":"Polish","data":{"name":"Simpsonowie","overview":"Marge, Homer, Bart, Lisa i Maggie Simpsonowie mieszkają na przedmieściu Springfield, przeciętnego amerykańskiego miasteczka. Ich przygody jednak do przeciętnych nie należą...","homepage":"","tagline":""}},{"iso_3166_1":"BR","iso_639_1":"pt","name":"Português","english_name":"Portuguese","data":{"name":"Os Simpsons","overview":"A família Simpsons mora na cidade de  Springfield, uma cidade americana como qualquer outra. Homer trabalha como inspetor de segurança numa usina de  energia nuclear. Marge tenta manter a paz em sua família. Bart é um  travesso garoto de 10 anos. Lisa, 8, é a inteligente da família, que  adora tocar saxofone e é vegetariana. E a pequena Maggie conquista todos  enquanto não larga sua chupeta. E a série tem um rico, e muitas vezes  estranho, universo de personagens que também habitam Springfield. Com roteiros inteligentes, humor subversivo e divertidamente  genial, a série faz piadas de si mesma e de todo mundo que aparecer em  seu caminho.","homepage":"","tagline":"Em suas marcas, preparar, D'oh!"}},{"iso_3166_1":"PT","iso_639_1":"pt","name":"Português","english_name":"Portuguese","data":{"name":"Os Simpsons","overview":"A família: Homer, o pai desajeitado que trabalha como inspector na fábrica nuclear de Springfield, cidade onde vivem; Marge, a sua mulher que tenta, a todo o custo, manter a paz entre todos os membros da família; Bart, o malicioso rapaz de 10 anos que é um autêntico diabinho; Lisa, a inteligente rapariga de 8 anos que toca saxofone e é a vegetariana da família e, por fim, a bebé Maggie que transmite as suas emoções através da sua chupeta.","homepage":"","tagline":""}},{"iso_3166_1":"RO","iso_639_1":"ro","name":"Română","english_name":"Romanian","data":{"name":"Familia Simpson","overview":"Cu locația în Springfield, orașul tipic american, povestea se concentrează pe aventurile ridicole ale familiei Simpson; Homer, Marge, Bart, Lisa și Maggie, dar și pe o distribuție de alte câteva sute de personaje.\n\nDe la început, seria a devenit un simbol cultural, atrăgând sute de vedete care și-au făcut apariția ca invitați. Serialul și-a făcut un nume prin satira fără frică asupra politicii, mediei și vieții americane în general.","homepage":"","tagline":""}},{"iso_3166_1":"RU","iso_639_1":"ru","name":"Pусский","english_name":"Russian","data":{"name":"Симпсоны","overview":"Мультфильм — пародия на американский уклад жизни. Cемейство Симпсонов состоит из пяти членов: папаша Гомер, мать семейства Мардж, их дочери Лиза и Мэгги и несносный подросток Барт.","homepage":"","tagline":"Просто продукт общества, которое потеряло свои хорошие манеры"}},{"iso_3166_1":"SK","iso_639_1":"sk","name":"Slovenčina","english_name":"Slovak","data":{"name":"Simpsonovci","overview":"Simpsonovci je animovaný komediálny seriál zo života rodiny žijúcej na predmestí amerického fiktívneho malomesta Springfield. Jednotliví rodinní príslušníci sú paródiou na tradičných členov rodiny americkej strednej vrstvy. Seriál zosmiešňuje nielen vlastnosti charakterových stereotypov, ale aj americkú kultúru, spoločnosť, politiku a média.","homepage":"","tagline":""}},{"iso_3166_1":"RS","iso_639_1":"sr","name":"Srpski","english_name":"Serbian","data":{"name":"Симпсонови","overview":"Серија је сатирична пародија начина живота америчког средњег сталежа, представљеног кроз живот породице из наслова.","homepage":"","tagline":""}},{"iso_3166_1":"SE","iso_639_1":"sv","name":"svenska","english_name":"Swedish","data":{"name":"Simpsons","overview":"Den amerikanska tecknade serien The Simpsons handlar om de vardagliga problemen och äventyren hos den minst sagt annorlunda familjen med samma namn i den fiktiva staden Springfield. Familjens medlemmar består av den lite korkade pappan Homer, sonen och busfröet Bart, den smarta dottern Lisa, mamma Marge, babyn Maggie och deras vänner.","homepage":"","tagline":""}},{"iso_3166_1":"IN","iso_639_1":"ta","name":"தமிழ்","english_name":"Tamil","data":{"name":"","overview":"","homepage":"","tagline":""}},{"iso_3166_1":"TH","iso_639_1":"th","name":"ภาษาไทย","english_name":"Thai","data":{"name":"เดอะ ซิมป์สันส์","overview":"เนื้อเรื่องตลกเสียดสีวิถีชีวิตชนชั้นกลางของชาวอเมริกัน โดยผ่านตัวละครในครอบครัวคือ โฮเมอร์, มาร์จ, บาร์ต, ลิซา และ แม็กกี โดยมีเนื้อหาเกิดที่เมืองที่ชื่อ สปริงฟิลด์ ที่ถากถางมุมมองของสังคมมนุษย์ วัฒนธรรมอเมริกัน สังคมทั้งหมดและวงการโทรทัศน์","homepage":"","tagline":""}},{"iso_3166_1":"TR","iso_639_1":"tr","name":"Türkçe","english_name":"Turkish","data":{"name":"Simpsonlar","overview":"Televizyon tarihinde bir çizgi dizi efsanesi!\n\nOnları tanıtmaya ne hacet? İsimlerini söylemek yeterli. Gırtlağına düşkün Homer; dimdik duran saçlarıyla Marge; haylaz oğlan çocuğu Bart ve ailenin en duyarlı ve entelektüel kişisi Lisa... Tabii bir de komşuları Flanders’tan, bar sahibi Moe’ya, kentin sahibi zengin Bay Burns’e dek birbirinden renkli yığınla karakter. The Simpsons yetişkinlerin de çizgi film hastası olabileceğinin en büyük kanıtı.\n\nTuhaf görünüşleri ve sıradışı tavırlarıyla Amerika’da en uzun süreyle yayında kalma rekorunu kıran “The Simpsons”, yayın hayatına 1987 yılında Tracy Ulmann Show’da kısa skeçler olarak başladı. Animasyon dünyasında çığır açan bu “uçuk” aile, yarım saatlik çizgi dizi formatına dönüştürülürken orijinal karakterlerin görünüşleri de değişti. Kısa bir süre sonra da televizyon tarihinin en önemli yapımlarından biri oldu.","homepage":"","tagline":""}},{"iso_3166_1":"UA","iso_639_1":"uk","name":"Український","english_name":"Ukrainian","data":{"name":"Сімпсони","overview":"Американський анімаційний серіал, створений Меттом Ґрейнінґом для компанії Fox. Мультсеріал — сатирична пародія на стиль життя середнього класу США, втілена в сім'ї Сімпсонів, яка складається з Гомера, Мардж, Барта, Ліси та Меґґі. Більшість подій відбуваються у вигаданому містечку Спрингфілді. Шоу висміює численні аспекти життя людей, американську культуру, суспільство, навіть американське телебачення.","homepage":"","tagline":""}},{"iso_3166_1":"UZ","iso_639_1":"uz","name":"ozbek","english_name":"Uzbek","data":{"name":"Simpsonlar","overview":"Multfilm — amerikaliklar hayoti tarziga parodiya. Simpsonlar oilasi beshta a’zodan iborat: otasi Gomer, oilaning onasi Marj, ularning qizlari, Liza va Meggi, va chidab bo‘lmaydigan darajadagi o‘smir Bart.","homepage":"","tagline":""}},{"iso_3166_1":"CN","iso_639_1":"zh","name":"普通话","english_name":"Mandarin","data":{"name":"辛普森一家","overview":"辛普森一家是来自美国普通的五口之家，荷马（丹•卡斯泰兰尼塔 Dan Castellaneta 配音）是春田镇核能工厂的安全检查员，母亲马芝（朱莉•卡夫娜 Julie Kavner 配音）曾经是一个很有思想的女性，自从嫁给荷马后渐渐地适应了主妇生活的定式。巴特（南茜•卡特莱特 Nancy Cartwright 配音）是家中的长子，天性顽皮的巴特经常爱玩一些恶作剧，以至于经常惹麻烦。妹妹丽莎（雅德丽•史密斯 Yeardley Smith 配音）是一个很聪明的孩子，同时还是素食主义者，佛教徒，爵士乐。小女马姬是一个永远长不大的孩子。故事设定于虚构小镇春田镇，从许多角度对美国的文化与社会、人的条件和电视本身进行了幽默的嘲讽，经久不衰。\n\n《辛普森一家》（The Simpsons）是美国福克斯广播公司的一部动画情景喜剧，作为美国历史上最长寿的情景喜剧及动画节目，《辛普森一家》对流行文化产生了极大的影响，也赢取了大量的奖项，更是被《时代》周刊等权威刊物评为90年代最优秀的情景喜剧。","homepage":"","tagline":""}},{"iso_3166_1":"HK","iso_639_1":"zh","name":"普通话","english_name":"Mandarin","data":{"name":"阿森一族","overview":"《阿森一族》是馬特·格朗寧為美國霍士廣播公司創作的一部成人動畫情景喜劇。該劇透過展現荷馬、瑪吉、巴特、麗莎和奶咀一家五口的日常生活，諷刺性地描繪了美國中產階級的生活方式。空間設定於虛構小鎮春田市的《阿森一族》，幽默地嘲諷了美國文化、社會、電視節目和人生百態。","homepage":"","tagline":""}},{"iso_3166_1":"TW","iso_639_1":"zh","name":"普通话","english_name":"Mandarin","data":{"name":"辛普森家庭","overview":"辛普森一家是居住在美國「心臟地帶」類型的小鎮內糊的一個典型家庭。家中的父親荷馬擔任著內糊核電站的安全檢查員——這個職位與他粗心、弄臣式的個性顯得很不相稱。他的妻子瑪姬·辛普森，是一位典型的美國式主婦和母親。他們有著三個孩子：十歲的大兒子巴特是一個麻煩製造者；八歲早熟的女兒麗莎是一位積極行動主義者；小女兒麥姬是一個幾乎不會說話，只能用吸橡皮奶嘴進行交流的嬰兒。這家人養有一條名叫勇哥的狗，以及一隻名叫雪球二世的貓。兩隻寵物都曾在幾集動畫中充當中心角色。儘管度過了許多次節日或生日這樣的年度重要事件，辛普森一家人都沒有因為真實歲月的流逝而逐漸老去，其面貌與他們在1980年代末露面時並無二樣。\n\n《辛普森家庭》有許多怪僻的次要角色：同事、老師、親朋好友、地方名人。格朗寧起初只是打算讓這些角色出現一次，讓他們充當笑料製造者，或用來填補小鎮需要的一些功能。不過，大部分的這些角色後來都被保留了下來，其形象也得到擴充，甚至不少角色在後來還成為了幾集動畫的中心人物。","homepage":"","tagline":""}}]},"keywords":{"results":[{"name":"satire","id":8201},{"name":"nuclear power plant","id":4368},{"name":"parody","id":9755},{"name":"middle class","id":6071},{"name":"dysfunctional family","id":10041},{"name":"social satire","id":11514},{"name":"neighbor","id":10226}]}}
<-- END HTTP (81742-byte, 31165-gzipped-byte body)
]]></system-out>
  </testcase>
  <testcase name="test_translations" classname="com.uwetrottmann.tmdb2.services.TvServiceTest" time="0.541"/>
  <testcase name="test_topRated" classname="com.uwetrottmann.tmdb2.services.TvServiceTest" time="0.186"/>
</testsuite>