<?xml version="1.0" encoding="UTF-8"?>
<testsuite xmlns:xsi="http://www.w3.org/2001/XMLSchema-instance" xsi:noNamespaceSchemaLocation="https://maven.apache.org/surefire/maven-surefire-plugin/xsd/surefire-test-report.xsd" name="com.uwetrottmann.tmdb2.services.MoviesServiceTest" time="8.405" tests="21" errors="0" skipped="0" failures="3">
  <properties>
[...]
</properties>
  <testcase name="test_nowPlaying" classname="com.uwetrottmann.tmdb2.services.MoviesServiceTest" time="0.136"/>
  <testcase name="test_release_dates" classname="com.uwetrottmann.tmdb2.services.MoviesServiceTest" time="0.164">
    <failure message="&#10;Expecting actual not to be null" type="java.lang.AssertionError">java.lang.AssertionError: 

Expecting actual not to be null
	at com.uwetrottmann.tmdb2.services.MoviesServiceTest.test_release_dates(MoviesServiceTest.java:216)
</failure>
    <system-out><![CDATA[--> GET https://api.themoviedb.org/3/movie/24428/release_dates?api_key=25da90e9f8f0b3892d8bdeb6c3d6267d h2
Host: api.themoviedb.org
Connection: Keep-Alive
Accept-Encoding: gzip
User-Agent: okhttp/3.12.0
--> END GET
<-- 200 https://api.themoviedb.org/3/movie/24428/release_dates?api_key=25da90e9f8f0b3892d8bdeb6c3d6267d (157ms)
content-type: application/json;charset=utf-8
date: Mon, 27 Jul 2020 01:35:44 GMT
server: openresty
access-control-allow-origin: *
access-control-allow-methods: GET, HEAD, POST, PUT, DELETE, OPTIONS
access-control-expose-headers: ETag, X-RateLimit-Limit, X-RateLimit-Remaining, X-RateLimit-Reset, Retry-After, Content-Length, Content-Range
cache-control: public, max-age=21600
x-memc: HIT
x-memc-key: 6dbe244303fe3484576e667740169539
x-memc-age: 118
x-memc-expires: 21482
etag: W/"fbd21f61b18b0eb4d61f1f3132dc4b31"
last-modified: Mon, 27 Jul 2020 01:35:44 GMT
content-encoding: gzip
vary: Accept-Encoding
x-cache: Miss from cloudfront
via: 1.1 c26b8e74df43cd99786e716221463d0c.cloudfront.net (CloudFront)
x-amz-cf-pop: FRA6-C1
x-amz-cf-id: qyyAfK7rf3WaEEE4QYO0q2GzuNBk5b37SIGR64M4SD_mblb7LeD2Jg==

{"id":24428,"results":[{"iso_3166_1":"GR","release_dates":[{"certification":"Κ-13","iso_639_1":"","note":"","release_date":"2012-04-25T00:00:00.000Z","type":3}]},{"iso_3166_1":"IT","release_dates":[{"certification":"T","iso_639_1":"","note":"","release_date":"2012-04-25T00:00:00.000Z","type":3}]},{"iso_3166_1":"QA","release_dates":[{"certification":"Qatar Cinemas","iso_639_1":"","note":"","release_date":"2012-04-27T00:00:00.000Z","type":3}]},{"iso_3166_1":"US","release_dates":[{"certification":"PG-13","iso_639_1":"","note":"","release_date":"2012-05-04T00:00:00.000Z","type":3}]},{"iso_3166_1":"CA","release_dates":[{"certification":"PG","iso_639_1":"","note":"","release_date":"2012-05-04T00:00:00.000Z","type":3}]},{"iso_3166_1":"AU","release_dates":[{"certification":"M","iso_639_1":"","note":"","release_date":"2012-04-25T00:00:00.000Z","type":3}]},{"iso_3166_1":"ES","release_dates":[{"certification":"7","iso_639_1":"es","note":"","release_date":"2012-04-27T00:00:00.000Z","type":3}]},{"iso_3166_1":"KR","release_dates":[{"certification":"12세 이상 관람가","iso_639_1":"","note":"","release_date":"2012-04-26T00:00:00.000Z","type":3}]},{"iso_3166_1":"GB","release_dates":[{"certification":"12A","iso_639_1":"","note":"","release_date":"2012-04-26T00:00:00.000Z","type":3}]},{"iso_3166_1":"LV","release_dates":[{"certification":"12+","iso_639_1":"","note":"","release_date":"2012-05-01T00:00:00.000Z","type":3}]},{"iso_3166_1":"BR","release_dates":[{"certification":"12","iso_639_1":"","note":"","release_date":"2012-04-27T00:00:00.000Z","type":3}]},{"iso_3166_1":"SK","release_dates":[{"certification":"12","iso_639_1":"","note":"","release_date":"2012-05-03T00:00:00.000Z","type":3}]},{"iso_3166_1":"NL","release_dates":[{"certification":"12","iso_639_1":"","note":"","release_date":"2012-04-25T00:00:00.000Z","type":3},{"certification":"12","iso_639_1":"","note":"DVD","release_date":"2012-08-26T00:00:00.000Z","type":5},{"certification":"12","iso_639_1":"","note":"Blu ray","release_date":"2012-08-29T00:00:00.000Z","type":5},{"certification":"12","iso_639_1":"","note":"Veronica","release_date":"2014-09-01T00:00:00.000Z","type":6}]},{"iso_3166_1":"BE","release_dates":[{"certification":"12","iso_639_1":"","note":"","release_date":"2012-04-25T00:00:00.000Z","type":3}]},{"iso_3166_1":"SE","release_dates":[{"certification":"11","iso_639_1":"","note":"","release_date":"2012-04-27T00:00:00.000Z","type":3},{"certification":"11","iso_639_1":"","note":"","release_date":"2012-09-05T00:00:00.000Z","type":5}]},{"iso_3166_1":"DK","release_dates":[{"certification":"11","iso_639_1":"","note":"","release_date":"2012-04-26T00:00:00.000Z","type":3}]},{"iso_3166_1":"PA","release_dates":[{"certification":"","iso_639_1":"","note":"","release_date":"2012-04-27T00:00:00.000Z","type":3}]},{"iso_3166_1":"GT","release_dates":[{"certification":"","iso_639_1":"","note":"","release_date":"2012-04-27T00:00:00.000Z","type":3}]},{"iso_3166_1":"PY","release_dates":[{"certification":"","iso_639_1":"","note":"","release_date":"2012-04-27T00:00:00.000Z","type":3}]},{"iso_3166_1":"FR","release_dates":[{"certification":"U","iso_639_1":"","note":"","release_date":"2012-04-25T00:00:00.000Z","type":3}]},{"iso_3166_1":"IN","release_dates":[{"certification":"","iso_639_1":"","note":"","release_date":"2012-04-27T00:00:00.000Z","type":3}]},{"iso_3166_1":"IS","release_dates":[{"certification":"","iso_639_1":"","note":"","release_date":"2012-04-27T00:00:00.000Z","type":3}]},{"iso_3166_1":"GE","release_dates":[{"certification":"","iso_639_1":"","note":"","release_date":"2012-05-31T00:00:00.000Z","type":3}]},{"iso_3166_1":"CR","release_dates":[{"certification":"","iso_639_1":"","note":"","release_date":"2012-04-27T00:00:00.000Z","type":3}]},{"iso_3166_1":"TH","release_dates":[{"certification":"PG-13","iso_639_1":"","note":"","release_date":"2012-05-01T00:00:00.000Z","type":3}]},{"iso_3166_1":"CO","release_dates":[{"certification":"","iso_639_1":"","note":"","release_date":"2012-04-27T00:00:00.000Z","type":3}]},{"iso_3166_1":"NZ","release_dates":[{"certification":"","iso_639_1":"","note":"","release_date":"2012-04-25T00:00:00.000Z","type":3}]},{"iso_3166_1":"HU","release_dates":[{"certification":"12","iso_639_1":"","note":"","release_date":"2012-04-26T00:00:00.000Z","type":3}]},{"iso_3166_1":"BG","release_dates":[{"certification":"","iso_639_1":"","note":"","release_date":"2012-05-01T00:00:00.000Z","type":3}]},{"iso_3166_1":"TR","release_dates":[{"certification":"","iso_639_1":"","note":"","release_date":"2012-05-04T00:00:00.000Z","type":3}]},{"iso_3166_1":"PE","release_dates":[{"certification":"","iso_639_1":"","note":"","release_date":"2012-04-26T00:00:00.000Z","type":3}]},{"iso_3166_1":"HR","release_dates":[{"certification":"","iso_639_1":"","note":"","release_date":"2012-05-03T00:00:00.000Z","type":3}]},{"iso_3166_1":"DE","release_dates":[{"certification":"12","iso_639_1":"","note":"","release_date":"2012-04-26T00:00:00.000Z","type":3}]},{"iso_3166_1":"JP","release_dates":[{"certification":"","iso_639_1":"","note":"","release_date":"2012-08-14T00:00:00.000Z","type":3}]},{"iso_3166_1":"DO","release_dates":[{"certification":"","iso_639_1":"","note":"","release_date":"2012-04-26T00:00:00.000Z","type":3}]},{"iso_3166_1":"CZ","release_dates":[{"certification":"","iso_639_1":"","note":"","release_date":"2012-05-03T00:00:00.000Z","type":3}]},{"iso_3166_1":"KZ","release_dates":[{"certification":"","iso_639_1":"","note":"","release_date":"2012-05-03T00:00:00.000Z","type":3}]},{"iso_3166_1":"IE","release_dates":[{"certification":"","iso_639_1":"","note":"","release_date":"2012-04-26T00:00:00.000Z","type":3}]},{"iso_3166_1":"MY","release_dates":[{"certification":"","iso_639_1":"","note":"","release_date":"2012-04-26T00:00:00.000Z","type":3}]},{"iso_3166_1":"AT","release_dates":[{"certification":"","iso_639_1":"","note":"","release_date":"2012-04-26T00:00:00.000Z","type":3}]},{"iso_3166_1":"TW","release_dates":[{"certification":"","iso_639_1":"","note":"","release_date":"2012-04-25T00:00:00.000Z","type":3}]},{"iso_3166_1":"KW","release_dates":[{"certification":"","iso_639_1":"","note":"","release_date":"2012-05-03T00:00:00.000Z","type":3}]},{"iso_3166_1":"MX","release_dates":[{"certification":"","iso_639_1":"","note":"","release_date":"2012-04-27T00:00:00.000Z","type":3}]},{"iso_3166_1":"PH","release_dates":[{"certification":"","iso_639_1":"","note":"","release_date":"2012-04-25T00:00:00.000Z","type":3}]},{"iso_3166_1":"UA","release_dates":[{"certification":"","iso_639_1":"","note":"","release_date":"2012-05-03T00:00:00.000Z","type":3}]},{"iso_3166_1":"FI","release_dates":[{"certification":"","iso_639_1":"","note":"","release_date":"2012-04-27T00:00:00.000Z","type":3}]},{"iso_3166_1":"BD","release_dates":[{"certification":"","iso_639_1":"","note":"","release_date":"2012-08-03T00:00:00.000Z","type":3}]},{"iso_3166_1":"ZA","release_dates":[{"certification":"10V","iso_639_1":"","note":"","release_date":"2012-04-26T00:00:00.000Z","type":3}]},{"iso_3166_1":"AR","release_dates":[{"certification":"","iso_639_1":"","note":"","release_date":"2012-04-26T00:00:00.000Z","type":3}]},{"iso_3166_1":"HK","release_dates":[{"certification":"","iso_639_1":"","note":"","release_date":"2012-04-26T00:00:00.000Z","type":3}]},{"iso_3166_1":"UY","release_dates":[{"certification":"","iso_639_1":"","note":"","release_date":"2012-04-27T00:00:00.000Z","type":3}]},{"iso_3166_1":"LT","release_dates":[{"certification":"","iso_639_1":"","note":"","release_date":"2012-05-04T00:00:00.000Z","type":3}]},{"iso_3166_1":"IL","release_dates":[{"certification":"","iso_639_1":"","note":"","release_date":"2012-05-10T00:00:00.000Z","type":3}]},{"iso_3166_1":"VN","release_dates":[{"certification":"","iso_639_1":"","note":"","release_date":"2012-04-27T00:00:00.000Z","type":3}]},{"iso_3166_1":"PK","release_dates":[{"certification":"","iso_639_1":"","note":"","release_date":"2012-05-11T00:00:00.000Z","type":3}]},{"iso_3166_1":"BH","release_dates":[{"certification":"","iso_639_1":"","note":"","release_date":"2012-05-03T00:00:00.000Z","type":3}]},{"iso_3166_1":"AM","release_dates":[{"certification":"","iso_639_1":"","note":"","release_date":"2012-05-10T00:00:00.000Z","type":3}]},{"iso_3166_1":"SI","release_dates":[{"certification":"","iso_639_1":"","note":"","release_date":"2012-05-03T00:00:00.000Z","type":3}]},{"iso_3166_1":"EE","release_dates":[{"certification":"","iso_639_1":"","note":"","release_date":"2012-05-04T00:00:00.000Z","type":3}]},{"iso_3166_1":"PL","release_dates":[{"certification":"","iso_639_1":"","note":"","release_date":"2012-05-11T00:00:00.000Z","type":3}]},{"iso_3166_1":"CL","release_dates":[{"certification":"","iso_639_1":"","note":"","release_date":"2012-04-26T00:00:00.000Z","type":3}]},{"iso_3166_1":"SG","release_dates":[{"certification":"","iso_639_1":"","note":"","release_date":"2012-05-01T00:00:00.000Z","type":3}]},{"iso_3166_1":"MK","release_dates":[{"certification":"","iso_639_1":"","note":"","release_date":"2012-05-11T00:00:00.000Z","type":3}]},{"iso_3166_1":"RU","release_dates":[{"certification":"12+","iso_639_1":"","note":"","release_date":"2012-05-03T00:00:00.000Z","type":3},{"certification":"12+","iso_639_1":null,"note":"DVD, Blu-ray","release_date":"2012-08-28T00:00:00.000Z","type":5}]},{"iso_3166_1":"ID","release_dates":[{"certification":"","iso_639_1":"","note":"","release_date":"2012-05-04T00:00:00.000Z","type":3}]},{"iso_3166_1":"PT","release_dates":[{"certification":"M/12","iso_639_1":"","note":"","release_date":"2012-04-25T00:00:00.000Z","type":3}]},{"iso_3166_1":"RO","release_dates":[{"certification":"","iso_639_1":"","note":"","release_date":"2012-05-04T00:00:00.000Z","type":3}]},{"iso_3166_1":"NO","release_dates":[{"certification":"","iso_639_1":"","note":"","release_date":"2012-04-27T00:00:00.000Z","type":3}]},{"iso_3166_1":"KH","release_dates":[{"certification":"","iso_639_1":"","note":"","release_date":"2012-05-17T00:00:00.000Z","type":3}]}]}
<-- END HTTP (9957-byte, 810-gzipped-byte body)
]]></system-out>
  </testcase>
  <testcase name="test_popular" classname="com.uwetrottmann.tmdb2.services.MoviesServiceTest" time="0.203"/>
  <testcase name="test_externalIds" classname="com.uwetrottmann.tmdb2.services.MoviesServiceTest" time="0.083"/>
  <testcase name="test_keywords" classname="com.uwetrottmann.tmdb2.services.MoviesServiceTest" time="0.159"/>
  <testcase name="test_changes" classname="com.uwetrottmann.tmdb2.services.MoviesServiceTest" time="0.406"/>
  <testcase name="test_images" classname="com.uwetrottmann.tmdb2.services.MoviesServiceTest" time="0.149"/>
  <testcase name="test_latest" classname="com.uwetrottmann.tmdb2.services.MoviesServiceTest" time="0.021"/>
  <testcase name="test_summary_language" classname="com.uwetrottmann.tmdb2.services.MoviesServiceTest" time="0.115">
    <failure message="expected:&lt;&quot;[The Avengers - ]Os Vingadores&quot;&gt; but was:&lt;&quot;[]Os Vingadores&quot;&gt;" type="org.junit.ComparisonFailure"><![CDATA[org.junit.ComparisonFailure: expected:<"[The Avengers - ]Os Vingadores"> but was:<"[]Os Vingadores">
	at com.uwetrottmann.tmdb2.services.MoviesServiceTest.test_summary_language(MoviesServiceTest.java:69)
]]></failure>
    <system-out><![CDATA[--> GET https://api.themoviedb.org/3/movie/24428?language=pt-BR&api_key=25da90e9f8f0b3892d8bdeb6c3d6267d h2
Host: api.themoviedb.org
Connection: Keep-Alive
Accept-Encoding: gzip
User-Agent: okhttp/3.12.0
--> END GET
<-- 200 https://api.themoviedb.org/3/movie/24428?language=pt-BR&api_key=25da90e9f8f0b3892d8bdeb6c3d6267d (165ms)
content-type: application/json;charset=utf-8
date: Mon, 27 Jul 2020 01:35:45 GMT
server: openresty
access-control-allow-origin: *
access-control-allow-methods: GET, HEAD, POST, PUT, DELETE, OPTIONS
access-control-expose-headers: ETag, X-RateLimit-Limit, X-RateLimit-Remaining, X-RateLimit-Reset, Retry-After, Content-Length, Content-Range
cache-control: public, max-age=21600
x-memc: HIT
x-memc-key: 69b4946d8df2e98e3291aae5be7873c3
x-memc-age: 9077
x-memc-expires: 12523
etag: W/"dc9711ccf2b21c5d498793e4a90612cf"
last-modified: Mon, 27 Jul 2020 01:35:45 GMT
content-encoding: gzip
vary: Accept-Encoding
x-cache: Miss from cloudfront
via: 1.1 c26b8e74df43cd99786e716221463d0c.cloudfront.net (CloudFront)
x-amz-cf-pop: FRA6-C1
x-amz-cf-id: iZKkUSK3d0ozCUdU0uUlGbK62a7MNJAU1V-2Asyy7M3hpM6COYkqWw==

{"adult":false,"backdrop_path":"/kwUQFeFXOOpgloMgZaadhzkbTI4.jpg","belongs_to_collection":{"id":86311,"name":"Os Vingadores","poster_path":"/bvjltR2nDuhf1NlnwCrgNwvHuIh.jpg","backdrop_path":"/zuW6fOiusv4X9nnW3paHGfXcSll.jpg"},"budget":220000000,"genres":[{"id":878,"name":"Ficção científica"},{"id":28,"name":"Ação"},{"id":12,"name":"Aventura"}],"homepage":"http://marvel.com/avengers_movie/","id":24428,"imdb_id":"tt0848228","original_language":"en","original_title":"The Avengers","overview":"Loki, o irmão de Thor, ganha acesso ao poder ilimitado do cubo cósmico ao roubá-lo de dentro das instalações da S.H.I.E.L.D. Nick Fury, o diretor desta agência internacional que mantém a paz, logo reúne os únicos super-heróis que serão capazes de defender a Terra de ameaças sem precedentes. Homem de Ferro, Capitão América, Hulk, Thor, Viúva Negra e Gavião Arqueiro formam o time dos sonhos de Fury, mas eles precisam aprender a colocar os egos de lado e agir como um grupo em prol da humanidade.","popularity":42.686,"poster_path":"/u49fzmIJHkb1H4oGFTXtBGgaUS1.jpg","production_companies":[{"id":420,"logo_path":"/hUzeosd33nzE5MCNsZxCGEKTXaQ.png","name":"Marvel Studios","origin_country":"US"},{"id":4,"logo_path":"/fycMZt242LVjagMByZOLUGbCvv3.png","name":"Paramount","origin_country":"US"}],"production_countries":[{"iso_3166_1":"US","name":"United States of America"}],"release_date":"2012-04-25","revenue":1519557910,"runtime":143,"spoken_languages":[{"iso_639_1":"en","name":"English"},{"iso_639_1":"hi","name":"हिन्दी"},{"iso_639_1":"ru","name":"Pусский"}],"status":"Released","tagline":"Os maiores heróis da terra juntos.","title":"Os Vingadores","video":false,"vote_average":7.7,"vote_count":22819}
<-- END HTTP (1742-byte, 1070-gzipped-byte body)
]]></system-out>
  </testcase>
  <testcase name="test_credits" classname="com.uwetrottmann.tmdb2.services.MoviesServiceTest" time="0.566"/>
  <testcase name="test_reviews" classname="com.uwetrottmann.tmdb2.services.MoviesServiceTest" time="0.455"/>
  <testcase name="test_videos" classname="com.uwetrottmann.tmdb2.services.MoviesServiceTest" time="0.024"/>
  <testcase name="test_upcoming" classname="com.uwetrottmann.tmdb2.services.MoviesServiceTest" time="0.109"/>
  <testcase name="test_similar" classname="com.uwetrottmann.tmdb2.services.MoviesServiceTest" time="0.081"/>
  <testcase name="test_alternative_titles" classname="com.uwetrottmann.tmdb2.services.MoviesServiceTest" time="0.013"/>
  <testcase name="test_recommendations" classname="com.uwetrottmann.tmdb2.services.MoviesServiceTest" time="0.264"/>
  <testcase name="test_summary" classname="com.uwetrottmann.tmdb2.services.MoviesServiceTest" time="0.071"/>
  <testcase name="test_summary_append_all" classname="com.uwetrottmann.tmdb2.services.MoviesServiceTest" time="4.77">
    <failure message="&#10;Expecting actual not to be null" type="java.lang.AssertionError">java.lang.AssertionError: 

Expecting actual not to be null
	at com.uwetrottmann.tmdb2.services.MoviesServiceTest.test_summary_append_all(MoviesServiceTest.java:105)
</failure>
    <system-out><![CDATA[--> GET https://api.themoviedb.org/3/movie/24428?language=en&append_to_response=release_dates%2Ccredits%2Cvideos%2Calternative_titles%2Csimilar%2Cchanges%2Ctranslations%2Cimages%2Crecommendations%2Creviews%2Clists%2Ckeywords&end_date=2017-04-02&start_date=2017-03-24&api_key=25da90e9f8f0b3892d8bdeb6c3d6267d h2
Host: api.themoviedb.org
Connection: Keep-Alive
Accept-Encoding: gzip
User-Agent: okhttp/3.12.0
--> END GET
<-- 200 https://api.themoviedb.org/3/movie/24428?language=en&append_to_response=release_dates%2Ccredits%2Cvideos%2Calternative_titles%2Csimilar%2Cchanges%2Ctranslations%2Cimages%2Crecommendations%2Creviews%2Clists%2Ckeywords&end_date=2017-04-02&start_date=2017-03-24&api_key=25da90e9f8f0b3892d8bdeb6c3d6267d (626ms)
content-type: application/json;charset=utf-8
date: Mon, 27 Jul 2020 01:35:48 GMT
server: openresty
access-control-allow-origin: *
access-control-allow-methods: GET, HEAD, POST, PUT, DELETE, OPTIONS
access-control-expose-headers: ETag, X-RateLimit-Limit, X-RateLimit-Remaining, X-RateLimit-Reset, Retry-After, Content-Length, Content-Range
cache-control: public, max-age=21600
x-memc: MISS, STORE
x-memc-key: 2298d58822322580a6c40574e2892c2f
x-memc-age: 0
x-memc-expires: 21600
last-modified: 2020-07-08 23:55:53 +0000
etag: W/"08386cb58eb4b0927a0b2a4b41b10b48"
content-encoding: gzip
vary: Accept-Encoding
x-cache: Miss from cloudfront
via: 1.1 c26b8e74df43cd99786e716221463d0c.cloudfront.net (CloudFront)
x-amz-cf-pop: FRA6-C1
x-amz-cf-id: h9ujBIIdUTPxXMs9OEPKUGIPf0a94HMDJaYxhkfSjsWNJ6Gc4kcpMA==

{"adult":false,"backdrop_path":"/kwUQFeFXOOpgloMgZaadhzkbTI4.jpg","belongs_to_collection":{"id":86311,"name":"The Avengers Collection","poster_path":"/tqXiOD5rTyHgabO73Tpw9JDbd88.jpg","backdrop_path":"/zuW6fOiusv4X9nnW3paHGfXcSll.jpg"},"budget":220000000,"genres":[{"id":878,"name":"Science Fiction"},{"id":28,"name":"Action"},{"id":12,"name":"Adventure"}],"homepage":"http://marvel.com/avengers_movie/","id":24428,"imdb_id":"tt0848228","original_language":"en","original_title":"The Avengers","overview":"When an unexpected enemy emerges and threatens global safety and security, Nick Fury, director of the international peacekeeping agency known as S.H.I.E.L.D., finds himself in need of a team to pull the world back from the brink of disaster. Spanning the globe, a daring recruitment effort begins!","popularity":45.858,"poster_path":"/RYMX2wcKCBAr24UyPD7xwmjaTn.jpg","production_companies":[{"id":420,"logo_path":"/hUzeosd33nzE5MCNsZxCGEKTXaQ.png","name":"Marvel Studios","origin_country":"US"},{"id":4,"logo_path":"/fycMZt242LVjagMByZOLUGbCvv3.png","name":"Paramount","origin_country":"US"}],"production_countries":[{"iso_3166_1":"US","name":"United States of America"}],"release_date":"2012-04-25","revenue":1519557910,"runtime":143,"spoken_languages":[{"iso_639_1":"en","name":"English"},{"iso_639_1":"hi","name":"हिन्दी"},{"iso_639_1":"ru","name":"Pусский"}],"status":"Released","tagline":"Some assembly required.","title":"The Avengers","video":false,"vote_average":7.7,"vote_count":22819,"release_dates":{"results":[{"iso_3166_1":"GR","release_dates":[{"certification":"Κ-13","iso_639_1":"","note":"","release_date":"2012-04-25T00:00:00.000Z","type":3}]},{"iso_3166_1":"IT","release_dates":[{"certification":"T","iso_639_1":"","note":"","release_date":"2012-04-25T00:00:00.000Z","type":3}]},{"iso_3166_1":"QA","release_dates":[{"certification":"Qatar Cinemas","iso_639_1":"","note":"","release_date":"2012-04-27T00:00:00.000Z","type":3}]},{"iso_3166_1":"US","release_dates":[{"certification":"PG-13","iso_639_1":"","note":"","release_date":"2012-05-04T00:00:00.000Z","type":3}]},{"iso_3166_1":"CA","release_dates":[{"certification":"PG","iso_639_1":"","note":"","release_date":"2012-05-04T00:00:00.000Z","type":3}]},{"iso_3166_1":"AU","release_dates":[{"certification":"M","iso_639_1":"","note":"","release_date":"2012-04-25T00:00:00.000Z","type":3}]},{"iso_3166_1":"ES","release_dates":[{"certification":"7","iso_639_1":"es","note":"","release_date":"2012-04-27T00:00:00.000Z","type":3}]},{"iso_3166_1":"KR","release_dates":[{"certification":"12세 이상 관람가","iso_639_1":"","note":"","release_date":"2012-04-26T00:00:00.000Z","type":3}]},{"iso_3166_1":"GB","release_dates":[{"certification":"12A","iso_639_1":"","note":"","release_date":"2012-04-26T00:00:00.000Z","type":3}]},{"iso_3166_1":"LV","release_dates":[{"certification":"12+","iso_639_1":"","note":"","release_date":"2012-05-01T00:00:00.000Z","type":3}]},{"iso_3166_1":"BR","release_dates":[{"certification":"12","iso_639_1":"","note":"","release_date":"2012-04-27T00:00:00.000Z","type":3}]},{"iso_3166_1":"SK","release_dates":[{"certification":"12","iso_639_1":"","note":"","release_date":"2012-05-03T00:00:00.000Z","type":3}]},{"iso_3166_1":"NL","release_dates":[{"certification":"12","iso_639_1":"","note":"","release_date":"2012-04-25T00:00:00.000Z","type":3},{"certification":"12","iso_639_1":"","note":"DVD","release_date":"2012-08-26T00:00:00.000Z","type":5},{"certification":"12","iso_639_1":"","note":"Blu ray","release_date":"2012-08-29T00:00:00.000Z","type":5},{"certification":"12","iso_639_1":"","note":"Veronica","release_date":"2014-09-01T00:00:00.000Z","type":6}]},{"iso_3166_1":"BE","release_dates":[{"certification":"12","iso_639_1":"","note":"","release_date":"2012-04-25T00:00:00.000Z","type":3}]},{"iso_3166_1":"SE","release_dates":[{"certification":"11","iso_639_1":"","note":"","release_date":"2012-04-27T00:00:00.000Z","type":3},{"certification":"11","iso_639_1":"","note":"","release_date":"2012-09-05T00:00:00.000Z","type":5}]},{"iso_3166_1":"DK","release_dates":[{"certification":"11","iso_639_1":"","note":"","release_date":"2012-04-26T00:00:00.000Z","type":3}]},{"iso_3166_1":"PA","release_dates":[{"certification":"","iso_639_1":"","note":"","release_date":"2012-04-27T00:00:00.000Z","type":3}]},{"iso_3166_1":"GT","release_dates":[{"certification":"","iso_639_1":"","note":"","release_date":"2012-04-27T00:00:00.000Z","type":3}]},{"iso_3166_1":"PY","release_dates":[{"certification":"","iso_639_1":"","note":"","release_date":"2012-04-27T00:00:00.000Z","type":3}]},{"iso_3166_1":"FR","release_dates":[{"certification":"U","iso_639_1":"","note":"","release_date":"2012-04-25T00:00:00.000Z","type":3}]},{"iso_3166_1":"IN","release_dates":[{"certification":"","iso_639_1":"","note":"","release_date":"2012-04-27T00:00:00.000Z","type":3}]},{"iso_3166_1":"IS","release_dates":[{"certification":"","iso_639_1":"","note":"","release_date":"2012-04-27T00:00:00.000Z","type":3}]},{"iso_3166_1":"GE","release_dates":[{"certification":"","iso_639_1":"","note":"","release_date":"2012-05-31T00:00:00.000Z","type":3}]},{"iso_3166_1":"CR","release_dates":[{"certification":"","iso_639_1":"","note":"","release_date":"2012-04-27T00:00:00.000Z","type":3}]},{"iso_3166_1":"TH","release_dates":[{"certification":"PG-13","iso_639_1":"","note":"","release_date":"2012-05-01T00:00:00.000Z","type":3}]},{"iso_3166_1":"CO","release_dates":[{"certification":"","iso_639_1":"","note":"","release_date":"2012-04-27T00:00:00.000Z","type":3}]},{"iso_3166_1":"NZ","release_dates":[{"certification":"","iso_639_1":"","note":"","release_date":"2012-04-25T00:00:00.000Z","type":3}]},{"iso_3166_1":"HU","release_dates":[{"certification":"12","iso_639_1":"","note":"","release_date":"2012-04-26T00:00:00.000Z","type":3}]},{"iso_3166_1":"BG","release_dates":[{"certification":"","iso_639_1":"","note":"","release_date":"2012-05-01T00:00:00.000Z","type":3}]},{"iso_3166_1":"TR","release_dates":[{"certification":"","iso_639_1":"","note":"","release_date":"2012-05-04T00:00:00.000Z","type":3}]},{"iso_3166_1":"PE","release_dates":[{"certification":"","iso_639_1":"","note":"","release_date":"2012-04-26T00:00:00.000Z","type":3}]},{"iso_3166_1":"HR","release_dates":[{"certification":"","iso_639_1":"","note":"","release_date":"2012-05-03T00:00:00.000Z","type":3}]},{"iso_3166_1":"DE","release_dates":[{"certification":"12","iso_639_1":"","note":"","release_date":"2012-04-26T00:00:00.000Z","type":3}]},{"iso_3166_1":"JP","release_dates":[{"certification":"","iso_639_1":"","note":"","release_date":"2012-08-14T00:00:00.000Z","type":3}]},{"iso_3166_1":"DO","release_dates":[{"certification":"","iso_639_1":"","note":"","release_date":"2012-04-26T00:00:00.000Z","type":3}]},{"iso_3166_1":"CZ","release_dates":[{"certification":"","iso_639_1":"","note":"","release_date":"2012-05-03T00:00:00.000Z","type":3}]},{"iso_3166_1":"KZ","release_dates":[{"certification":"","iso_639_1":"","note":"","release_date":"2012-05-03T00:00:00.000Z","type":3}]},{"iso_3166_1":"IE","release_dates":[{"certification":"","iso_639_1":"","note":"","release_date":"2012-04-26T00:00:00.000Z","type":3}]},{"iso_3166_1":"MY","release_dates":[{"certification":"","iso_639_1":"","note":"","release_date":"2012-04-26T00:00:00.000Z","type":3}]},{"iso_3166_1":"AT","release_dates":[{"certification":"","iso_639_1":"","note":"","release_date":"2012-04-26T00:00:00.000Z","type":3}]},{"iso_3166_1":"TW","release_dates":[{"certification":"","iso_639_1":"","note":"","release_date":"2012-04-25T00:00:00.000Z","type":3}]},{"iso_3166_1":"KW","release_dates":[{"certification":"","iso_639_1":"","note":"","release_date":"2012-05-03T00:00:00.000Z","type":3}]},{"iso_3166_1":"MX","release_dates":[{"certification":"","iso_639_1":"","note":"","release_date":"2012-04-27T00:00:00.000Z","type":3}]},{"iso_3166_1":"PH","release_dates":[{"certification":"","iso_639_1":"","note":"","release_date":"2012-04-25T00:00:00.000Z","type":3}]},{"iso_3166_1":"UA","release_dates":[{"certification":"","iso_639_1":"","note":"","release_date":"2012-05-03T00:00:00.000Z","type":3}]},{"iso_3166_1":"FI","release_dates":[{"certification":"","iso_639_1":"","note":"","release_date":"2012-04-27T00:00:00.000Z","type":3}]},{"iso_3166_1":"BD","release_dates":[{"certification":"","iso_639_1":"","note":"","release_date":"2012-08-03T00:00:00.000Z","type":3}]},{"iso_3166_1":"ZA","release_dates":[{"certification":"10V","iso_639_1":"","note":"","release_date":"2012-04-26T00:00:00.000Z","type":3}]},{"iso_3166_1":"AR","release_dates":[{"certification":"","iso_639_1":"","note":"","release_date":"2012-04-26T00:00:00.000Z","type":3}]},{"iso_3166_1":"HK","release_dates":[{"certification":"","iso_639_1":"","note":"","release_date":"2012-04-26T00:00:00.000Z","type":3}]},{"iso_3166_1":"UY","release_dates":[{"certification":"","iso_639_1":"","note":"","release_date":"2012-04-27T00:00:00.000Z","type":3}]},{"iso_3166_1":"LT","release_dates":[{"certification":"","iso_639_1":"","note":"","release_date":"2012-05-04T00:00:00.000Z","type":3}]},{"iso_3166_1":"IL","release_dates":[{"certification":"","iso_639_1":"","note":"","release_date":"2012-05-10T00:00:00.000Z","type":3}]},{"iso_3166_1":"VN","release_dates":[{"certification":"","iso_639_1":"","note":"","release_date":"2012-04-27T00:00:00.000Z","type":3}]},{"iso_3166_1":"PK","release_dates":[{"certification":"","iso_639_1":"","note":"","release_date":"2012-05-11T00:00:00.000Z","type":3}]},{"iso_3166_1":"BH","release_dates":[{"certification":"","iso_639_1":"","note":"","release_date":"2012-05-03T00:00:00.000Z","type":3}]},{"iso_3166_1":"AM","release_dates":[{"certification":"","iso_639_1":"","note":"","release_date":"2012-05-10T00:00:00.000Z","type":3}]},{"iso_3166_1":"SI","release_dates":[{"certification":"","iso_639_1":"","note":"","release_date":"2012-05-03T00:00:00.000Z","type":3}]},{"iso_3166_1":"EE","release_dates":[{"certification":"","iso_639_1":"","note":"","release_date":"2012-05-04T00:00:00.000Z","type":3}]},{"iso_3166_1":"PL","release_dates":[{"certification":"","iso_639_1":"","note":"","release_date":"2012-05-11T00:00:00.000Z","type":3}]},{"iso_3166_1":"CL","release_dates":[{"certification":"","iso_639_1":"","note":"","release_date":"2012-04-26T00:00:00.000Z","type":3}]},{"iso_3166_1":"SG","release_dates":[{"certification":"","iso_639_1":"","note":"","release_date":"2012-05-01T00:00:00.000Z","type":3}]},{"iso_3166_1":"MK","release_dates":[{"certification":"","iso_639_1":"","note":"","release_date":"2012-05-11T00:00:00.000Z","type":3}]},{"iso_3166_1":"RU","release_dates":[{"certification":"12+","iso_639_1":"","note":"","release_date":"2012-05-03T00:00:00.000Z","type":3},{"certification":"12+","iso_639_1":null,"note":"DVD, Blu-ray","release_date":"2012-08-28T00:00:00.000Z","type":5}]},{"iso_3166_1":"ID","release_dates":[{"certification":"","iso_639_1":"","note":"","release_date":"2012-05-04T00:00:00.000Z","type":3}]},{"iso_3166_1":"PT","release_dates":[{"certification":"M/12","iso_639_1":"","note":"","release_date":"2012-04-25T00:00:00.000Z","type":3}]},{"iso_3166_1":"RO","release_dates":[{"certification":"","iso_639_1":"","note":"","release_date":"2012-05-04T00:00:00.000Z","type":3}]},{"iso_3166_1":"NO","release_dates":[{"certification":"","iso_639_1":"","note":"","release_date":"2012-04-27T00:00:00.000Z","type":3}]},{"iso_3166_1":"KH","release_dates":[{"certification":"","iso_639_1":"","note":"","release_date":"2012-05-17T00:00:00.000Z","type":3}]}]},"credits":{"cast":[{"cast_id":46,"character":"Tony Stark / Iron Man","credit_id":"52fe4495c3a368484e02b251","gender":2,"id":3223,"name":"Robert Downey Jr.","order":0,"profile_path":"/5qHNjhtjMD4YWH3UP0rm4tKwxCL.jpg"},{"cast_id":2,"character":"Steve Rogers / Captain America","credit_id":"52fe4495c3a368484e02b19b","gender":2,"id":16828,"name":"Chris Evans","order":1,"profile_path":"/bOH7QqvC9FShVMzWH2wBTtb2iwX.jpg"},{"cast_id":307,"character":"Bruce Banner / The Hulk","credit_id":"5e85e8083344c60015411cfa","gender":2,"id":103,"name":"Mark Ruffalo","order":2,"profile_path":"/z3dvKqMNDQWk3QLxzumloQVR0pv.jpg"},{"cast_id":4,"character":"Thor Odinson","credit_id":"52fe4495c3a368484e02b1a5","gender":2,"id":74568,"name":"Chris Hemsworth","order":3,"profile_path":"/oSGVmWhn4WT4TI4PCiQrpym6LfW.jpg"},{"cast_id":34,"character":"Natasha Romanoff / Black Widow","credit_id":"52fe4495c3a368484e02b229","gender":1,"id":1245,"name":"Scarlett Johansson","order":4,"profile_path":"/6NsMbJXRlDZuDzatN2akFdGuTvx.jpg"},{"cast_id":33,"character":"Clint Barton / Hawkeye","credit_id":"52fe4495c3a368484e02b225","gender":2,"id":17604,"name":"Jeremy Renner","order":5,"profile_path":"/pGE3KiHxx7iRCs4yKP9wSFsVCyh.jpg"},{"cast_id":35,"character":"Loki","credit_id":"52fe4495c3a368484e02b22d","gender":2,"id":91606,"name":"Tom Hiddleston","order":6,"profile_path":"/mclHxMm8aPlCPKptP67257F5GPo.jpg"},{"cast_id":36,"character":"Nick Fury","credit_id":"52fe4495c3a368484e02b231","gender":2,"id":2231,"name":"Samuel L. Jackson","order":7,"profile_path":"/mXN4Gw9tZJVKrLJHde2IcUHmV3P.jpg"},{"cast_id":37,"character":"Maria Hill","credit_id":"52fe4495c3a368484e02b235","gender":1,"id":71189,"name":"Cobie Smulders","order":8,"profile_path":"/kgCkJEpeyAsQMMvVmgVM5Agh9Ww.jpg"},{"cast_id":38,"character":"Phil Coulson","credit_id":"52fe4495c3a368484e02b239","gender":2,"id":9048,"name":"Clark Gregg","order":9,"profile_path":"/mq686D91XoZpqkzELn0888NOiZW.jpg"},{"cast_id":41,"character":"Erik Selvig","credit_id":"52fe4495c3a368484e02b241","gender":2,"id":1640,"name":"Stellan Skarsgård","order":10,"profile_path":"/x78BtYHElirO7Iw8bL4m8CnzRDc.jpg"},{"cast_id":40,"character":"Virginia \"Pepper\" Potts","credit_id":"52fe4495c3a368484e02b23d","gender":1,"id":12052,"name":"Gwyneth Paltrow","order":11,"profile_path":"/slPWN0VvYJtNOEuxlFSsXSNQMaF.jpg"},{"cast_id":42,"character":"J.A.R.V.I.S. (voice)","credit_id":"52fe4495c3a368484e02b245","gender":2,"id":6162,"name":"Paul Bettany","order":12,"profile_path":"/vcAVrAOZrpqmi37qjFdztRAv1u9.jpg"},{"cast_id":66,"character":"The Other","credit_id":"52fe4495c3a368484e02b28d","gender":2,"id":1214673,"name":"Alexis Denisof","order":13,"profile_path":"/luTHwbaLutoKYWJSpk2WyuPasvk.jpg"},{"cast_id":197,"character":"NASA Scientist","credit_id":"55872353c3a36827460064e8","gender":1,"id":60120,"name":"Tina Benko","order":14,"profile_path":"/2f43cxamP7eprHmBkHaNAgljWfJ.jpg"},{"cast_id":63,"character":"Georgi Luchkov","credit_id":"52fe4495c3a368484e02b281","gender":2,"id":43553,"name":"Jerzy Skolimowski","order":15,"profile_path":"/5yQ5GDNHTXrYrvT9ZcPk6VfrrgJ.jpg"},{"cast_id":198,"character":"Weaselly Thug","credit_id":"558723de9251416818000460","gender":2,"id":1479945,"name":"Kirill Nikiforov","order":16,"profile_path":null},{"cast_id":62,"character":"Tall Thug","credit_id":"52fe4495c3a368484e02b27d","gender":2,"id":51303,"name":"Jeff Wolfe","order":17,"profile_path":"/mrbVMbf2IOKP9hzxH9rBZk8Vyp6.jpg"},{"cast_id":199,"character":"Young Girl","credit_id":"5587241dc3a36837e9004ed2","gender":1,"id":1479946,"name":"M'laah Kaur Singh","order":18,"profile_path":null},{"cast_id":200,"character":"Calcutta Woman","credit_id":"558724a5c3a36836ea004b35","gender":1,"id":86157,"name":"Rashmi Rustagi","order":19,"profile_path":"/45ePs8pKwHcRTLuoW78nkF6KpPc.jpg"},{"cast_id":47,"character":"World Security Council","credit_id":"52fe4495c3a368484e02b255","gender":2,"id":6280,"name":"Powers Boothe","order":20,"profile_path":"/qk1KVY5N83MsO4Qvg4W1JA8SNFH.jpg"},{"cast_id":44,"character":"World Security Council","credit_id":"52fe4495c3a368484e02b249","gender":1,"id":14464,"name":"Jenny Agutter","order":21,"profile_path":"/hxroyCTMk54hesfCRo4g6Jwc8dT.jpg"},{"cast_id":50,"character":"World Security Council","credit_id":"52fe4495c3a368484e02b25d","gender":2,"id":188758,"name":"Arthur Darbinyan","order":22,"profile_path":"/2nvWg5Vi1AIfZrSUGPixV0BzXnF.jpg"},{"cast_id":51,"character":"World Security Council","credit_id":"52fe4495c3a368484e02b261","gender":2,"id":168246,"name":"Donald Li","order":23,"profile_path":"/5m4sBKHMSnKjZLbO0K8p0Cr48J5.jpg"},{"cast_id":201,"character":"Carrier BridgeTechs","credit_id":"5587254bc3a3682746006501","gender":2,"id":60878,"name":"Warren Kole","order":24,"profile_path":null},{"cast_id":54,"character":"Carrier Bridge Techs","credit_id":"52fe4495c3a368484e02b26d","gender":1,"id":81959,"name":"Alicia Sixtos","order":25,"profile_path":null},{"cast_id":64,"character":"Jasper Sitwell","credit_id":"52fe4495c3a368484e02b285","gender":2,"id":1018947,"name":"Maximiliano Hernández","order":26,"profile_path":"/cSlWqVimSVTtMv9GaI6WEPF38g3.jpg"},{"cast_id":57,"character":"Gala Scientist","credit_id":"52fe4495c3a368484e02b275","gender":2,"id":1033652,"name":"Dieter Riesle","order":27,"profile_path":"/qehkglvKLtvJNnAYjINowLRycrD.jpg"},{"cast_id":203,"character":"German Old Man","credit_id":"558726ab9251416b00000f16","gender":2,"id":87128,"name":"Kenneth Tigar","order":28,"profile_path":null},{"cast_id":45,"character":"Shield Pilot","credit_id":"52fe4495c3a368484e02b24d","gender":2,"id":101522,"name":"Walter Perez","order":29,"profile_path":null},{"cast_id":53,"character":"Security Guard","credit_id":"52fe4495c3a368484e02b269","gender":2,"id":5048,"name":"Harry Dean Stanton","order":30,"profile_path":"/197UiLVdxPOv8196sqmUpJzOQB5.jpg"},{"cast_id":204,"character":"Maintenance Guy","credit_id":"558727449251411dec0057c1","gender":2,"id":1479957,"name":"Josh Cowdery","order":31,"profile_path":"/2gAoACv2mr31vjqspM9fHIe3MgP.jpg"},{"cast_id":52,"character":"Waitress","credit_id":"52fe4495c3a368484e02b265","gender":1,"id":34486,"name":"Ashley Johnson","order":32,"profile_path":"/8s36QwB7Zq3PrbY1W6a6ctTFFoe.jpg"},{"cast_id":205,"character":"Japanese Family","credit_id":"5587277e9251411dec0057c9","gender":2,"id":1479959,"name":"Katsumi Komatsu","order":33,"profile_path":"/ojRddXZJ3mtPePEoGOkzPrvpC3w.jpg"},{"cast_id":206,"character":"Japanese Family","credit_id":"558727b1c3a3682746006516","gender":0,"id":1479961,"name":"Yumiko Komatsu","order":34,"profile_path":null},{"cast_id":208,"character":"Police Sergeant","credit_id":"5587280e9251416b00000f31","gender":2,"id":2256,"name":"Robert Clohessy","order":35,"profile_path":"/dCMkd5HgBsty829dWAgcS1RJexh.jpg"},{"cast_id":68,"character":"Police Officer","credit_id":"52fe4495c3a368484e02b295","gender":0,"id":1224022,"name":"Enver Gjokaj","order":36,"profile_path":"/1M3ISdFIaf4p1N3ZZTK7KnZwj9p.jpg"},{"cast_id":209,"character":"Office Woman","credit_id":"558728b9c3a368273500612e","gender":0,"id":1479967,"name":"Fernanda Toker","order":37,"profile_path":null},{"cast_id":210,"character":"News Reporter","credit_id":"5587b9629251416b00001b20","gender":1,"id":1480042,"name":"Andrea Vecchio","order":38,"profile_path":null},{"cast_id":211,"character":"News Reporter","credit_id":"5587b9a792514168180010f7","gender":1,"id":1480043,"name":"Robin Swoboda","order":39,"profile_path":null},{"cast_id":212,"character":"Faceless Pilot","credit_id":"5587b9e692514179f600356e","gender":2,"id":1480044,"name":"Brent McGee","order":40,"profile_path":"/xGZjnWTIf5UXLZ0Ru1301MoTrva.jpg"},{"cast_id":61,"character":"Celebration Montage Interviewee","credit_id":"52fe4495c3a368484e02b279","gender":2,"id":79079,"name":"Jamie McShane","order":41,"profile_path":"/wojvRZMpAwytyoFTMFOpvZ26qJq.jpg"},{"cast_id":213,"character":"Celebration Montage Interviewee","credit_id":"5587ba32c3a3683853005d35","gender":2,"id":1203089,"name":"Michael Zhang","order":42,"profile_path":"/h9QB1ZtISG83LdllBbEDHbearPm.jpg"},{"cast_id":214,"character":"Celebration Montage Interviewee","credit_id":"5587ba9c9251411efc0004f5","gender":2,"id":98626,"name":"William-Christopher Stephens","order":43,"profile_path":"/vXePrP9vsVLgnVcUbr8pmD8076L.jpg"},{"cast_id":215,"character":"Celebration Montage Interviewee","credit_id":"5587bb45c3a368273b006dc0","gender":1,"id":1480045,"name":"Kelley Robins Hicks","order":44,"profile_path":"/poutoGBoAz8znML2v16DvF27q4w.jpg"},{"cast_id":216,"character":"Shawna Lynde","credit_id":"5587bbd39251411e8d006114","gender":1,"id":156342,"name":"Romy Rosemont","order":45,"profile_path":"/dzhrqpUa7W6lVjuigj0G28WrHQz.jpg"},{"cast_id":67,"character":"Senator Boynton","credit_id":"52fe4495c3a368484e02b291","gender":2,"id":19151,"name":"James Eckhouse","order":46,"profile_path":"/iGG7iSZ5sBrmgkT9IHg1ipZCzgq.jpg"},{"cast_id":48,"character":"Himself","credit_id":"52fe4495c3a368484e02b259","gender":2,"id":7624,"name":"Stan Lee","order":47,"profile_path":"/nGjBAc25C3LT23NqeOfY1pCcax8.jpg"},{"cast_id":218,"character":"Himself","credit_id":"5587c0a2c3a36827460072f9","gender":2,"id":1234512,"name":"Thomas Roberts","order":48,"profile_path":"/uo8k9aGD3PHDPjXnsZF2E6eA3UD.jpg"},{"cast_id":217,"character":"Himself","credit_id":"5587c028c3a3683853005dae","gender":2,"id":1480047,"name":"Pat Kiernan","order":49,"profile_path":"/c8QASMhNim0bXySxaxRrkkzvKQ7.jpg"},{"cast_id":188,"character":"Thanos (uncredited)","credit_id":"552a8df6c3a36858d60038d8","gender":2,"id":150194,"name":"Damion Poitier","order":50,"profile_path":"/3BqfT7OMuAhLklO6TzBnhWoIZSA.jpg"},{"cast_id":231,"character":"Hulk (voice - uncredited)","credit_id":"5587c776c3a368273b006ead","gender":2,"id":19137,"name":"Lou Ferrigno","order":51,"profile_path":"/obTtRrm8EbDzuiKpLjAd9s1i9v5.jpg"},{"cast_id":202,"character":"Carrier BridgeTechs","credit_id":"55872600c3a3682746006509","gender":2,"id":66525,"name":"Jesse Garcia","order":52,"profile_path":"/jsEZz7z1wI95277m7S9YM1dbVYb.jpg"},{"cast_id":207,"character":"Japanese Family","credit_id":"558727d892514137bc006946","gender":0,"id":1479962,"name":"Momoko Komatsu","order":53,"profile_path":null},{"cast_id":65,"character":"Woman in Restaurant (uncredited)","credit_id":"52fe4495c3a368484e02b289","gender":0,"id":1263294,"name":"Jillian Morgese","order":54,"profile_path":"/tm3TQINb7D3nwhOfGRcKT0TxVCr.jpg"},{"cast_id":219,"character":"German Pedestrian (uncredited)","credit_id":"5587c1489251417f6f006e84","gender":1,"id":1480048,"name":"Catherine Anderson","order":55,"profile_path":null},{"cast_id":220,"character":"Lentil Merchant (uncredited)","credit_id":"5587c18fc3a3683853005dcd","gender":2,"id":1153698,"name":"Ricardo Andres","order":56,"profile_path":null},{"cast_id":221,"character":"S.H.I.E.L.D. Agent (uncredited)","credit_id":"5587c3acc3a3682735006e27","gender":2,"id":1480049,"name":"Logan Bennett","order":57,"profile_path":null},{"cast_id":222,"character":"Celebration Montage Man Shaving Beard (uncredited)","credit_id":"5587c406c3a3683853005e07","gender":2,"id":1191953,"name":"Mayank Bhatter","order":58,"profile_path":"/caE4ZU2W5eKlitJv5EvnxhGhpE6.jpg"},{"cast_id":223,"character":"Gala Guest (uncredited)","credit_id":"5587c4c9c3a368273b006e86","gender":1,"id":1480051,"name":"Sharita Bone","order":59,"profile_path":null},{"cast_id":224,"character":"Museum Gala Patron (uncredited)","credit_id":"5587c4fa9251411dec006508","gender":2,"id":1480053,"name":"Jason Botsford","order":60,"profile_path":null},{"cast_id":225,"character":"Stuttgart Biergarten patron (uncredited)","credit_id":"5587c541c3a36836ea00585e","gender":0,"id":1480055,"name":"Mary Kate Campbell","order":61,"profile_path":null},{"cast_id":226,"character":"S.H.I.E.L.D. Guard (uncredited)","credit_id":"5587c577925141681800121b","gender":0,"id":1403346,"name":"Gene N. Chavez","order":62,"profile_path":null},{"cast_id":227,"character":"Gala Guest (uncredited)","credit_id":"5587c608c3a368274600738d","gender":1,"id":1480056,"name":"Layla Cushman","order":63,"profile_path":"/sjiHDJ2nMkc93fAVgeZ8crHff2r.jpg"},{"cast_id":228,"character":"Soldier (uncredited)","credit_id":"5587c65bc3a36827460073a1","gender":2,"id":1466605,"name":"Robert Dean","order":64,"profile_path":"/sekcxYO8Rb8E0qdmlF8a33d04Dr.jpg"},{"cast_id":229,"character":"Museum Gala Guest (uncredited)","credit_id":"5587c70d9251411e8d006275","gender":0,"id":1480057,"name":"Rick Dremann","order":65,"profile_path":null},{"cast_id":230,"character":"Captain Putz (uncredited)","credit_id":"5587c73e925141681800124c","gender":2,"id":1480058,"name":"Jeffrey Feingold","order":66,"profile_path":null},{"cast_id":232,"character":"Pedestrian (uncredited)","credit_id":"5587c8319251411dec00654b","gender":2,"id":1354406,"name":"Rod Fielder","order":67,"profile_path":"/t2CUZTP8C2N2EKEYsmLEvCi66TR.jpg"},{"cast_id":233,"character":"Stuttgart Citizen (uncredited)","credit_id":"5587c8bbc3a36827460073e1","gender":0,"id":1480060,"name":"Eric Frank","order":68,"profile_path":null},{"cast_id":234,"character":"S.H.I.E.L.D. Agent (uncredited)","credit_id":"5587c972c3a368274c006a1c","gender":2,"id":1480065,"name":"Israel Hall","order":69,"profile_path":"/3i7JgRjUzJgUQ90IA5oeGhGzXO1.jpg"},{"cast_id":235,"character":"Museum Gala Patron (uncredited)","credit_id":"5587c9ee925141681800126e","gender":0,"id":1480066,"name":"Carmen Dee Harris","order":70,"profile_path":null},{"cast_id":236,"character":"Mercenary (uncredited)","credit_id":"5587ca319251411efc000648","gender":2,"id":1480067,"name":"Alexander Christopher Jones","order":71,"profile_path":"/jVGq5MSL7B9V2TLNTMAR9k51qJw.jpg"},{"cast_id":237,"character":"Pedestrian (uncredited)","credit_id":"5587d164c3a368273b006f8e","gender":2,"id":1480085,"name":"Mike Karban","order":72,"profile_path":null},{"cast_id":238,"character":"S.H.I.E.L.D. Agent (uncredited)","credit_id":"5587d1a6c3a36827460074cc","gender":2,"id":1480087,"name":"Demoine Kinney","order":73,"profile_path":null},{"cast_id":239,"character":"Stuttgart Citizen (uncredited)","credit_id":"5587d25dc3a36827460074e2","gender":2,"id":1480091,"name":"Andrew Knode","order":74,"profile_path":null},{"cast_id":240,"character":"Hostage (uncredited)","credit_id":"5587d2bb9251416b00001d78","gender":1,"id":1480096,"name":"Annette Lawless","order":75,"profile_path":null},{"cast_id":241,"character":"Limo Driver (uncredited)","credit_id":"5587d2f29251411e8d006363","gender":1,"id":1480097,"name":"Kimberly J. Mahoney","order":76,"profile_path":null},{"cast_id":242,"character":"Helicarrier Medical Team Leader (uncredited)","credit_id":"5587e1949251415aa90005ed","gender":2,"id":1480124,"name":"Todd Manes","order":77,"profile_path":null},{"cast_id":243,"character":"Stuttgart Driver (uncredited)","credit_id":"5587e25a9251411dec006758","gender":0,"id":1480128,"name":"Jorge Mardel","order":78,"profile_path":null},{"cast_id":244,"character":"Civilian (uncredited)","credit_id":"5587e2e4c3a3683365005f73","gender":1,"id":1480130,"name":"Tiffany Sander McKenzie","order":79,"profile_path":"/ztElO3nkNW0bbzi7YBE3csZULKU.jpg"},{"cast_id":245,"character":"Cafe Patron (uncredited)","credit_id":"5587e31b9251411e8d0064c0","gender":2,"id":1480132,"name":"Michael McMillan","order":80,"profile_path":null},{"cast_id":246,"character":"Guard (uncredited)","credit_id":"5587e3f19251416b00001f01","gender":2,"id":1001496,"name":"Sean Meehan","order":81,"profile_path":null},{"cast_id":247,"character":"Waitress (uncredited)","credit_id":"5587e5fe9251411e8d0064fa","gender":1,"id":1480144,"name":"Joti Nagra","order":82,"profile_path":"/o34ys1OIV5x6n9GGlCSKaNgUUkr.jpg"},{"cast_id":248,"character":"Gala Museum Patron (uncredited)","credit_id":"5587e637c3a36827460076bf","gender":1,"id":1480146,"name":"Holly Neelie","order":83,"profile_path":null},{"cast_id":249,"character":"Extra (uncredited)","credit_id":"5587e6779251416b00001f29","gender":2,"id":1480148,"name":"Caleb Daniel Noal","order":84,"profile_path":null},{"cast_id":250,"character":"New York City Pedestrian (uncredited)","credit_id":"5587e77cc3a368273b00716c","gender":0,"id":1480150,"name":"Joseph O'Brien","order":85,"profile_path":null},{"cast_id":251,"character":"S.H.I.E.L.D. Agent (uncredited)","credit_id":"5587e8cfc3a368273b00718b","gender":2,"id":1480152,"name":"Jeremy Orr","order":86,"profile_path":null},{"cast_id":252,"character":"New York Pedestrian (uncredited)","credit_id":"5587e90292514179f600394d","gender":0,"id":1480153,"name":"Nate Paige","order":87,"profile_path":null},{"cast_id":253,"character":"Shiel Employee (uncredited)","credit_id":"5587e93a9251415aa9000687","gender":2,"id":1365516,"name":"Martin Palmer","order":88,"profile_path":null},{"cast_id":254,"character":"Museum Gala Guest (uncredited)","credit_id":"5587f00fc3a36833650060b7","gender":1,"id":1480198,"name":"Maria Perossa","order":89,"profile_path":null},{"cast_id":255,"character":"Extra (uncredited)","credit_id":"5587f04492514168180015ac","gender":2,"id":1480199,"name":"Caleb Pieplow","order":90,"profile_path":null},{"cast_id":256,"character":"Helicarrier Shield Agent (uncredited)","credit_id":"5587f07fc3a3683853006220","gender":2,"id":1480200,"name":"Alexander Daniel Pimentel","order":91,"profile_path":null},{"cast_id":257,"character":"S.H.I.EL.D Agent - Loki Escort (uncredited)","credit_id":"5587f1ef92514168180015cd","gender":2,"id":1480202,"name":"Frank Powers","order":92,"profile_path":null},{"cast_id":258,"character":"S.H.I.E.L.D. Agent (uncredited)","credit_id":"5587f2b6c3a36836ea005c11","gender":2,"id":1371850,"name":"Jaime Powers","order":93,"profile_path":null},{"cast_id":259,"character":"Stuttgart Gala Patron (uncredited)","credit_id":"5587f33792514168180015e6","gender":2,"id":1480204,"name":"Brent Reichert","order":94,"profile_path":null},{"cast_id":260,"character":"S.H.E.I.L.D. Agent (uncredited)","credit_id":"5587f3ca9251416b00002052","gender":2,"id":1480208,"name":"Kelly Ruble","order":95,"profile_path":null},{"cast_id":261,"character":"Restaurant Patron (uncredited)","credit_id":"5587f4009251411efc0009f0","gender":1,"id":1454362,"name":"Gina Sarno","order":96,"profile_path":null},{"cast_id":262,"character":"New York City Police Officer (uncredited)","credit_id":"5587f4a09251417f6f0072ec","gender":2,"id":1480209,"name":"Robert B. Schneider IV","order":97,"profile_path":null},{"cast_id":263,"character":"New York Police Officer in Firefight (uncredited)","credit_id":"5587f4d292514179f6003a45","gender":2,"id":1480210,"name":"Jeff Seich","order":98,"profile_path":null},{"cast_id":264,"character":"Stuttgart Beer Garden Patron (uncredited)","credit_id":"5587f506c3a368274600784b","gender":0,"id":1480211,"name":"Christina Shaffer","order":99,"profile_path":null},{"cast_id":265,"character":"Lab Tech (uncredited)","credit_id":"5587f53cc3a3683853006264","gender":1,"id":1480212,"name":"Alonda Shevette","order":100,"profile_path":null},{"cast_id":266,"character":"Museum Gala Patron (uncredited)","credit_id":"5587f579c3a368274600785a","gender":2,"id":1480213,"name":"Douglas Slygh","order":101,"profile_path":null},{"cast_id":267,"character":"S.H.I.E.L.D. Agent #4 (uncredited)","credit_id":"5587f5f5c3a36836ea005c50","gender":2,"id":6037,"name":"Colin Strause","order":102,"profile_path":null},{"cast_id":268,"character":"Gala Patron (uncredited)","credit_id":"5587f6689251417f6f007314","gender":2,"id":1480218,"name":"Robert P. Thitoff","order":103,"profile_path":null},{"cast_id":269,"character":"S.H.I.E.L.D. Agent (uncredited)","credit_id":"5587f6fe9251416b00002096","gender":0,"id":1480219,"name":"George Thomas","order":104,"profile_path":null},{"cast_id":270,"character":"Pedestrian (uncredited)","credit_id":"5587f7d0c3a36836ea005c6e","gender":0,"id":1480220,"name":"Shane Thompson","order":105,"profile_path":null},{"cast_id":271,"character":"Mercenary (uncredited)","credit_id":"5587f8049251411efc000a4e","gender":2,"id":1480221,"name":"Jerry Lee Tucker","order":106,"profile_path":null},{"cast_id":272,"character":"Child on News #1 (uncredited)","credit_id":"5587f844c3a36836ea005c7d","gender":2,"id":1480222,"name":"Tai Urban","order":107,"profile_path":null},{"cast_id":273,"character":"Running Pedestrian (uncredited)","credit_id":"5587f87d9251417f6f007338","gender":2,"id":1480223,"name":"Chris Vaina","order":108,"profile_path":null},{"cast_id":274,"character":"Sweeper (uncredited)","credit_id":"5587f8b39251416b000020b4","gender":1,"id":1480224,"name":"Sandra Weston","order":109,"profile_path":null},{"cast_id":275,"character":"Barbershop (uncredited)","credit_id":"5587f8f59251411efc000a5d","gender":2,"id":1480226,"name":"Seth Zielicke","order":110,"profile_path":null},{"cast_id":281,"character":"Tourist (uncredited)","credit_id":"57c9ee6d9251413de3001823","gender":2,"id":1673576,"name":"Alex DeCourville","order":111,"profile_path":null},{"cast_id":283,"character":"S.H.I.E.L.D agent (uncredited)","credit_id":"57ca1eef92514127950011e3","gender":1,"id":1343164,"name":"Andrea-Nichole Olivas","order":112,"profile_path":null},{"cast_id":284,"character":"NYC Pedestrian (uncredited)","credit_id":"57ca2108925141278d0012b6","gender":1,"id":1376001,"name":"Tina Grimm","order":113,"profile_path":null},{"cast_id":287,"character":"Principal (uncredited)","credit_id":"5a5ff28ec3a368776600c16e","gender":2,"id":1962256,"name":"Evan Kole","order":114,"profile_path":"/rMnLtyrejtHVn0k6ezdv3Bg2ILN.jpg"},{"cast_id":308,"character":"Pedestrian (uncredited)","credit_id":"5ee5aa05a217c00022d33fb0","gender":2,"id":1781358,"name":"Jimmy Star","order":115,"profile_path":"/iQ4dQmwDe5d7IftXiu00gCyTKjF.jpg"}],"crew":[{"credit_id":"52fe4495c3a368484e02b1cf","department":"Sound","gender":2,"id":37,"job":"Original Music Composer","name":"Alan Silvestri","profile_path":"/zTftmmaNaISsMKOue1jgh5yAmSe.jpg"},{"credit_id":"5c2eab380e0a26760339ab79","department":"Camera","gender":2,"id":36,"job":"Additional Photography","name":"Don Burgess","profile_path":"/aIB6XjNFDWxRpB2l5GKXWEzMI4O.jpg"},{"credit_id":"5496018d9251416e1e0047c3","department":"Sound","gender":0,"id":900,"job":"Sound Designer","name":"Christopher Boyes","profile_path":null},{"credit_id":"549601ad9251412c4e00333b","department":"Sound","gender":0,"id":900,"job":"Sound Re-Recording Mixer","name":"Christopher Boyes","profile_path":null},{"credit_id":"56472df0c3a368261a0031bb","department":"Camera","gender":2,"id":3285,"job":"Director of Photography","name":"Seamus McGarvey","profile_path":"/yXEsxEMHlMDemBy8JrHZFAmd3uD.jpg"},{"credit_id":"539c4d08c3a36810c100214e","department":"Production","gender":1,"id":7232,"job":"Casting","name":"Sarah Halley Finn","profile_path":null},{"credit_id":"5af36d6f0e0a2639680027f5","department":"Sound","gender":0,"id":5338,"job":"Sound Effects Editor","name":"Kyrsten Mate","profile_path":null},{"credit_id":"539c4e35c3a36810c9002171","department":"Art","gender":2,"id":6055,"job":"Set Decoration","name":"Victor J. Zolfo","profile_path":null},{"credit_id":"549694d5c3a3686ae1006274","department":"Visual Effects","gender":2,"id":6037,"job":"Visual Effects Supervisor","name":"Colin Strause","profile_path":null},{"credit_id":"549694ec92514132ed004142","department":"Visual Effects","gender":2,"id":6038,"job":"Visual Effects Supervisor","name":"Greg Strause","profile_path":null},{"credit_id":"5af36d1292514178d8002034","department":"Sound","gender":0,"id":7537,"job":"Sound Effects Editor","name":"Steve Boeddeker","profile_path":null},{"credit_id":"59ae532f925141072304f687","department":"Production","gender":2,"id":7624,"job":"Executive Producer","name":"Stan Lee","profile_path":"/nGjBAc25C3LT23NqeOfY1pCcax8.jpg"},{"credit_id":"59ae526ac3a3682c2204e2da","department":"Writing","gender":2,"id":7624,"job":"Comic Book","name":"Stan Lee","profile_path":"/nGjBAc25C3LT23NqeOfY1pCcax8.jpg"},{"credit_id":"52fe4495c3a368484e02b1b1","department":"Production","gender":2,"id":7626,"job":"Executive Producer","name":"Avi Arad","profile_path":null},{"credit_id":"52fe4495c3a368484e02b1c9","department":"Production","gender":2,"id":10850,"job":"Producer","name":"Kevin Feige","profile_path":"/kCBqXZ5PT5udYGEj2wfTSFbLMvT.jpg"},{"credit_id":"570b898e9251413a0e0006c2","department":"Art","gender":2,"id":8285,"job":"Supervising Art Director","name":"Richard L. Johnson","profile_path":null},{"credit_id":"539c4d74c3a36810da002247","department":"Art","gender":2,"id":9546,"job":"Production Design","name":"James Chinlund","profile_path":"/lAi8BVuuzKrJWUqPTt3LnlDYSNU.jpg"},{"credit_id":"5495a319c3a3686ae90044bd","department":"Costume & Make-Up","gender":0,"id":12619,"job":"Wigmaker","name":"Erwin H. Kupitz","profile_path":null},{"credit_id":"52fe4495c3a368484e02b1ab","department":"Writing","gender":2,"id":12891,"job":"Screenplay","name":"Joss Whedon","profile_path":"/mVvpZnKYKSCtkOQixQnOonV5kv3.jpg"},{"credit_id":"52fe4495c3a368484e02b1a1","department":"Directing","gender":2,"id":12891,"job":"Director","name":"Joss Whedon","profile_path":"/mVvpZnKYKSCtkOQixQnOonV5kv3.jpg"},{"credit_id":"52fe4495c3a368484e02b1e7","department":"Writing","gender":2,"id":12891,"job":"Story","name":"Joss Whedon","profile_path":"/mVvpZnKYKSCtkOQixQnOonV5kv3.jpg"},{"credit_id":"52fe4495c3a368484e02b211","department":"Costume & Make-Up","gender":1,"id":13009,"job":"Costume Design","name":"Alexandra Byrne","profile_path":null},{"credit_id":"5496022e9251413af7003237","department":"Sound","gender":1,"id":15893,"job":"Sound Effects Editor","name":"Teresa Eckton","profile_path":null},{"credit_id":"5496a11a9251417a810039a9","department":"Crew","gender":2,"id":14771,"job":"Stunt Coordinator","name":"R. A. Rondell","profile_path":"/3luH3tMzcdn0F9XMfAVoCjdiUWs.jpg"},{"credit_id":"5b0be74f0e0a260e420132cb","department":"Visual Effects","gender":0,"id":15356,"job":"Special Effects Supervisor","name":"Daniel Sudick","profile_path":null},{"credit_id":"5496a334c3a3686af300568c","department":"Camera","gender":2,"id":10832,"job":"Additional Photography","name":"Gabriel Beristain","profile_path":null},{"credit_id":"52fe4495c3a368484e02b1db","department":"Editing","gender":2,"id":35176,"job":"Editor","name":"Jeffrey Ford","profile_path":null},{"credit_id":"52fe4495c3a368484e02b1e1","department":"Writing","gender":2,"id":11011,"job":"Story","name":"Zak Penn","profile_path":"/5Zx3o1Fmlu4sIYq4xn5WLyK2GNM.jpg"},{"credit_id":"52fe4495c3a368484e02b21d","department":"Writing","gender":2,"id":18866,"job":"Characters","name":"Jack Kirby","profile_path":null},{"credit_id":"52fe4495c3a368484e02b1c3","department":"Production","gender":2,"id":15277,"job":"Executive Producer","name":"Jon Favreau","profile_path":"/8MtRRnEHaBSw8Ztdl8saXiw1egP.jpg"},{"credit_id":"539c4d1dc3a368653d001b31","department":"Production","gender":1,"id":20540,"job":"Casting","name":"Randi Hiller","profile_path":null},{"credit_id":"539c4e08c3a36810e3002096","department":"Art","gender":0,"id":20786,"job":"Art Direction","name":"Randy Moore","profile_path":null},{"credit_id":"56870683c3a3685f8900b82b","department":"Sound","gender":2,"id":24192,"job":"Music Supervisor","name":"Dave Jordan","profile_path":null},{"credit_id":"52fe4495c3a368484e02b1b7","department":"Production","gender":0,"id":41018,"job":"Executive Producer","name":"Chris Brigham","profile_path":"/lbWFcY3aVB8vG7tWwBXILJM8jyH.jpg"},{"credit_id":"5495a4bb9251416e1e003fde","department":"Art","gender":0,"id":41890,"job":"Set Designer","name":"Marisa Frantz","profile_path":null},{"credit_id":"549603c0c3a3680ff50036b6","department":"Visual Effects","gender":0,"id":113123,"job":"Visual Effects Producer","name":"Anouk Deveault-Moreau","profile_path":null},{"credit_id":"52fe4495c3a368484e02b1bd","department":"Production","gender":2,"id":57027,"job":"Executive Producer","name":"Louis D'Esposito","profile_path":null},{"credit_id":"52fe4495c3a368484e02b1f9","department":"Production","gender":2,"id":113672,"job":"Executive Producer","name":"Alan Fine","profile_path":null},{"credit_id":"52fe4495c3a368484e02b1f3","department":"Production","gender":0,"id":113674,"job":"Executive Producer","name":"Victoria Alonso","profile_path":"/xF7Qe1tqgk9KtY8kThKHBWhMqxc.jpg"},{"credit_id":"52fe4495c3a368484e02b1ff","department":"Production","gender":0,"id":113675,"job":"Executive Producer","name":"Jeremy Latcham","profile_path":null},{"credit_id":"5496a56fc3a3686ae1006429","department":"Crew","gender":0,"id":95844,"job":"Transportation Coordinator","name":"Jim Chesney","profile_path":null},{"credit_id":"52fe4495c3a368484e02b205","department":"Editing","gender":0,"id":1018965,"job":"Editor","name":"Lisa Lassek","profile_path":null},{"credit_id":"5495a4d192514132ed002a96","department":"Art","gender":0,"id":1068055,"job":"Set Designer","name":"Jim Hewitt","profile_path":null},{"credit_id":"539c4daec3a368653d001b53","department":"Art","gender":0,"id":1172441,"job":"Art Direction","name":"Gregory S. Hooper","profile_path":null},{"credit_id":"539c4eea0e0a267a4c002a91","department":"Costume & Make-Up","gender":0,"id":1319134,"job":"Costume Supervisor","name":"Suzi Turnbull","profile_path":null},{"credit_id":"539c4d9cc3a36810e300208a","department":"Art","gender":1,"id":1322017,"job":"Art Direction","name":"Jann K. Engel","profile_path":"/oscTd5HD7sU3MOLJpy7bqaf5l5t.jpg"},{"credit_id":"549601cbc3a3686ae9004daf","department":"Sound","gender":1,"id":1327030,"job":"Sound Re-Recording Mixer","name":"Lora Hirschberg","profile_path":"/gL4qn7THQn33BgSN2H4jRfuJJbU.jpg"},{"credit_id":"539c4e66c3a36810b5002075","department":"Costume & Make-Up","gender":0,"id":1329417,"job":"Makeup Department Head","name":"John Blake","profile_path":null},{"credit_id":"5496a4239251416e1e005781","department":"Costume & Make-Up","gender":0,"id":1330567,"job":"Set Costumer","name":"Anthony Almaraz","profile_path":null},{"credit_id":"539c4d88c3a36810b5002066","department":"Art","gender":0,"id":1330582,"job":"Art Direction","name":"Benjamin Edelberg","profile_path":null},{"credit_id":"539c4dc0c3a36810c100216b","department":"Art","gender":2,"id":1330583,"job":"Art Direction","name":"William O. Hunter","profile_path":null},{"credit_id":"539c4eb90e0a267a5a002b5d","department":"Costume & Make-Up","gender":0,"id":1330584,"job":"Costume Supervisor","name":"Rhonney Greene","profile_path":null},{"credit_id":"539c4ece0e0a267a56002c14","department":"Costume & Make-Up","gender":0,"id":1330585,"job":"Costume Supervisor","name":"Angelique Paull","profile_path":null},{"credit_id":"5af36c1dc3a3682157002f49","department":"Art","gender":2,"id":1335066,"job":"Property Master","name":"Andrew Petrotta","profile_path":null},{"credit_id":"5495a521c3a3686ae1004793","department":"Art","gender":0,"id":1336191,"job":"Set Designer","name":"Sam Page","profile_path":null},{"credit_id":"5496015cc3a3680fc6002fdd","department":"Sound","gender":0,"id":1339446,"job":"Supervising Sound Editor","name":"Frank E. Eulner","profile_path":null},{"credit_id":"5af36c680e0a2639640024ae","department":"Sound","gender":2,"id":1339448,"job":"Dialogue Editor","name":"Matthew Hartman","profile_path":null},{"credit_id":"5496a50ec3a3686ae3005ed5","department":"Costume & Make-Up","gender":0,"id":1339457,"job":"Set Costumer","name":"Claire Sandrin","profile_path":null},{"credit_id":"568706659251414ecb011f61","department":"Directing","gender":1,"id":1339468,"job":"Script Supervisor","name":"Trudy Ramirez","profile_path":null},{"credit_id":"549604b99251413af700327e","department":"Crew","gender":0,"id":1347720,"job":"Visual Effects Art Director","name":"Aaron McBride","profile_path":null},{"credit_id":"549600c39251416e1e0047b1","department":"Art","gender":0,"id":1347734,"job":"Assistant Art Director","name":"Stephen Morahan","profile_path":null},{"credit_id":"549602549251413af700323d","department":"Sound","gender":0,"id":1352421,"job":"Foley","name":"Sean England","profile_path":null},{"credit_id":"5495a48e92514130fc002f02","department":"Art","gender":0,"id":1357047,"job":"Set Designer","name":"Aric Cheng","profile_path":null},{"credit_id":"5495a3d39251412c4e002b30","department":"Art","gender":0,"id":1357055,"job":"Art Department Coordinator","name":"Candice Muriedas","profile_path":null},{"credit_id":"5495a4a19251412c4e002b44","department":"Art","gender":0,"id":1360093,"job":"Set Designer","name":"Tim Croshaw","profile_path":null},{"credit_id":"5af36cec0e0a26394b002354","department":"Sound","gender":1,"id":1364410,"job":"ADR Editor","name":"Julie Feiner","profile_path":null},{"credit_id":"549604fe9251413af7003282","department":"Visual Effects","gender":2,"id":1368873,"job":"Visual Effects Producer","name":"Michel Mielke","profile_path":null},{"credit_id":"54960547c3a3680ff50036e0","department":"Visual Effects","gender":0,"id":1368875,"job":"Visual Effects Producer","name":"Julie Orosz","profile_path":null},{"credit_id":"5af36c85c3a36821590027b8","department":"Sound","gender":0,"id":1376901,"job":"Dialogue Editor","name":"Marshall Winn","profile_path":null},{"credit_id":"5495ff3792514130fc003723","department":"Art","gender":0,"id":1378220,"job":"Leadman","name":"Jason Bedig","profile_path":null},{"credit_id":"549693309251416e1e005633","department":"Visual Effects","gender":0,"id":1379986,"job":"Visual Effects Supervisor","name":"Alessandro Cioffi","profile_path":null},{"credit_id":"5496031e9251413f75003356","department":"Visual Effects","gender":0,"id":1384368,"job":"Visual Effects Producer","name":"Daniel Brimer","profile_path":null},{"credit_id":"5495a4f79251412c4e002b51","department":"Art","gender":0,"id":1386908,"job":"Set Designer","name":"Jeff Markwith","profile_path":null},{"credit_id":"5496057a9251416e2b004d85","department":"Visual Effects","gender":0,"id":1388871,"job":"Visual Effects Producer","name":"Susan Pickett","profile_path":null},{"credit_id":"5495a4339251413f75002af0","department":"Art","gender":0,"id":1389128,"job":"Assistant Art Director","name":"Nick S. Cross","profile_path":null},{"credit_id":"5495a4089251413af7002a30","department":"Art","gender":0,"id":1389131,"job":"Construction Coordinator","name":"John Hoskins","profile_path":null},{"credit_id":"5496a4da9251413f750042d5","department":"Costume & Make-Up","gender":0,"id":1392143,"job":"Set Costumer","name":"Bob Moore Jr.","profile_path":null},{"credit_id":"5496a6b59251417162000f61","department":"Production","gender":0,"id":1392947,"job":"Location Manager","name":"Aaron Spaulding","profile_path":null},{"credit_id":"549604a29251417a81002949","department":"Crew","gender":0,"id":1394753,"job":"Visual Effects Editor","name":"George McCarthy","profile_path":null},{"credit_id":"549694889251413f7500418a","department":"Visual Effects","gender":0,"id":1394961,"job":"Visual Effects Supervisor","name":"Daniel P. Rosen","profile_path":null},{"credit_id":"5496a48392514132ed004294","department":"Costume & Make-Up","gender":0,"id":1395030,"job":"Set Costumer","name":"Alison Evans","profile_path":null},{"credit_id":"5496037692514130fc003779","department":"Visual Effects","gender":0,"id":1395320,"job":"Visual Effects Producer","name":"Sean Cushing","profile_path":null},{"credit_id":"5496a17ec3a3681153003dd8","department":"Camera","gender":2,"id":1395463,"job":"Camera Operator","name":"Mitch Dubin","profile_path":null},{"credit_id":"5496a155c3a3686ae10063ca","department":"Camera","gender":2,"id":1399071,"job":"Camera Operator","name":"Hans Bjerno","profile_path":null},{"credit_id":"5496a6f5c3a3680ff5004817","department":"Production","gender":0,"id":1399893,"job":"Location Manager","name":"Tom Moisides","profile_path":null},{"credit_id":"5496a1ecc3a3686ae3005e89","department":"Camera","gender":2,"id":1400082,"job":"Still Photographer","name":"Zade Rosenthal","profile_path":null},{"credit_id":"549600fac3a3686ae1005125","department":"Crew","gender":0,"id":1400488,"job":"Scenic Artist","name":"Victor Morales","profile_path":null},{"credit_id":"549694559251416e2b005db9","department":"Visual Effects","gender":0,"id":1400560,"job":"Visual Effects Supervisor","name":"Erik Nash","profile_path":null},{"credit_id":"54969423c3a3680fc6003e11","department":"Visual Effects","gender":2,"id":1401722,"job":"Visual Effects Supervisor","name":"Matt McDonald","profile_path":null},{"credit_id":"5496052d9251412c4e003396","department":"Visual Effects","gender":0,"id":1401793,"job":"Visual Effects Producer","name":"Cyndi Ochs","profile_path":null},{"credit_id":"5496958ec3a3686ae1006284","department":"Visual Effects","gender":0,"id":1401803,"job":"Visual Effects Supervisor","name":"Guy Williams","profile_path":null},{"credit_id":"5495a3459251416e1e003fad","department":"Costume & Make-Up","gender":0,"id":1401821,"job":"Hairstylist","name":"Tijen Osman","profile_path":null},{"credit_id":"5495a3729251413f75002ad7","department":"Production","gender":0,"id":1401823,"job":"Production Supervisor","name":"Don J. Hug","profile_path":null},{"credit_id":"5495a3909251412c4e002b25","department":"Production","gender":0,"id":1401824,"job":"Production Supervisor","name":"Nadia Paine","profile_path":null},{"credit_id":"5495a3abc3a3686af3003fae","department":"Art","gender":0,"id":1401825,"job":"Art Department Coordinator","name":"Marcella Brennan","profile_path":null},{"credit_id":"5495ff699251416e1e004793","department":"Art","gender":0,"id":1401884,"job":"Sculptor","name":"Yann Denoual","profile_path":null},{"credit_id":"5495ff90c3a3686ae100510a","department":"Art","gender":0,"id":1401885,"job":"Sculptor","name":"Clark Kelly","profile_path":null},{"credit_id":"5496000f9251417a810028d5","department":"Art","gender":0,"id":1401886,"job":"Leadman","name":"John Millard","profile_path":null},{"credit_id":"5496005e9251412c4e003310","department":"Art","gender":0,"id":1401887,"job":"Sculptor","name":"Duncan Crawford","profile_path":null},{"credit_id":"549602ce9251413af700324d","department":"Visual Effects","gender":0,"id":1401890,"job":"Visual Effects Producer","name":"Jeff Atherton","profile_path":null},{"credit_id":"549603019251413af7003253","department":"Crew","gender":0,"id":1401891,"job":"Visual Effects Editor","name":"Jeremy Bradley","profile_path":null},{"credit_id":"549603489251413af700325d","department":"Visual Effects","gender":0,"id":1401892,"job":"Visual Effects Producer","name":"Mihaela Chifor","profile_path":null},{"credit_id":"549603a1c3a3681153002fc2","department":"Crew","gender":0,"id":1401893,"job":"Visual Effects Editor","name":"Lorelei David","profile_path":null},{"credit_id":"54960422c3a3686ae9004dff","department":"Visual Effects","gender":0,"id":1401894,"job":"Visual Effects Producer","name":"John L. Jack","profile_path":null},{"credit_id":"5496047692514130fc00379c","department":"Visual Effects","gender":0,"id":1401895,"job":"Visual Effects Producer","name":"Kathleen Lynch","profile_path":null},{"credit_id":"549604db9251412c4e00338d","department":"Crew","gender":0,"id":1401896,"job":"Visual Effects Editor","name":"James Meikle","profile_path":null},{"credit_id":"549605a0c3a3680fc6003032","department":"Crew","gender":0,"id":1401897,"job":"Visual Effects Editor","name":"Danny Rafic","profile_path":null},{"credit_id":"549605e39251412c4e0033a7","department":"Crew","gender":0,"id":1401898,"job":"Visual Effects Editor","name":"Cameron Sharp","profile_path":null},{"credit_id":"54960630c3a3681153002ff7","department":"Visual Effects","gender":0,"id":1401899,"job":"Visual Effects Producer","name":"Georg Wieland","profile_path":null},{"credit_id":"549693809251413f75004179","department":"Visual Effects","gender":0,"id":1401965,"job":"Visual Effects Supervisor","name":"Bryan Grill","profile_path":null},{"credit_id":"549693a99251417315000e69","department":"Visual Effects","gender":0,"id":1401966,"job":"Visual Effects Supervisor","name":"Venti Hristova","profile_path":null},{"credit_id":"549693dd9251417315000e6f","department":"Crew","gender":0,"id":1401967,"job":"Visual Effects Art Director","name":"Alex Jaeger","profile_path":null},{"credit_id":"549694b792514132ed00413d","department":"Visual Effects","gender":0,"id":1401968,"job":"Visual Effects Supervisor","name":"Janek Sirrs","profile_path":null},{"credit_id":"549695019251416e2b005dc8","department":"Visual Effects","gender":0,"id":1401970,"job":"Visual Effects Supervisor","name":"Nigel Sumner","profile_path":null},{"credit_id":"5496956cc3a36831b800370b","department":"Visual Effects","gender":0,"id":1401971,"job":"Visual Effects Supervisor","name":"Jeff White","profile_path":null},{"credit_id":"5496a1bfc3a36831b800384d","department":"Camera","gender":0,"id":1401987,"job":"Camera Operator","name":"Christopher A. Schenck","profile_path":null},{"credit_id":"5496a228c3a3680fc6003f63","department":"Lighting","gender":0,"id":1401988,"job":"Lighting Technician","name":"Chris Napolitano","profile_path":null},{"credit_id":"5496a23cc3a3686ae3005e8e","department":"Camera","gender":2,"id":1401989,"job":"Camera Operator","name":"John S. Moyer","profile_path":null},{"credit_id":"5496a280c3a36831b800385d","department":"Crew","gender":0,"id":1401990,"job":"Video Assist Operator","name":"Kevin McKenna","profile_path":null},{"credit_id":"5496a29d9251416e2b005f17","department":"Lighting","gender":0,"id":1401991,"job":"Lighting Technician","name":"Jason Linebaugh","profile_path":null},{"credit_id":"5496a2ba92514132ed004267","department":"Crew","gender":0,"id":1401992,"job":"Video Assist Operator","name":"Jimi Johnson","profile_path":null},{"credit_id":"5496a2d4c3a3686ae3005e9a","department":"Lighting","gender":0,"id":1401993,"job":"Lighting Technician","name":"Sherman Jackson","profile_path":null},{"credit_id":"5496a3559251417a810039d2","department":"Lighting","gender":0,"id":1401995,"job":"Lighting Technician","name":"Russell Ayer","profile_path":null},{"credit_id":"5496a36e92514130fc0047bd","department":"Lighting","gender":2,"id":1401996,"job":"Lighting Technician","name":"David M. Adams","profile_path":null},{"credit_id":"5496a3a79251417a810039dc","department":"Lighting","gender":0,"id":1401997,"job":"Gaffer","name":"Bill O'Leary","profile_path":null},{"credit_id":"5496a3edc3a3681153003e13","department":"Visual Effects","gender":0,"id":1401998,"job":"Animation Director","name":"Tom Meade","profile_path":null},{"credit_id":"5496a43a9251417a810039f2","department":"Costume & Make-Up","gender":0,"id":1401999,"job":"Set Costumer","name":"Paul John Carli","profile_path":null},{"credit_id":"5496a4569251416e2b005f45","department":"Costume & Make-Up","gender":0,"id":1402000,"job":"Set Costumer","name":"Scott T. Coppock","profile_path":null},{"credit_id":"5496a46b92514132ed00428e","department":"Costume & Make-Up","gender":1,"id":1402001,"job":"Set Costumer","name":"Emily Egge","profile_path":null},{"credit_id":"5496a4a9c3a3680ff50047fc","department":"Costume & Make-Up","gender":0,"id":1402002,"job":"Set Costumer","name":"Askia Won-Ling Jacob","profile_path":null},{"credit_id":"5496a4c19251413f750042cf","department":"Costume & Make-Up","gender":0,"id":1402003,"job":"Set Costumer","name":"Carol McLennan","profile_path":null},{"credit_id":"5496a4f3c3a3686ae1006418","department":"Costume & Make-Up","gender":0,"id":1402004,"job":"Set Costumer","name":"Aura Sperling Pierce","profile_path":null},{"credit_id":"5496a524c3a3686ae3005ed8","department":"Costume & Make-Up","gender":0,"id":1402005,"job":"Set Costumer","name":"Jesse Trevino","profile_path":null},{"credit_id":"5496a552c3a3686ae9005f6d","department":"Sound","gender":0,"id":1402006,"job":"Music Editor","name":"Steve Durkee","profile_path":null},{"credit_id":"5496a5ad9251417a81003a23","department":"Crew","gender":0,"id":1402007,"job":"Translator","name":"Tatiana Chapman","profile_path":null},{"credit_id":"5496a5d2c3a3686af30056b9","department":"Crew","gender":1,"id":1402008,"job":"Dialect Coach","name":"Kathleen S. Dunn","profile_path":null},{"credit_id":"5496a5fdc3a3681153003e3b","department":"Crew","gender":0,"id":1402009,"job":"Studio Teachers","name":"Allegro Hopkins","profile_path":null},{"credit_id":"5496a673c3a3686ae9005f85","department":"Crew","gender":0,"id":1402010,"job":"Studio Teachers","name":"Kristy Viera","profile_path":null},{"credit_id":"5496a6d1c3a3686af30056d4","department":"Production","gender":0,"id":1402011,"job":"Location Manager","name":"David Rumble","profile_path":null},{"credit_id":"5496a70dc3a3681153003e4b","department":"Production","gender":0,"id":1402012,"job":"Publicist","name":"Ruben Malaret","profile_path":null},{"credit_id":"5496a7269251417315000ffe","department":"Production","gender":0,"id":1402013,"job":"Location Manager","name":"Scott Allen Logan","profile_path":null},{"credit_id":"5496a73ec3a3680fc6003fc2","department":"Crew","gender":0,"id":1402014,"job":"Unit Publicist","name":"Ken Lingad","profile_path":null},{"credit_id":"5af36cc80e0a26395000275e","department":"Sound","gender":1,"id":1404903,"job":"Supervising ADR Editor","name":"Becky Sullivan","profile_path":null},{"credit_id":"571260d8c3a368663600348e","department":"Crew","gender":0,"id":1407019,"job":"Visual Effects Editor","name":"Mark Edward Wright","profile_path":null},{"credit_id":"553c29eac3a368784500b344","department":"Crew","gender":2,"id":1412756,"job":"Visual Effects Editor","name":"Chris O'Connell","profile_path":null},{"credit_id":"5af36d2592514178e6001766","department":"Sound","gender":0,"id":1414177,"job":"Sound Effects Editor","name":"J.R. Grubbs","profile_path":null},{"credit_id":"5af36d5492514178d800204b","department":"Sound","gender":0,"id":1414178,"job":"Sound Effects Editor","name":"Scott Guitteau","profile_path":null},{"credit_id":"5af36bff0e0a26394700257e","department":"Directing","gender":2,"id":1428837,"job":"Second Unit Director","name":"John Mahaffie","profile_path":null},{"credit_id":"5518ccfc92514115000033a7","department":"Writing","gender":0,"id":1447326,"job":"Storyboard","name":"Jane Wu","profile_path":null},{"credit_id":"553d5a32c3a368066d001daf","department":"Visual Effects","gender":2,"id":1450362,"job":"Visual Effects","name":"Scott F. Johnston","profile_path":null},{"credit_id":"5534071a92514110140041b1","department":"Crew","gender":0,"id":1456696,"job":"Compositors","name":"Brian N. Bentley","profile_path":null},{"credit_id":"553b29799251412c270007fb","department":"Visual Effects","gender":0,"id":1457930,"job":"Visual Effects","name":"James Baker","profile_path":null},{"credit_id":"553ea6c59251411f40000066","department":"Crew","gender":0,"id":1457935,"job":"Compositors","name":"Michael Queen","profile_path":null},{"credit_id":"55495951c3a36841b20008a6","department":"Visual Effects","gender":0,"id":1459736,"job":"Animation","name":"Travis Tohill","profile_path":null},{"credit_id":"55519b10c3a368426f003468","department":"Visual Effects","gender":0,"id":1463568,"job":"Visual Effects","name":"Mike Marcuzzi","profile_path":null},{"credit_id":"5d36f856ab6849000f857e4f","department":"Art","gender":2,"id":1753397,"job":"Conceptual Illustrator","name":"Andy Park","profile_path":null},{"credit_id":"5abf9a389251416027029981","department":"Visual Effects","gender":2,"id":1855918,"job":"Digital Compositors","name":"David M. Scott","profile_path":null},{"credit_id":"5ba9019f0e0a2635e10549af","department":"Visual Effects","gender":0,"id":2005428,"job":"Animation","name":"Mickael Coedel","profile_path":null},{"credit_id":"5ba8d7c49251412f0104791b","department":"Visual Effects","gender":2,"id":2027267,"job":"VFX Artist","name":"Bastiaan Koch","profile_path":null},{"credit_id":"5ba8d42ec3a3680e5204a610","department":"Visual Effects","gender":2,"id":2066708,"job":"VFX Artist","name":"John Walker","profile_path":null},{"credit_id":"5ba8b2fa9251412f070438db","department":"Visual Effects","gender":2,"id":2134304,"job":"Stereoscopic Supervisor","name":"Sean MacKenzie","profile_path":null},{"credit_id":"5ca6d558925141258cdeb7b4","department":"Production","gender":1,"id":2275675,"job":"Production Assistant","name":"Trinh Tran","profile_path":"/gTOOYIo9cCcEe9oboFECE2XExVo.jpg"}]},"videos":{"results":[{"id":"5794fd8bc3a3687605005cc9","iso_639_1":"en","iso_3166_1":"US","key":"eOrNdBpGMv8","name":"Marvel's The Avengers- Trailer (OFFICIAL)","site":"YouTube","size":1080,"type":"Trailer"},{"id":"5794fd54c3a36829ab00036a","iso_639_1":"en","iso_3166_1":"US","key":"bGt-saFvkNk","name":"Marvel's The Avengers Super Bowl XLVI Commercial (Extended)","site":"YouTube","size":1080,"type":"Clip"},{"id":"5c370782c3a3685ee927c291","iso_639_1":"en","iso_3166_1":"US","key":"hIR8Ar-Z4hw","name":"Marvel's The Avengers Trailer 2 (OFFICIAL)","site":"YouTube","size":1080,"type":"Trailer"}]},"alternative_titles":{"titles":[{"iso_3166_1":"BR","title":"Marvel's The Avengers: Os Vingadores","type":"DVD title"},{"iso_3166_1":"BR","title":"Os Vingadores","type":"Filme"},{"iso_3166_1":"CA","title":"Avengers","type":""},{"iso_3166_1":"CA","title":"Les Avengers: le film","type":""},{"iso_3166_1":"DE","title":"Avengers 1 - Marvel's The Avengers","type":""},{"iso_3166_1":"EE","title":"Tasujad","type":""},{"iso_3166_1":"ES","title":"Los Vengadores","type":""},{"iso_3166_1":"FR","title":"Les Avengers","type":""},{"iso_3166_1":"GB","title":"Avengers Assemble","type":""},{"iso_3166_1":"IT","title":"Avengers 1","type":""},{"iso_3166_1":"KR","title":"마블 어벤져스","type":""},{"iso_3166_1":"KR","title":"어벤져스","type":""},{"iso_3166_1":"MX","title":"Vengadores","type":"Mexican Title"},{"iso_3166_1":"NL","title":"De Wrekers","type":"literal"},{"iso_3166_1":"NO","title":"MCU 06 - The Avengers","type":""},{"iso_3166_1":"SE","title":"Avengers 3D","type":"3D-title"},{"iso_3166_1":"TH","title":"ดิ อเวนเจอร์ส 1","type":""},{"iso_3166_1":"US","title":"Marvel Avengers Assemble","type":"complete title"},{"iso_3166_1":"US","title":"Marvel Studios' The Avengers","type":"Alternative Title"},{"iso_3166_1":"US","title":"Marvel's The Avengers","type":"complete title"},{"iso_3166_1":"US","title":"The Avengers (2012)","type":""},{"iso_
[...]
rofessor Charles Xavier—and the Brotherhood, a band of powerful mutants organised under Xavier's former ally, Magneto.","poster_path":"/9jDzVM003nH0NfQ57qMLHxcMQYU.jpg","release_date":"2006-05-24","title":"X-Men: The Last Stand","video":false,"vote_average":6.4,"vote_count":6908,"popularity":1.041},{"id":559,"video":false,"vote_count":8800,"vote_average":6.2,"title":"Spider-Man 3","release_date":"2007-05-01","original_language":"en","original_title":"Spider-Man 3","genre_ids":[28,12,14],"backdrop_path":"/6MQmtWk4cFwSDyNvIgoJRBIHUT3.jpg","adult":false,"overview":"The seemingly invincible Spider-Man goes up against an all-new crop of villains—including the shape-shifting Sandman. While Spider-Man’s superpowers are altered by an alien organism, his alter ego, Peter Parker, deals with nemesis Eddie Brock and also gets caught up in a love triangle.","poster_path":"/2jLxKF73SAPkyhIWrnv67IH7kJ1.jpg","popularity":30.258},{"id":272,"video":false,"vote_count":14667,"vote_average":7.7,"title":"Batman Begins","release_date":"2005-06-10","original_language":"en","original_title":"Batman Begins","genre_ids":[28,80,18],"backdrop_path":"/lh5lbisD4oDbEKgUxoRaZU8HVrk.jpg","adult":false,"overview":"Driven by tragedy, billionaire Bruce Wayne dedicates his life to uncovering and defeating the corruption that plagues his home, Gotham City.  Unable to work within the system, he instead creates a new identity, a symbol of fear for the criminal underworld - The Batman.","poster_path":"/8RW2runSEc34IwKN2D1aPcJd2UL.jpg","popularity":37.966}],"total_pages":2,"total_results":40},"reviews":{"page":1,"results":[{"author":"xenocast","content":"With a movie like this you wonder how all of the otherwise, main characters will work together and support the story.\r\n\r\nNo problems here.  While as might be expected, R. Downey Jr. comes across largely central, it is still a good mix and IMHO the best scenes in the movie involve the generated Hulk character.\r\n\r\nWith that kind of successful melding of characters, Hollywood-scale egos and even computer generated characters; you have to give it up to the writers and director to make this the successful film that it is.","id":"4fce8f8819c29523880000de","url":"https://www.themoviedb.org/review/4fce8f8819c29523880000de"},{"author":"Gimly","content":"**A long format review from 2012**\r\n\r\nMy new favourite Marvel Cinematic Universe film, undoubtedly! Order goes thusly;\r\n\r\n1. The Avengers\r\n2. Iron Man\r\n3. Thor\r\n4. Captain America\r\n5. Iron Man 2\r\n6. The Incredible Hulk\r\n\r\nI had the privilege of going to Sydney and watching this almost a full three weeks before it’s American release, in a special advance screening for fans and a handful of critics. I drove up and back on a day trip with my mate HRV, spent over $400 between us… So worth it.\r\n\r\nI think perhaps my expectations of The Avengers were too high. In fact I know they were, even so, I feel that it almost managed to meet them. All but two of the fears I had about this epic were quashed without a doubt. I initially was worried about Mark Ruffalo helming the role of The Hulk/Bruce Banner after taking over from Edward Norton who was ousted after his first appearance. My complaints were completely unfounded however, as Mark Ruffalo presents us with an at least as good Marvel Hero. \r\n\r\nIn terms of entertainment, The Avengers is one of the greatest feats ever produced. At the screening I went to, I actually missed more than a couple of lines due to the fact that the entire bloody cinema was in hysterics from some classic Joss Whedon (Director - Buffy, Angel, Firefly, Dollhouse) humour. The squabbles between these larger than life characters are not quite up to the peak that Jon Favreau’s Iron Man & Iron Man 2 sit on, but in terms of film in general, they are some of the better interactions I’ve ever seen.\r\n\r\nThe only weak points I really have to whinge about are both quite minor, and perhaps can be rectified in the MCU future. Firstly, Thor’s return to Earth (whilst brilliantly dramatic and pretty) was quite weak in terms of exposition. That said, this isn’t a Thor movie, so we don’t need to know everything that happens to him. Also, in next year’s Thor 2, it is very possible we’ll discover more specific details about the first few scenes of his return. Secondly, Loki’s army also came across to me quite weakly. In case we have any Marvel aficionados in the crowd, I won’t spoil it by telling you who they’re supposed to be, but in general the whole army was essentially a meat shield used to bump out scenes in which The Avengers get to kick ass. A very enjoyable part of the film, but one that doesn’t really drive the story at all.\r\n\r\nI feel the only way I can adequately describe just how much you need to see this movie (in cinemas) is this: For those of you who understand me, you will be know and be aware of just how much I fucking hate the concept of Blu-Ray. I am going to buy a Blu-Ray player, a HD television, and Blu-Ray discs, just so that I will get more special features when The Avengers is released. Never have I even considered doing such a thing before.\r\n\r\nThe Avengers doesn’t get into your mind and rape it in the best way possible like Revolver or Donnie Darko. It doesn’t get into your guts and turn them with nostalgic violence like the brilliance in Doomsday or Outpost. It gets into your heart, and leaves you not just wanting, but needing more. Long live the MCU!\r\n\r\n90%\r\n\r\n-Gimly","id":"59f29e47c3a3687126003ccd","url":"https://www.themoviedb.org/review/59f29e47c3a3687126003ccd"},{"author":"Per Gunnar Jonsson","content":"After the recent disappointments from Marvel, notably Thor and the abysmal second instalment of Ghost Rider, this was a pleasant experience.\r\n\r\nThe special effects are dazzling, the plot is acceptable and the heroes are not making total idiots out of themselves just because the director wanted some “depth” to their characters. Sure there is a little bickering in between them but not too much to distract from the fun.\r\n\r\nI’ve always liked Robert Downey Jr’s portrayal of Tony Stark and his sharp tongue. I did wonder how they where going to get the Hulk in there since he’s supposed to be uncontrollable but they did it. Okay they downplayed his uncontrollability a bit but I can live with that. I absolutely loved the “puny god” scene (if you haven’t seen the film yet you’ll have to see it to know what I mean, I wont spoil it in advance).\r\n\r\nI have to say that I found Thor himself a bit underwhelming again though. I just expect something more imposing as the good of thunder. But then I’m Scandinavian so…\r\n\r\nAnyway, this was a great film. I enjoyed it very much.","id":"5a657f809251410b2d030491","url":"https://www.themoviedb.org/review/5a657f809251410b2d030491"},{"author":"tmdb44006625","content":"One of the few movies to actually make me feel like a kid again, Joss Whedon was the perfect filmmaker to do this film. Everyone gets their time to shine. The script juggles every plot point and character moment with clarity and ease. It's funny, smart, and visually jaw dropping. Definitely lived up to the five movie hype.","id":"5c8426f992514127631f9b36","url":"https://www.themoviedb.org/review/5c8426f992514127631f9b36"},{"author":"E.J. Cummings","content":"I give this 10 Stars based on it being not only better than the trailer and the hype made me thing it would be, but also that it was the first time anything the size and scope of the Marvel Cinematic universe was pulled off successfully. Having Joss direct this movie lives and dies on character interaction. This movie is on the definitive list in my opinion even just for that.","id":"5cad1876c3a36812a018fc9c","url":"https://www.themoviedb.org/review/5cad1876c3a36812a018fc9c"},{"author":"John Chard","content":"Everything that's happening, the things that are about to come to light, people might just need a little old fashioned.\r\n\r\nThe Avengers (AKA: Avengers Assemble) is written and directed by Joss Whedon, with Zak Penn co-writing the story. It stars Robert Downey Junior, Chris Evans, Mark Ruffalo, Chris Hemsworth, Scarlett Johansson, Jeremy Renner, Tom Hiddlestone, Clark Gregg, Samuel L. Jackson, Cobie Smulders and Stellan Skarsgard. Music is scored by Alan Silvestri and cinematography by Seamus McGarvey.\r\n\r\nAsgardian outcast Loki (Hiddlestone) has struck a deal with the Chitauri to exchange the Tesseract for an army with which he can attack Earth and thus control it. With the Earth in mortal danger, S.H.I.E.L.D director Nick Fury (Jackson) activates the Avengers Initiative; a collection of super heroes and deadly assassins who, if they can actually come together as one united force, hold the fate of the Earth in their hands.\r\n\r\nI have no real frame of reference with The Avengers comic book world, when I was young I read a bit of Spidey, Batman and was kind of partial to The Fantastic Four, but I really don't remember story lines and gave up reading that sort of stuff once sport and exams came into my life. I love movies and as I enter the later stages of my forties I'm pleased to say I have a wide range of film genre interests. I have very much enjoyed The Avengers solo films so far, with the exception of Iron Man 2 which quite frankly is average at best, but the reality is that if The Avengers failed as a movie, that Whedon got it so wrong, then I wouldn't be foaming at the mouth or proclaiming that the director be stripped naked and whipped around the streets of Hollywood! As it is, with one or two minor irks aside, The Avengers is about as much fun as I have had with a movie in quite a few years.\r\n\r\nI wouldn't know if the makers got the essence right, or if the story is at one in the Marvel Avengers Universe, I just know that it is a right old blast and made a colossal amount of money at the box office, even trumping The Dark Knight Rises in that department. It's a film full of derring-do heroics, ripe witticisms, wonderfully staged action, simmering sexual tensions, ego collisions, charm, heart and splendid human interactions. It looks fabulous on Blu-ray, the art design, the colour photography and Silvestri's score rumbles like thunder and crackles like lightning, just as a super hero movie score should do. The cast performances are hugely enjoyable as they bounce off of one and other, feeding off the respective thespian energy with a knowing of the right tone to make this colourful comic book world be all that it can be. While Whedon, with a weight of expectation akin to Atlas holding the World on his shoulders, comes through with flying colours with astute pacing and an impressive marshaling of an acting army.\r\n\r\nFlaws? Jackson's Nick Fury could have done with more screen time and Cobie Smulders is sadly short changed as well. The Chitauri are only really a threat because of their sheer numbers, not because of any great alien design, and, well, The Hulk CGI hasn't really advanced much from the 2008 version, but really these are small itches rather than big ones. Is The Avengers the best film of 2012? It will be seen as such for many fans of the source(s) who have waited with baited breath for this coming together of their heroes, and that notion really shouldn't irk the more highbrow film fans out there. Me? No it isn't the best film of 2012, but as I found my self perched on the edge of my seat as the finale unfurls in a wave of explosive heroic energy, and I caressed my ribs from laughing out loud, I knew then that undoubtedly The Avengers is the most fun film of 2012. 9/10","id":"5d46cf540f2fbd7864efbe30","url":"https://www.themoviedb.org/review/5d46cf540f2fbd7864efbe30"},{"author":"Justin Lopez","content":"The Avengers is a dream movie come true for superhero fans with its group of extremely talented actors and epic champions, to create an action- packed movie with hilarious banter laced in between scenes. I love how each of the actors and actresses has portrayed each of the roles they were given.","id":"5dc32f2f5aadc4001520e0dd","url":"https://www.themoviedb.org/review/5dc32f2f5aadc4001520e0dd"},{"author":"LoganWright","content":"Definitely the greatest superhero movie of all time. Marvel has set the bar high with this one and so far, they're doing a good job of keeping up with that despite not being able to raise it higher!","id":"5dc389f37d2bc100133d06df","url":"https://www.themoviedb.org/review/5dc389f37d2bc100133d06df"},{"author":"BradleyStewart","content":"I found it creative of Marvel to introduce each character one by one. It really set the tone and had me looking forward to what's gonna happen.","id":"5dc3930999259c00157aa7cb","url":"https://www.themoviedb.org/review/5dc3930999259c00157aa7cb"},{"author":"Jane Hall","content":"Perfect casting! You can really see and feel that the actors have great chemistry both in and out of their characters.","id":"5dc3993d470ead00138cf1ec","url":"https://www.themoviedb.org/review/5dc3993d470ead00138cf1ec"},{"author":"JessieCollins","content":"Wonderful movie to watch if you want to be entertained and not think about the plot too much.","id":"5dc56e556f8d950013c2d977","url":"https://www.themoviedb.org/review/5dc56e556f8d950013c2d977"},{"author":"John Smith","content":"When you have a bunch of flashy superheroes fighting supernatural, extraterrestrial villains from another dimension, it can get pretty hard to highlight each of their strengths,  but Marvel pulled it off with this one!","id":"5dc579c56f8d950010c2f5c5","url":"https://www.themoviedb.org/review/5dc579c56f8d950010c2f5c5"},{"author":"Justin Lopez","content":"The Avengers is a dream movie come true for superhero fans with its group of extremely talented actors and epic champions, to create an action- packed movie with hilarious banter laced in between scenes. I love how each of the actors and actresses has portrayed each of the roles they were given.","id":"5e00e8fb75110d0018d85d20","url":"https://www.themoviedb.org/review/5e00e8fb75110d0018d85d20"},{"author":"1RobertJohnson1","content":"I tried my best to avoid getting carried away by the hype of this movie because nowadays most of the movies that are too much hyped end up just being disappointments but I'm glad to say that I WAS NOT DISAPPOINTED when this came out.","id":"5e00ee5565686e0013987f15","url":"https://www.themoviedb.org/review/5e00ee5565686e0013987f15"},{"author":"MichaelWilliams","content":"One word for this movie: AWESOME. It’s an amazing film and has everything a superhero fanboy hoped for and more.","id":"5e0102250284200014af5898","url":"https://www.themoviedb.org/review/5e0102250284200014af5898"},{"author":"WilliamJones","content":"One of the many things I loved in this film was the conflict between Iron Man and Captain America for leadership and how the two differ in their approach. A very unique way of building a team of superheroes.","id":"5e011ac665686e0018983449","url":"https://www.themoviedb.org/review/5e011ac665686e0018983449"},{"author":"DavidBrown1","content":"The cast really delivered. Sure they were playing the roles of superheroes but you can really see and feel a deeper level of emotions in their performance.","id":"5e02862b26dac10012674852","url":"https://www.themoviedb.org/review/5e02862b26dac10012674852"},{"author":"JosephWilson","content":"Kudos to the fight choreographers who designed all the action sequences for this movie. They really did a good one!","id":"5e08f6e5a1c59d0018aac032","url":"https://www.themoviedb.org/review/5e08f6e5a1c59d0018aac032"},{"author":"richardmiller","content":"If you haven't seen this film yet, do yourself a favor and remain unspoiled. This is one of the movies that need to be savored.","id":"5e091b9d5ff34e0013b9ce5f","url":"https://www.themoviedb.org/review/5e091b9d5ff34e0013b9ce5f"},{"author":"ThomasMoore","content":"Good fighting sequences but camerawork feels too crazy and made it quite difficult to fully enjoy the great choreography.","id":"5e09b284383df20018b90384","url":"https://www.themoviedb.org/review/5e09b284383df20018b90384"}],"total_pages":2,"total_results":40},"lists":{"page":1,"results":[{"description":"","favorite_count":0,"id":16626,"item_count":258,"iso_639_1":"en","list_type":"movie","name":"Watchlist","poster_path":null},{"description":"","favorite_count":0,"id":85047,"item_count":574,"iso_639_1":"es","list_type":"movie","name":"Pelis Vistas","poster_path":null},{"description":"","favorite_count":0,"id":114756,"item_count":158,"iso_639_1":"id","list_type":"movie","name":"Trending this Week","poster_path":null},{"description":"","favorite_count":0,"id":128658,"item_count":35,"iso_639_1":"en","list_type":"movie","name":"MARVEL Cinematic Universe","poster_path":null},{"description":"","favorite_count":0,"id":128655,"item_count":200,"iso_639_1":"en","list_type":"movie","name":"Recommendations","poster_path":null},{"description":"","favorite_count":0,"id":134725,"item_count":429,"iso_639_1":"en","list_type":"movie","name":"Watched Movies","poster_path":null},{"description":"","favorite_count":0,"id":113387,"item_count":728,"iso_639_1":"en","list_type":"movie","name":"Watched","poster_path":null},{"description":"Peliculas que ya he visto","favorite_count":0,"id":88225,"item_count":1034,"iso_639_1":"es","list_type":"movie","name":"Peliculas Vistas","poster_path":null},{"description":"watched movies","favorite_count":0,"id":44662,"item_count":1604,"iso_639_1":"ar","list_type":"movie","name":"Watched","poster_path":null},{"description":"Movies I have seen!","favorite_count":0,"id":35362,"item_count":2746,"iso_639_1":"en","list_type":"movie","name":"All My Movies","poster_path":null},{"description":"","favorite_count":0,"id":105919,"item_count":811,"iso_639_1":"es","list_type":"movie","name":"Películas Vistas","poster_path":null},{"description":"","favorite_count":0,"id":129146,"item_count":313,"iso_639_1":"en","list_type":"movie","name":"My Movies","poster_path":null},{"description":"Películas que ya he visto. \n\n","favorite_count":0,"id":12553,"item_count":1595,"iso_639_1":"es","list_type":"movie","name":"Películas vistas","poster_path":null},{"description":"Master List In Progress","favorite_count":0,"id":51108,"item_count":7294,"iso_639_1":"en","list_type":"movie","name":"My Movies","poster_path":null},{"description":"Development test","favorite_count":0,"id":95533,"item_count":981,"iso_639_1":"nl","list_type":"movie","name":"Nas","poster_path":null},{"description":"","favorite_count":0,"id":116114,"item_count":413,"iso_639_1":"en","list_type":"movie","name":"Shit I've Seen","poster_path":null},{"description":"Action packed movies!","favorite_count":0,"id":109603,"item_count":235,"iso_639_1":"en","list_type":"movie","name":"Action","poster_path":null},{"description":"ا","favorite_count":0,"id":131230,"item_count":1567,"iso_639_1":"ar","list_type":"movie","name":"أنا","poster_path":null},{"description":"","favorite_count":0,"id":24413,"item_count":604,"iso_639_1":"zh","list_type":"movie","name":"电影","poster_path":null},{"description":"","favorite_count":0,"id":96924,"item_count":1163,"iso_639_1":"es","list_type":"movie","name":"Vistas","poster_path":null}],"total_pages":99,"total_results":1977},"keywords":{"keywords":[{"id":242,"name":"new york city"},{"id":5539,"name":"shield"},{"id":9715,"name":"superhero"},{"id":9717,"name":"based on comic"},{"id":14909,"name":"alien invasion"},{"id":155030,"name":"superhero team"},{"id":179430,"name":"aftercreditsstinger"},{"id":179431,"name":"duringcreditsstinger"},{"id":180547,"name":"marvel cinematic universe"}]}}
<-- END HTTP (167420-byte, 53193-gzipped-byte body)
]]></system-out>
  </testcase>
  <testcase name="test_lists" classname="com.uwetrottmann.tmdb2.services.MoviesServiceTest" time="0.038"/>
  <testcase name="test_translations" classname="com.uwetrottmann.tmdb2.services.MoviesServiceTest" time="0.425"/>
  <testcase name="test_topRated" classname="com.uwetrottmann.tmdb2.services.MoviesServiceTest" time="0.153"/>
</testsuite>