<?xml version="1.0" encoding="UTF-8"?>
<testsuite xmlns:xsi="http://www.w3.org/2001/XMLSchema-instance" xsi:noNamespaceSchemaLocation="https://maven.apache.org/surefire/maven-surefire-plugin/xsd/surefire-test-report.xsd" name="com.uwetrottmann.tmdb2.services.GuestSessionTest" time="0.198" tests="6" errors="0" skipped="0" failures="0">
  <properties>
[...]
</properties>
  <testcase name="test_rated_tvEpisodes" classname="com.uwetrottmann.tmdb2.services.GuestSessionTest" time="0.003"/>
  <testcase name="test_rated_movies" classname="com.uwetrottmann.tmdb2.services.GuestSessionTest" time="0.01"/>
  <testcase name="test_modify_rating_tvShow" classname="com.uwetrottmann.tmdb2.services.GuestSessionTest" time="0.012"/>
  <testcase name="test_rated_tvShows" classname="com.uwetrottmann.tmdb2.services.GuestSessionTest" time="0.004"/>
  <testcase name="test_modify_rating_tvEpisode" classname="com.uwetrottmann.tmdb2.services.GuestSessionTest" time="0.01"/>
  <testcase name="test_modify_rating_movie" classname="com.uwetrottmann.tmdb2.services.GuestSessionTest" time="0.006"/>
</testsuite>